ERROR - 2023-05-26 01:02:30 --> Could not find the language line "scheduling title scheduling_list"
ERROR - 2023-05-26 01:02:30 --> Could not find the language line "users title user_delete"
ERROR - 2023-05-26 01:02:30 --> Could not find the language line "users msg delete_confirm"
ERROR - 2023-05-26 01:02:40 --> Could not find the language line "scheduling title scheduling_list"
ERROR - 2023-05-26 01:03:04 --> Could not find the language line "employee title employee_delete"
ERROR - 2023-05-26 01:03:04 --> Could not find the language line "employee title employee_delete"
ERROR - 2023-05-26 01:03:04 --> Could not find the language line "employee title employee_delete"
ERROR - 2023-05-26 01:03:09 --> Could not find the language line "employee title user_edit"
ERROR - 2023-05-26 01:03:15 --> Could not find the language line "employee msg edit_employee_success"
ERROR - 2023-05-26 01:03:15 --> Could not find the language line "employee title employee_list"
ERROR - 2023-05-26 01:03:15 --> Could not find the language line "employee title employee_delete"
ERROR - 2023-05-26 01:03:15 --> Could not find the language line "employee title employee_delete"
ERROR - 2023-05-26 01:03:15 --> Could not find the language line "employee title employee_delete"
ERROR - 2023-05-26 01:03:15 --> Could not find the language line "employee title employee_delete"
ERROR - 2023-05-26 01:03:32 --> Could not find the language line "employee title employee_list"
ERROR - 2023-05-26 01:03:32 --> Could not find the language line "employee title employee_delete"
ERROR - 2023-05-26 01:03:32 --> Could not find the language line "employee title employee_delete"
ERROR - 2023-05-26 01:03:32 --> Could not find the language line "employee title employee_delete"
ERROR - 2023-05-26 01:03:32 --> Could not find the language line "employee title employee_delete"
ERROR - 2023-05-26 02:07:29 --> Could not find the language line "employee title employee_delete"
ERROR - 2023-05-26 02:07:29 --> Could not find the language line "employee title employee_delete"
ERROR - 2023-05-26 02:07:33 --> Could not find the language line "scheduling title scheduling_list"
ERROR - 2023-05-26 02:07:33 --> Could not find the language line "users title user_delete"
ERROR - 2023-05-26 02:07:33 --> Could not find the language line "users msg delete_confirm"
ERROR - 2023-05-26 02:07:36 --> Could not find the language line "scheduling title scheduling_list"
ERROR - 2023-05-26 02:07:39 --> Could not find the language line "scheduling title scheduling_list"
ERROR - 2023-05-26 02:07:39 --> Could not find the language line "users title user_delete"
ERROR - 2023-05-26 02:07:39 --> Could not find the language line "users msg delete_confirm"
ERROR - 2023-05-26 02:07:41 --> Could not find the language line "employee title employee_delete"
ERROR - 2023-05-26 02:07:41 --> Could not find the language line "employee title employee_delete"
ERROR - 2023-05-26 02:07:43 --> Could not find the language line "scheduling title scheduling_list"
ERROR - 2023-05-26 02:07:46 --> Could not find the language line "employee title employee_delete"
ERROR - 2023-05-26 02:07:46 --> Could not find the language line "employee title employee_delete"
ERROR - 2023-05-26 02:07:48 --> Could not find the language line "scheduling title scheduling_list"
ERROR - 2023-05-26 02:07:48 --> Could not find the language line "users title user_delete"
ERROR - 2023-05-26 02:07:48 --> Could not find the language line "users msg delete_confirm"
ERROR - 2023-05-26 02:07:51 --> Could not find the language line "scheduling title scheduling_list"
ERROR - 2023-05-26 02:08:43 --> Could not find the language line "scheduling title scheduling_list"
ERROR - 2023-05-26 02:08:43 --> Could not find the language line "users title user_delete"
ERROR - 2023-05-26 02:08:43 --> Could not find the language line "users msg delete_confirm"
ERROR - 2023-05-26 02:08:52 --> Could not find the language line "scheduling title scheduling_list"
ERROR - 2023-05-26 02:08:55 --> Could not find the language line "scheduling title scheduling_list"
ERROR - 2023-05-26 02:08:55 --> Could not find the language line "users title user_delete"
ERROR - 2023-05-26 02:08:55 --> Could not find the language line "users msg delete_confirm"
ERROR - 2023-05-26 02:09:11 --> Could not find the language line "employee title employee_delete"
ERROR - 2023-05-26 02:09:11 --> Could not find the language line "employee title employee_delete"
ERROR - 2023-05-26 02:09:14 --> Could not find the language line "scheduling title scheduling_list"
ERROR - 2023-05-26 02:09:14 --> Could not find the language line "users title user_delete"
ERROR - 2023-05-26 02:09:14 --> Could not find the language line "users msg delete_confirm"
ERROR - 2023-05-26 02:14:13 --> Could not find the language line "employee title employee_list"
ERROR - 2023-05-26 02:14:13 --> Could not find the language line "employee title employee_delete"
ERROR - 2023-05-26 02:14:13 --> Could not find the language line "employee title employee_delete"
ERROR - 2023-05-26 02:14:13 --> Could not find the language line "employee title employee_delete"
ERROR - 2023-05-26 02:14:13 --> Could not find the language line "employee title employee_delete"
ERROR - 2023-05-26 02:14:16 --> Could not find the language line "scheduling title scheduling_list"
ERROR - 2023-05-26 02:14:21 --> Could not find the language line "employee title employee_list"
ERROR - 2023-05-26 02:14:21 --> Could not find the language line "employee title employee_delete"
ERROR - 2023-05-26 02:14:21 --> Could not find the language line "employee title employee_delete"
ERROR - 2023-05-26 02:14:21 --> Could not find the language line "employee title employee_delete"
ERROR - 2023-05-26 02:14:21 --> Could not find the language line "employee title employee_delete"
ERROR - 2023-05-26 02:14:24 --> Could not find the language line "scheduling title scheduling_list"
ERROR - 2023-05-26 02:14:24 --> Could not find the language line "users title user_delete"
ERROR - 2023-05-26 02:15:07 --> Could not find the language line "scheduling title scheduling_list"
ERROR - 2023-05-26 02:15:07 --> Could not find the language line "users title user_delete"
ERROR - 2023-05-26 02:15:13 --> Could not find the language line "employee title employee_delete"
ERROR - 2023-05-26 02:15:13 --> Could not find the language line "employee title employee_delete"
ERROR - 2023-05-26 02:15:25 --> Could not find the language line "scheduling title scheduling_list"
ERROR - 2023-05-26 02:15:25 --> Could not find the language line "users title user_delete"
ERROR - 2023-05-26 02:15:34 --> Could not find the language line "scheduling title scheduling_list"
ERROR - 2023-05-26 02:15:34 --> Could not find the language line "users title user_delete"
ERROR - 2023-05-26 02:17:05 --> Query error: You have an error in your SQL syntax; check the manual that corresponds to your MySQL server version for the right syntax to use near 'WHERE id = '1'
            LIMIT 1' at line 3 - Invalid query: 
            SELECT id
            FROM 
            WHERE id = '1'
            LIMIT 1
        
ERROR - 2023-05-26 02:17:17 --> Could not find the language line "scheduling title scheduling_list"
ERROR - 2023-05-26 02:17:17 --> Could not find the language line "users title user_delete"
ERROR - 2023-05-26 02:17:19 --> Query error: You have an error in your SQL syntax; check the manual that corresponds to your MySQL server version for the right syntax to use near 'WHERE id = '1'
            LIMIT 1' at line 3 - Invalid query: 
            SELECT id
            FROM 
            WHERE id = '1'
            LIMIT 1
        
ERROR - 2023-05-26 02:17:23 --> Could not find the language line "scheduling title scheduling_list"
ERROR - 2023-05-26 02:17:23 --> Could not find the language line "users title user_delete"
ERROR - 2023-05-26 02:17:55 --> Could not find the language line "employee title employee_delete"
ERROR - 2023-05-26 02:17:55 --> Could not find the language line "employee title employee_delete"
ERROR - 2023-05-26 02:17:59 --> Could not find the language line "employee title employee_list"
ERROR - 2023-05-26 02:17:59 --> Could not find the language line "employee title employee_delete"
ERROR - 2023-05-26 02:17:59 --> Could not find the language line "employee title employee_delete"
ERROR - 2023-05-26 02:17:59 --> Could not find the language line "employee title employee_delete"
ERROR - 2023-05-26 02:17:59 --> Could not find the language line "employee title employee_delete"
ERROR - 2023-05-26 02:18:01 --> Could not find the language line "employee title user_add"
ERROR - 2023-05-26 02:20:58 --> Could not find the language line "employee title employee_list"
ERROR - 2023-05-26 02:20:58 --> Could not find the language line "employee title employee_delete"
ERROR - 2023-05-26 02:20:58 --> Could not find the language line "employee title employee_delete"
ERROR - 2023-05-26 02:20:58 --> Could not find the language line "employee title employee_delete"
ERROR - 2023-05-26 02:20:58 --> Could not find the language line "employee title employee_delete"
ERROR - 2023-05-26 02:21:04 --> Could not find the language line "scheduling title scheduling_list"
ERROR - 2023-05-26 02:21:04 --> Could not find the language line "users title user_delete"
ERROR - 2023-05-26 02:21:08 --> Could not find the language line "employee title employee_list"
ERROR - 2023-05-26 02:21:08 --> Could not find the language line "employee title employee_delete"
ERROR - 2023-05-26 02:21:08 --> Could not find the language line "employee title employee_delete"
ERROR - 2023-05-26 02:21:08 --> Could not find the language line "employee title employee_delete"
ERROR - 2023-05-26 02:21:08 --> Could not find the language line "employee title employee_delete"
ERROR - 2023-05-26 02:21:12 --> Could not find the language line "scheduling title scheduling_list"
ERROR - 2023-05-26 02:21:14 --> Query error: You have an error in your SQL syntax; check the manual that corresponds to your MySQL server version for the right syntax to use near 'WHERE id = '8'
            LIMIT 1' at line 3 - Invalid query: 
            SELECT id
            FROM 
            WHERE id = '8'
            LIMIT 1
        
ERROR - 2023-05-26 02:23:24 --> Could not find the language line "scheduling title scheduling_list"
ERROR - 2023-05-26 02:23:32 --> Could not find the language line "scheduling title scheduling_list"
ERROR - 2023-05-26 02:23:35 --> Could not find the language line "employee title employee_list"
ERROR - 2023-05-26 02:23:35 --> Could not find the language line "employee title employee_delete"
ERROR - 2023-05-26 02:23:35 --> Could not find the language line "employee title employee_delete"
ERROR - 2023-05-26 02:23:35 --> Could not find the language line "employee title employee_delete"
ERROR - 2023-05-26 02:23:35 --> Could not find the language line "employee title employee_delete"
ERROR - 2023-05-26 02:23:38 --> Could not find the language line "scheduling title scheduling_list"
ERROR - 2023-05-26 02:23:38 --> Could not find the language line "users title user_delete"
ERROR - 2023-05-26 02:23:42 --> Could not find the language line "employee title employee_list"
ERROR - 2023-05-26 02:23:42 --> Could not find the language line "employee title employee_delete"
ERROR - 2023-05-26 02:23:42 --> Could not find the language line "employee title employee_delete"
ERROR - 2023-05-26 02:23:42 --> Could not find the language line "employee title employee_delete"
ERROR - 2023-05-26 02:23:42 --> Could not find the language line "employee title employee_delete"
ERROR - 2023-05-26 02:23:47 --> Could not find the language line "scheduling title scheduling_list"
ERROR - 2023-05-26 02:23:57 --> Could not find the language line "scheduling title scheduling_list"
ERROR - 2023-05-26 02:24:54 --> Could not find the language line "employee title employee_list"
ERROR - 2023-05-26 02:24:54 --> Could not find the language line "employee title employee_delete"
ERROR - 2023-05-26 02:24:54 --> Could not find the language line "employee title employee_delete"
ERROR - 2023-05-26 02:24:54 --> Could not find the language line "employee title employee_delete"
ERROR - 2023-05-26 02:24:54 --> Could not find the language line "employee title employee_delete"
ERROR - 2023-05-26 02:24:57 --> Could not find the language line "scheduling title scheduling_list"
ERROR - 2023-05-26 02:25:00 --> Could not find the language line "scheduling title period_add"
ERROR - 2023-05-26 02:25:00 --> Could not find the language line "contact input created"
ERROR - 2023-05-26 02:25:00 --> Could not find the language line "contact input created"
ERROR - 2023-05-26 02:25:08 --> Could not find the language line "scheduling msg add_scheduling_success"
ERROR - 2023-05-26 02:25:09 --> Could not find the language line "scheduling title scheduling_list"
ERROR - 2023-05-26 02:25:09 --> Could not find the language line "users title user_delete"
ERROR - 2023-05-26 02:25:17 --> Could not find the language line "scheduling title scheduling_list"
ERROR - 2023-05-26 02:48:00 --> Could not find the language line "employee title employee_list"
ERROR - 2023-05-26 02:48:00 --> Could not find the language line "employee title employee_delete"
ERROR - 2023-05-26 02:48:00 --> Could not find the language line "employee title employee_delete"
ERROR - 2023-05-26 02:48:00 --> Could not find the language line "employee title employee_delete"
ERROR - 2023-05-26 02:48:00 --> Could not find the language line "employee title employee_delete"
ERROR - 2023-05-26 02:48:03 --> Could not find the language line "scheduling title scheduling_list"
ERROR - 2023-05-26 02:48:03 --> Could not find the language line "users title user_delete"
ERROR - 2023-05-26 02:49:00 --> Could not find the language line "scheduling title scheduling_list"
ERROR - 2023-05-26 02:49:00 --> Could not find the language line "users title user_delete"
ERROR - 2023-05-26 02:49:01 --> Could not find the language line "employee title employee_list"
ERROR - 2023-05-26 02:49:01 --> Could not find the language line "employee title employee_delete"
ERROR - 2023-05-26 02:49:01 --> Could not find the language line "employee title employee_delete"
ERROR - 2023-05-26 02:49:01 --> Could not find the language line "employee title employee_delete"
ERROR - 2023-05-26 02:49:01 --> Could not find the language line "employee title employee_delete"
ERROR - 2023-05-26 02:49:04 --> Could not find the language line "scheduling title scheduling_list"
ERROR - 2023-05-26 02:49:04 --> Could not find the language line "users title user_delete"
ERROR - 2023-05-26 02:49:07 --> Severity: error --> Exception: Call to undefined method Scheduling_model::get_scheduling() /Applications/MAMP/htdocs/Clockinout/application/controllers/admin/Scheduling.php 336
ERROR - 2023-05-26 02:51:03 --> Could not find the language line "scheduling title scheduling_list"
ERROR - 2023-05-26 02:51:03 --> Could not find the language line "users title user_delete"
ERROR - 2023-05-26 02:51:07 --> Could not find the language line "employee title employee_list"
ERROR - 2023-05-26 02:51:07 --> Could not find the language line "employee title employee_delete"
ERROR - 2023-05-26 02:51:07 --> Could not find the language line "employee title employee_delete"
ERROR - 2023-05-26 02:51:07 --> Could not find the language line "employee title employee_delete"
ERROR - 2023-05-26 02:51:07 --> Could not find the language line "employee title employee_delete"
ERROR - 2023-05-26 02:51:09 --> Could not find the language line "scheduling title scheduling_list"
ERROR - 2023-05-26 02:51:09 --> Could not find the language line "users title user_delete"
ERROR - 2023-05-26 02:51:12 --> Could not find the language line "scheduling error scheduling_not_exist"
ERROR - 2023-05-26 02:51:17 --> Could not find the language line "scheduling title scheduling_list"
ERROR - 2023-05-26 02:51:17 --> Could not find the language line "users title user_delete"
ERROR - 2023-05-26 02:51:20 --> Could not find the language line "scheduling title scheduling_list"
ERROR - 2023-05-26 02:51:20 --> Could not find the language line "users title user_delete"
ERROR - 2023-05-26 02:51:22 --> Could not find the language line "scheduling title scheduling_list"
ERROR - 2023-05-26 02:51:22 --> Could not find the language line "users title user_delete"
ERROR - 2023-05-26 02:52:36 --> Could not find the language line "scheduling title scheduling_list"
ERROR - 2023-05-26 02:52:36 --> Could not find the language line "users title user_delete"
ERROR - 2023-05-26 03:03:48 --> Could not find the language line "scheduling error scheduling_not_exist"
ERROR - 2023-05-26 03:03:51 --> Could not find the language line "scheduling title scheduling_list"
ERROR - 2023-05-26 03:03:51 --> Could not find the language line "users title user_delete"
ERROR - 2023-05-26 03:05:10 --> Could not find the language line "employee title employee_list"
ERROR - 2023-05-26 03:05:10 --> Could not find the language line "employee title employee_delete"
ERROR - 2023-05-26 03:05:10 --> Could not find the language line "employee title employee_delete"
ERROR - 2023-05-26 03:05:10 --> Could not find the language line "employee title employee_delete"
ERROR - 2023-05-26 03:05:10 --> Could not find the language line "employee title employee_delete"
ERROR - 2023-05-26 03:05:12 --> Could not find the language line "scheduling title scheduling_list"
ERROR - 2023-05-26 03:05:12 --> Could not find the language line "users title user_delete"
ERROR - 2023-05-26 03:05:16 --> Could not find the language line "scheduling msg delete_scheduling"
ERROR - 2023-05-26 03:05:19 --> Could not find the language line "scheduling title scheduling_list"
ERROR - 2023-05-26 03:05:22 --> Could not find the language line "scheduling title period_add"
ERROR - 2023-05-26 03:05:22 --> Could not find the language line "contact input created"
ERROR - 2023-05-26 03:05:22 --> Could not find the language line "contact input created"
ERROR - 2023-05-26 03:05:29 --> Could not find the language line "scheduling msg add_scheduling_success"
ERROR - 2023-05-26 03:05:29 --> Could not find the language line "scheduling title scheduling_list"
ERROR - 2023-05-26 03:05:29 --> Could not find the language line "users title user_delete"
ERROR - 2023-05-26 03:05:32 --> Could not find the language line "scheduling title scheduling_list"
ERROR - 2023-05-26 03:11:11 --> Could not find the language line "scheduling title scheduling_list"
ERROR - 2023-05-26 03:12:26 --> Could not find the language line "scheduling title scheduling_list"
ERROR - 2023-05-26 03:36:12 --> Could not find the language line "employee title employee_list"
ERROR - 2023-05-26 03:36:12 --> Could not find the language line "employee title employee_delete"
ERROR - 2023-05-26 03:36:12 --> Could not find the language line "employee title employee_delete"
ERROR - 2023-05-26 03:36:12 --> Could not find the language line "employee title employee_delete"
ERROR - 2023-05-26 03:36:12 --> Could not find the language line "employee title employee_delete"
ERROR - 2023-05-26 03:40:53 --> Could not find the language line "11"
ERROR - 2023-05-26 03:40:53 --> Could not find the language line "12"
ERROR - 2023-05-26 03:40:53 --> Could not find the language line "1"
ERROR - 2023-05-26 03:40:53 --> Could not find the language line "10"
ERROR - 2023-05-26 03:40:53 --> Could not find the language line "2"
ERROR - 2023-05-26 03:40:53 --> Could not find the language line "9"
ERROR - 2023-05-26 03:40:53 --> Could not find the language line "0"
ERROR - 2023-05-26 03:40:53 --> Could not find the language line "3"
ERROR - 2023-05-26 03:40:53 --> Could not find the language line "8"
ERROR - 2023-05-26 03:40:53 --> Could not find the language line "4"
ERROR - 2023-05-26 03:40:53 --> Could not find the language line "7"
ERROR - 2023-05-26 03:40:53 --> Could not find the language line "6"
ERROR - 2023-05-26 03:40:53 --> Could not find the language line "5"
ERROR - 2023-05-26 03:40:53 --> Could not find the language line "(\w+)"
ERROR - 2023-05-26 03:40:58 --> Could not find the language line "11"
ERROR - 2023-05-26 03:40:58 --> Could not find the language line "12"
ERROR - 2023-05-26 03:40:58 --> Could not find the language line "1"
ERROR - 2023-05-26 03:40:58 --> Could not find the language line "10"
ERROR - 2023-05-26 03:40:58 --> Could not find the language line "2"
ERROR - 2023-05-26 03:40:58 --> Could not find the language line "9"
ERROR - 2023-05-26 03:40:58 --> Could not find the language line "0"
ERROR - 2023-05-26 03:40:58 --> Could not find the language line "3"
ERROR - 2023-05-26 03:40:58 --> Could not find the language line "8"
ERROR - 2023-05-26 03:40:58 --> Could not find the language line "4"
ERROR - 2023-05-26 03:40:58 --> Could not find the language line "7"
ERROR - 2023-05-26 03:40:58 --> Could not find the language line "6"
ERROR - 2023-05-26 03:40:58 --> Could not find the language line "5"
ERROR - 2023-05-26 03:40:58 --> Could not find the language line "(\w+)"
ERROR - 2023-05-26 03:41:06 --> Could not find the language line "11"
ERROR - 2023-05-26 03:41:06 --> Could not find the language line "12"
ERROR - 2023-05-26 03:41:06 --> Could not find the language line "1"
ERROR - 2023-05-26 03:41:06 --> Could not find the language line "10"
ERROR - 2023-05-26 03:41:06 --> Could not find the language line "2"
ERROR - 2023-05-26 03:41:06 --> Could not find the language line "9"
ERROR - 2023-05-26 03:41:06 --> Could not find the language line "0"
ERROR - 2023-05-26 03:41:06 --> Could not find the language line "3"
ERROR - 2023-05-26 03:41:06 --> Could not find the language line "8"
ERROR - 2023-05-26 03:41:06 --> Could not find the language line "4"
ERROR - 2023-05-26 03:41:06 --> Could not find the language line "7"
ERROR - 2023-05-26 03:41:06 --> Could not find the language line "6"
ERROR - 2023-05-26 03:41:06 --> Could not find the language line "5"
ERROR - 2023-05-26 03:41:06 --> Could not find the language line "(\w+)"
ERROR - 2023-05-26 03:42:36 --> Could not find the language line "employee title employee_list"
ERROR - 2023-05-26 03:42:36 --> Could not find the language line "employee title employee_delete"
ERROR - 2023-05-26 03:42:36 --> Could not find the language line "employee title employee_delete"
ERROR - 2023-05-26 03:42:36 --> Could not find the language line "employee title employee_delete"
ERROR - 2023-05-26 03:42:36 --> Could not find the language line "employee title employee_delete"
ERROR - 2023-05-26 03:42:39 --> Could not find the language line "11"
ERROR - 2023-05-26 03:42:39 --> Could not find the language line "12"
ERROR - 2023-05-26 03:42:39 --> Could not find the language line "1"
ERROR - 2023-05-26 03:42:39 --> Could not find the language line "10"
ERROR - 2023-05-26 03:42:39 --> Could not find the language line "2"
ERROR - 2023-05-26 03:42:39 --> Could not find the language line "9"
ERROR - 2023-05-26 03:42:39 --> Could not find the language line "0"
ERROR - 2023-05-26 03:42:39 --> Could not find the language line "3"
ERROR - 2023-05-26 03:42:39 --> Could not find the language line "8"
ERROR - 2023-05-26 03:42:39 --> Could not find the language line "4"
ERROR - 2023-05-26 03:42:39 --> Could not find the language line "7"
ERROR - 2023-05-26 03:42:39 --> Could not find the language line "6"
ERROR - 2023-05-26 03:42:39 --> Could not find the language line "5"
ERROR - 2023-05-26 03:42:39 --> Could not find the language line "(\w+)"
ERROR - 2023-05-26 03:50:39 --> Could not find the language line "employee title employee_list"
ERROR - 2023-05-26 03:50:39 --> Could not find the language line "employee title employee_delete"
ERROR - 2023-05-26 03:50:39 --> Could not find the language line "employee title employee_delete"
ERROR - 2023-05-26 03:50:39 --> Could not find the language line "employee title employee_delete"
ERROR - 2023-05-26 03:50:39 --> Could not find the language line "employee title employee_delete"
ERROR - 2023-05-26 03:54:20 --> Could not find the language line "restaurants title user_add"
ERROR - 2023-05-26 03:54:52 --> Could not find the language line "restaurants title user_add"
ERROR - 2023-05-26 03:55:57 --> Could not find the language line "employee title employee_list"
ERROR - 2023-05-26 03:55:57 --> Could not find the language line "employee title employee_delete"
ERROR - 2023-05-26 03:55:57 --> Could not find the language line "employee title employee_delete"
ERROR - 2023-05-26 03:55:57 --> Could not find the language line "employee title employee_delete"
ERROR - 2023-05-26 03:55:57 --> Could not find the language line "employee title employee_delete"
ERROR - 2023-05-26 03:56:00 --> Could not find the language line "scheduling title scheduling_list"
ERROR - 2023-05-26 03:56:00 --> Could not find the language line "users title user_delete"
ERROR - 2023-05-26 03:57:58 --> Could not find the language line "employee title employee_list"
ERROR - 2023-05-26 03:57:58 --> Could not find the language line "employee title employee_delete"
ERROR - 2023-05-26 03:57:58 --> Could not find the language line "employee title employee_delete"
ERROR - 2023-05-26 03:57:58 --> Could not find the language line "employee title employee_delete"
ERROR - 2023-05-26 03:57:58 --> Could not find the language line "employee title employee_delete"
ERROR - 2023-05-26 03:58:01 --> Could not find the language line "scheduling title scheduling_list"
ERROR - 2023-05-26 03:58:01 --> Could not find the language line "users title user_delete"
ERROR - 2023-05-26 03:58:04 --> Could not find the language line "scheduling title scheduling_list"
ERROR - 2023-05-26 04:50:24 --> Severity: Core Warning --> PHP Startup: Unable to load dynamic library 'mbstring' (tried: /Applications/MAMP/bin/php/php7.4.33/lib/php/extensions/no-debug-non-zts-20190902/mbstring (dlopen(/Applications/MAMP/bin/php/php7.4.33/lib/php/extensions/no-debug-non-zts-20190902/mbstring, 9): image not found), /Applications/MAMP/bin/php/php7.4.33/lib/php/extensions/no-debug-non-zts-20190902/mbstring.so (dlopen(/Applications/MAMP/bin/php/php7.4.33/lib/php/extensions/no-debug-non-zts-20190902/mbstring.so, 9): image not found)) Unknown 0
ERROR - 2023-05-26 04:50:31 --> Could not find the language line "restaurants input shift_hour"
ERROR - 2023-05-26 04:50:56 --> Could not find the language line "restaurants input shift_hour"
ERROR - 2023-05-26 04:51:12 --> Could not find the language line "restaurants input shift_hour"
ERROR - 2023-05-26 04:51:59 --> Could not find the language line "restaurants input shift_hour"
ERROR - 2023-05-26 04:52:08 --> Could not find the language line "restaurants input shift_hour"
ERROR - 2023-05-26 04:59:49 --> Could not find the language line "employee title employee_list"
ERROR - 2023-05-26 04:59:49 --> Could not find the language line "employee title employee_delete"
ERROR - 2023-05-26 04:59:49 --> Could not find the language line "employee title employee_delete"
ERROR - 2023-05-26 04:59:49 --> Could not find the language line "employee title employee_delete"
ERROR - 2023-05-26 04:59:49 --> Could not find the language line "employee title employee_delete"
ERROR - 2023-05-26 04:59:53 --> Could not find the language line "scheduling title scheduling_list"
ERROR - 2023-05-26 04:59:53 --> Could not find the language line "users title user_delete"
ERROR - 2023-05-26 04:59:56 --> Could not find the language line "scheduling title scheduling_list"
ERROR - 2023-05-26 05:35:45 --> Could not find the language line "scheduling title scheduling_list"
ERROR - 2023-05-26 08:03:35 --> Could not find the language line "scheduling title scheduling_list"
ERROR - 2023-05-26 08:13:16 --> Could not find the language line "scheduling title scheduling_list"
ERROR - 2023-05-26 08:14:27 --> Could not find the language line "scheduling title scheduling_list"
ERROR - 2023-05-26 08:15:18 --> Could not find the language line "employee title employee_list"
ERROR - 2023-05-26 08:15:18 --> Could not find the language line "employee title employee_delete"
ERROR - 2023-05-26 08:15:18 --> Could not find the language line "employee title employee_delete"
ERROR - 2023-05-26 08:15:18 --> Could not find the language line "employee title employee_delete"
ERROR - 2023-05-26 08:15:18 --> Could not find the language line "employee title employee_delete"
ERROR - 2023-05-26 08:15:22 --> Could not find the language line "scheduling title scheduling_list"
ERROR - 2023-05-26 08:15:22 --> Could not find the language line "users title user_delete"
ERROR - 2023-05-26 08:15:25 --> Could not find the language line "scheduling title scheduling_list"
ERROR - 2023-05-26 08:17:04 --> Could not find the language line "employee title employee_list"
ERROR - 2023-05-26 08:17:04 --> Could not find the language line "employee title employee_delete"
ERROR - 2023-05-26 08:17:04 --> Could not find the language line "employee title employee_delete"
ERROR - 2023-05-26 08:17:04 --> Could not find the language line "employee title employee_delete"
ERROR - 2023-05-26 08:17:04 --> Could not find the language line "employee title employee_delete"
ERROR - 2023-05-26 08:17:07 --> Could not find the language line "scheduling title scheduling_list"
ERROR - 2023-05-26 08:17:07 --> Could not find the language line "users title user_delete"
ERROR - 2023-05-26 08:17:10 --> Could not find the language line "scheduling msg delete_scheduling"
ERROR - 2023-05-26 08:17:14 --> Could not find the language line "scheduling title scheduling_list"
ERROR - 2023-05-26 08:17:18 --> Could not find the language line "employee title employee_list"
ERROR - 2023-05-26 08:17:18 --> Could not find the language line "employee title employee_delete"
ERROR - 2023-05-26 08:17:18 --> Could not find the language line "employee title employee_delete"
ERROR - 2023-05-26 08:17:18 --> Could not find the language line "employee title employee_delete"
ERROR - 2023-05-26 08:17:18 --> Could not find the language line "employee title employee_delete"
ERROR - 2023-05-26 08:17:42 --> Could not find the language line "employee title employee_list"
ERROR - 2023-05-26 08:17:42 --> Could not find the language line "employee title employee_delete"
ERROR - 2023-05-26 08:17:42 --> Could not find the language line "employee title employee_delete"
ERROR - 2023-05-26 08:17:42 --> Could not find the language line "employee title employee_delete"
ERROR - 2023-05-26 08:17:42 --> Could not find the language line "employee title employee_delete"
ERROR - 2023-05-26 08:17:46 --> Could not find the language line "scheduling title scheduling_list"
ERROR - 2023-05-26 08:17:53 --> Could not find the language line "employee title employee_list"
ERROR - 2023-05-26 08:17:53 --> Could not find the language line "employee title employee_delete"
ERROR - 2023-05-26 08:17:53 --> Could not find the language line "employee title employee_delete"
ERROR - 2023-05-26 08:17:53 --> Could not find the language line "employee title employee_delete"
ERROR - 2023-05-26 08:17:53 --> Could not find the language line "employee title employee_delete"
ERROR - 2023-05-26 08:20:35 --> Could not find the language line "scheduling title scheduling_list"
ERROR - 2023-05-26 08:20:38 --> Could not find the language line "scheduling title period_add"
ERROR - 2023-05-26 08:20:38 --> Could not find the language line "contact input created"
ERROR - 2023-05-26 08:20:38 --> Could not find the language line "contact input created"
ERROR - 2023-05-26 08:23:13 --> Could not find the language line "scheduling title period_add"
ERROR - 2023-05-26 08:23:13 --> Could not find the language line "contact input created"
ERROR - 2023-05-26 08:23:13 --> Could not find the language line "contact input created"
ERROR - 2023-05-26 08:23:13 --> Could not find the language line "scheduling input total_hours"
ERROR - 2023-05-26 08:23:39 --> Could not find the language line "scheduling title period_add"
ERROR - 2023-05-26 08:23:39 --> Could not find the language line "contact input created"
ERROR - 2023-05-26 08:23:39 --> Could not find the language line "contact input created"
ERROR - 2023-05-26 08:23:39 --> Could not find the language line "scheduling input total_hours"
ERROR - 2023-05-26 08:23:41 --> Could not find the language line "scheduling title period_add"
ERROR - 2023-05-26 08:23:41 --> Could not find the language line "contact input created"
ERROR - 2023-05-26 08:23:41 --> Could not find the language line "contact input created"
ERROR - 2023-05-26 08:23:41 --> Could not find the language line "scheduling input total_hours"
ERROR - 2023-05-26 08:23:43 --> Could not find the language line "scheduling title period_add"
ERROR - 2023-05-26 08:23:43 --> Could not find the language line "contact input created"
ERROR - 2023-05-26 08:23:43 --> Could not find the language line "contact input created"
ERROR - 2023-05-26 08:23:43 --> Could not find the language line "scheduling input total_hours"
ERROR - 2023-05-26 08:23:45 --> Could not find the language line "employee title employee_list"
ERROR - 2023-05-26 08:23:45 --> Could not find the language line "employee title employee_delete"
ERROR - 2023-05-26 08:23:45 --> Could not find the language line "employee title employee_delete"
ERROR - 2023-05-26 08:23:45 --> Could not find the language line "employee title employee_delete"
ERROR - 2023-05-26 08:23:45 --> Could not find the language line "employee title employee_delete"
ERROR - 2023-05-26 08:23:47 --> Could not find the language line "scheduling title scheduling_list"
ERROR - 2023-05-26 08:23:49 --> Could not find the language line "scheduling title period_add"
ERROR - 2023-05-26 08:23:49 --> Could not find the language line "contact input created"
ERROR - 2023-05-26 08:23:49 --> Could not find the language line "contact input created"
ERROR - 2023-05-26 08:23:49 --> Could not find the language line "scheduling input total_hours"
ERROR - 2023-05-26 08:43:14 --> Could not find the language line "scheduling title period_add"
ERROR - 2023-05-26 08:43:14 --> Could not find the language line "contact input created"
ERROR - 2023-05-26 08:43:14 --> Could not find the language line "contact input created"
ERROR - 2023-05-26 08:43:14 --> Could not find the language line "scheduling input total_hours"
ERROR - 2023-05-26 08:43:58 --> Could not find the language line "scheduling title period_add"
ERROR - 2023-05-26 08:43:58 --> Could not find the language line "contact input created"
ERROR - 2023-05-26 08:43:58 --> Could not find the language line "contact input created"
ERROR - 2023-05-26 08:43:58 --> Could not find the language line "scheduling input total_hours"
ERROR - 2023-05-26 08:44:04 --> Could not find the language line "employee title employee_list"
ERROR - 2023-05-26 08:44:04 --> Could not find the language line "employee title employee_delete"
ERROR - 2023-05-26 08:44:04 --> Could not find the language line "employee title employee_delete"
ERROR - 2023-05-26 08:44:04 --> Could not find the language line "employee title employee_delete"
ERROR - 2023-05-26 08:44:04 --> Could not find the language line "employee title employee_delete"
ERROR - 2023-05-26 08:44:06 --> Could not find the language line "scheduling title scheduling_list"
ERROR - 2023-05-26 08:44:08 --> Could not find the language line "scheduling title period_add"
ERROR - 2023-05-26 08:44:08 --> Could not find the language line "contact input created"
ERROR - 2023-05-26 08:44:08 --> Could not find the language line "contact input created"
ERROR - 2023-05-26 08:44:08 --> Could not find the language line "scheduling input total_hours"
ERROR - 2023-05-26 08:45:06 --> Could not find the language line "scheduling title period_add"
ERROR - 2023-05-26 08:45:06 --> Could not find the language line "contact input created"
ERROR - 2023-05-26 08:45:06 --> Could not find the language line "contact input created"
ERROR - 2023-05-26 08:45:48 --> Could not find the language line "scheduling msg add_scheduling_success"
ERROR - 2023-05-26 08:45:48 --> Could not find the language line "scheduling title scheduling_list"
ERROR - 2023-05-26 08:45:48 --> Could not find the language line "users title user_delete"
ERROR - 2023-05-26 08:46:13 --> Could not find the language line "scheduling title scheduling_list"
ERROR - 2023-05-26 09:11:04 --> Could not find the language line "scheduling title scheduling_list"
ERROR - 2023-05-26 09:11:06 --> Could not find the language line "scheduling title scheduling_list"
ERROR - 2023-05-26 09:11:06 --> Could not find the language line "users title user_delete"
ERROR - 2023-05-26 09:11:09 --> Could not find the language line "scheduling title scheduling_list"
ERROR - 2023-05-26 09:11:11 --> Could not find the language line "scheduling title scheduling_list"
ERROR - 2023-05-26 09:11:11 --> Could not find the language line "users title user_delete"
ERROR - 2023-05-26 09:11:12 --> Could not find the language line "scheduling title scheduling_list"
ERROR - 2023-05-26 16:01:24 --> Severity: error --> Exception: syntax error, unexpected '}' /Applications/MAMP/htdocs/Clockinout/application/controllers/admin/Scheduling.php 226
ERROR - 2023-05-26 16:01:26 --> Severity: error --> Exception: syntax error, unexpected '}' /Applications/MAMP/htdocs/Clockinout/application/controllers/admin/Scheduling.php 226
ERROR - 2023-05-26 16:01:33 --> Severity: error --> Exception: syntax error, unexpected '}' /Applications/MAMP/htdocs/Clockinout/application/controllers/admin/Scheduling.php 226
ERROR - 2023-05-26 16:01:35 --> Severity: error --> Exception: syntax error, unexpected '}' /Applications/MAMP/htdocs/Clockinout/application/controllers/admin/Scheduling.php 226
ERROR - 2023-05-26 17:01:36 --> Severity: Core Warning --> PHP Startup: Unable to load dynamic library 'mbstring' (tried: /Applications/MAMP/bin/php/php7.4.33/lib/php/extensions/no-debug-non-zts-20190902/mbstring (dlopen(/Applications/MAMP/bin/php/php7.4.33/lib/php/extensions/no-debug-non-zts-20190902/mbstring, 9): image not found), /Applications/MAMP/bin/php/php7.4.33/lib/php/extensions/no-debug-non-zts-20190902/mbstring.so (dlopen(/Applications/MAMP/bin/php/php7.4.33/lib/php/extensions/no-debug-non-zts-20190902/mbstring.so, 9): image not found)) Unknown 0
ERROR - 2023-05-26 17:01:42 --> Could not find the language line "employee title employee_list"
ERROR - 2023-05-26 17:01:42 --> Could not find the language line "employee title employee_delete"
ERROR - 2023-05-26 17:01:42 --> Could not find the language line "employee title employee_delete"
ERROR - 2023-05-26 17:01:42 --> Could not find the language line "employee title employee_delete"
ERROR - 2023-05-26 17:01:42 --> Could not find the language line "employee title employee_delete"
ERROR - 2023-05-26 16:01:46 --> Severity: error --> Exception: syntax error, unexpected '}' /Applications/MAMP/htdocs/Clockinout/application/controllers/admin/Scheduling.php 226
ERROR - 2023-05-26 17:01:58 --> Could not find the language line "scheduling title scheduling_list"
ERROR - 2023-05-26 17:01:58 --> Could not find the language line "users title user_delete"
ERROR - 2023-05-26 17:02:03 --> Could not find the language line "scheduling title scheduling_list"
ERROR - 2023-05-26 17:02:05 --> Could not find the language line "scheduling title scheduling_list"
ERROR - 2023-05-26 17:15:59 --> Could not find the language line "employee title employee_delete"
ERROR - 2023-05-26 17:15:59 --> Could not find the language line "employee title employee_delete"
ERROR - 2023-05-26 17:16:02 --> Could not find the language line "scheduling title scheduling_list"
ERROR - 2023-05-26 17:16:02 --> Could not find the language line "users title user_delete"
ERROR - 2023-05-26 17:16:06 --> Could not find the language line "scheduling title scheduling_list"
ERROR - 2023-05-26 17:17:07 --> Could not find the language line "scheduling title scheduling_list"
ERROR - 2023-05-26 17:17:16 --> Could not find the language line "scheduling title scheduling_list"
ERROR - 2023-05-26 17:17:18 --> Could not find the language line "scheduling title scheduling_list"
ERROR - 2023-05-26 17:17:18 --> Could not find the language line "users title user_delete"
ERROR - 2023-05-26 17:17:22 --> Could not find the language line "scheduling title scheduling_list"
ERROR - 2023-05-26 17:17:22 --> Could not find the language line "users title user_delete"
ERROR - 2023-05-26 17:17:25 --> Could not find the language line "scheduling title scheduling_list"
ERROR - 2023-05-26 17:17:32 --> Could not find the language line "scheduling title scheduling_list"
ERROR - 2023-05-26 17:18:26 --> Could not find the language line "scheduling title scheduling_list"
