ERROR - 2023-05-28 02:51:47 --> Severity: Core Warning --> PHP Startup: Unable to load dynamic library 'mbstring' (tried: /Applications/MAMP/bin/php/php7.4.33/lib/php/extensions/no-debug-non-zts-20190902/mbstring (dlopen(/Applications/MAMP/bin/php/php7.4.33/lib/php/extensions/no-debug-non-zts-20190902/mbstring, 9): image not found), /Applications/MAMP/bin/php/php7.4.33/lib/php/extensions/no-debug-non-zts-20190902/mbstring.so (dlopen(/Applications/MAMP/bin/php/php7.4.33/lib/php/extensions/no-debug-non-zts-20190902/mbstring.so, 9): image not found)) Unknown 0
ERROR - 2023-05-28 02:51:50 --> Could not find the language line "employee title employee_list"
ERROR - 2023-05-28 02:51:50 --> Could not find the language line "employee title employee_delete"
ERROR - 2023-05-28 02:51:50 --> Could not find the language line "employee title employee_delete"
ERROR - 2023-05-28 02:51:50 --> Could not find the language line "employee title employee_delete"
ERROR - 2023-05-28 02:51:50 --> Could not find the language line "employee title employee_delete"
ERROR - 2023-05-28 02:51:54 --> Could not find the language line "scheduling title scheduling_list"
ERROR - 2023-05-28 02:51:54 --> Severity: Core Warning --> PHP Startup: Unable to load dynamic library 'mbstring' (tried: /Applications/MAMP/bin/php/php7.4.33/lib/php/extensions/no-debug-non-zts-20190902/mbstring (dlopen(/Applications/MAMP/bin/php/php7.4.33/lib/php/extensions/no-debug-non-zts-20190902/mbstring, 9): image not found), /Applications/MAMP/bin/php/php7.4.33/lib/php/extensions/no-debug-non-zts-20190902/mbstring.so (dlopen(/Applications/MAMP/bin/php/php7.4.33/lib/php/extensions/no-debug-non-zts-20190902/mbstring.so, 9): image not found)) Unknown 0
ERROR - 2023-05-28 02:52:02 --> Could not find the language line "scheduling title scheduling_list"
ERROR - 2023-05-28 02:52:06 --> Could not find the language line "employee title employee_list"
ERROR - 2023-05-28 02:52:06 --> Could not find the language line "employee title employee_delete"
ERROR - 2023-05-28 02:52:06 --> Could not find the language line "employee title employee_delete"
ERROR - 2023-05-28 02:52:06 --> Could not find the language line "employee title employee_delete"
ERROR - 2023-05-28 02:52:06 --> Could not find the language line "employee title employee_delete"
ERROR - 2023-05-28 02:52:09 --> Could not find the language line "scheduling title scheduling_list"
ERROR - 2023-05-28 02:52:13 --> Could not find the language line "scheduling title period_add"
ERROR - 2023-05-28 02:52:13 --> Could not find the language line "contact input created"
ERROR - 2023-05-28 02:52:13 --> Could not find the language line "contact input created"
ERROR - 2023-05-28 02:52:35 --> Could not find the language line "scheduling msg add_scheduling_success"
ERROR - 2023-05-28 02:52:35 --> Could not find the language line "scheduling title scheduling_list"
ERROR - 2023-05-28 02:52:35 --> Could not find the language line "users title user_delete"
ERROR - 2023-05-28 02:52:41 --> Could not find the language line "scheduling title scheduling_list"
ERROR - 2023-05-28 02:52:41 --> Severity: Warning --> Invalid argument supplied for foreach() /Applications/MAMP/htdocs/Clockinout/application/views/admin/scheduling/form_day_off.php 22
ERROR - 2023-05-28 15:53:27 --> Could not find the language line "employee title employee_list"
ERROR - 2023-05-28 15:53:27 --> Could not find the language line "employee title employee_delete"
ERROR - 2023-05-28 15:53:27 --> Could not find the language line "employee title employee_delete"
ERROR - 2023-05-28 15:53:27 --> Could not find the language line "employee title employee_delete"
ERROR - 2023-05-28 15:53:27 --> Could not find the language line "employee title employee_delete"
ERROR - 2023-05-28 15:53:29 --> Could not find the language line "scheduling title scheduling_list"
ERROR - 2023-05-28 15:53:29 --> Could not find the language line "users title user_delete"
ERROR - 2023-05-28 15:53:32 --> Could not find the language line "scheduling title scheduling_list"
ERROR - 2023-05-28 15:53:32 --> Severity: Warning --> Invalid argument supplied for foreach() /Applications/MAMP/htdocs/Clockinout/application/views/admin/scheduling/form_day_off.php 22
ERROR - 2023-05-28 15:57:51 --> Could not find the language line "employee title employee_list"
ERROR - 2023-05-28 15:57:51 --> Could not find the language line "employee title employee_delete"
ERROR - 2023-05-28 15:57:51 --> Could not find the language line "employee title employee_delete"
ERROR - 2023-05-28 15:57:51 --> Could not find the language line "employee title employee_delete"
ERROR - 2023-05-28 15:57:51 --> Could not find the language line "employee title employee_delete"
ERROR - 2023-05-28 15:57:55 --> Could not find the language line "scheduling title scheduling_list"
ERROR - 2023-05-28 15:57:55 --> Could not find the language line "users title user_delete"
ERROR - 2023-05-28 15:59:37 --> Could not find the language line "scheduling title scheduling_list"
ERROR - 2023-05-28 15:59:37 --> Severity: Core Warning --> PHP Startup: Unable to load dynamic library 'mbstring' (tried: /Applications/MAMP/bin/php/php7.4.33/lib/php/extensions/no-debug-non-zts-20190902/mbstring (dlopen(/Applications/MAMP/bin/php/php7.4.33/lib/php/extensions/no-debug-non-zts-20190902/mbstring, 9): image not found), /Applications/MAMP/bin/php/php7.4.33/lib/php/extensions/no-debug-non-zts-20190902/mbstring.so (dlopen(/Applications/MAMP/bin/php/php7.4.33/lib/php/extensions/no-debug-non-zts-20190902/mbstring.so, 9): image not found)) Unknown 0
ERROR - 2023-05-28 15:59:40 --> Could not find the language line "scheduling title scheduling_list"
ERROR - 2023-05-28 15:59:51 --> Could not find the language line "scheduling title period_add"
ERROR - 2023-05-28 15:59:51 --> Could not find the language line "contact input created"
ERROR - 2023-05-28 15:59:51 --> Could not find the language line "contact input created"
ERROR - 2023-05-28 16:02:17 --> Could not find the language line "scheduling msg add_scheduling_success"
ERROR - 2023-05-28 16:02:17 --> Could not find the language line "scheduling title scheduling_list"
ERROR - 2023-05-28 16:02:17 --> Could not find the language line "users title user_delete"
ERROR - 2023-05-28 16:02:25 --> Could not find the language line "scheduling title scheduling_list"
ERROR - 2023-05-28 16:02:49 --> Severity: error --> Exception: Call to undefined method Employee_model::get() /Applications/MAMP/htdocs/Clockinout/application/controllers/admin/Scheduling.php 269
ERROR - 2023-05-28 16:02:56 --> Could not find the language line "scheduling title scheduling_list"
ERROR - 2023-05-28 16:04:05 --> Severity: error --> Exception: Call to undefined method Restaurants_model::get() /Applications/MAMP/htdocs/Clockinout/application/controllers/admin/Scheduling.php 271
ERROR - 2023-05-28 16:04:07 --> Could not find the language line "scheduling title scheduling_list"
ERROR - 2023-05-28 16:06:12 --> Could not find the language line "scheduling title period_add"
ERROR - 2023-05-28 16:06:12 --> Could not find the language line "contact input created"
ERROR - 2023-05-28 16:06:12 --> Could not find the language line "contact input created"
ERROR - 2023-05-28 16:06:19 --> Could not find the language line "employee title employee_list"
ERROR - 2023-05-28 16:06:19 --> Could not find the language line "employee title employee_delete"
ERROR - 2023-05-28 16:06:19 --> Could not find the language line "employee title employee_delete"
ERROR - 2023-05-28 16:06:19 --> Could not find the language line "employee title employee_delete"
ERROR - 2023-05-28 16:06:19 --> Could not find the language line "employee title employee_delete"
ERROR - 2023-05-28 16:06:21 --> Could not find the language line "scheduling title scheduling_list"
ERROR - 2023-05-28 16:06:21 --> Could not find the language line "users title user_delete"
ERROR - 2023-05-28 16:06:23 --> Could not find the language line "scheduling title scheduling_list"
ERROR - 2023-05-28 16:06:25 --> Severity: error --> Exception: Call to undefined method Restaurants_model::get() /Applications/MAMP/htdocs/Clockinout/application/controllers/admin/Scheduling.php 271
ERROR - 2023-05-28 16:07:04 --> Could not find the language line "scheduling title scheduling_list"
ERROR - 2023-05-28 16:07:09 --> Could not find the language line "employee title employee_list"
ERROR - 2023-05-28 16:07:09 --> Could not find the language line "employee title employee_delete"
ERROR - 2023-05-28 16:07:09 --> Could not find the language line "employee title employee_delete"
ERROR - 2023-05-28 16:07:09 --> Could not find the language line "employee title employee_delete"
ERROR - 2023-05-28 16:07:09 --> Could not find the language line "employee title employee_delete"
ERROR - 2023-05-28 16:07:11 --> Could not find the language line "scheduling title scheduling_list"
ERROR - 2023-05-28 16:07:11 --> Could not find the language line "users title user_delete"
ERROR - 2023-05-28 16:07:16 --> Could not find the language line "scheduling title scheduling_list"
ERROR - 2023-05-28 16:07:18 --> Could not find the language line "scheduling title scheduling_list"
ERROR - 2023-05-28 16:07:23 --> Could not find the language line "scheduling title scheduling_list"
ERROR - 2023-05-28 16:07:29 --> Could not find the language line "scheduling title scheduling_list"
ERROR - 2023-05-28 16:08:04 --> Could not find the language line "scheduling title scheduling_list"
ERROR - 2023-05-28 16:08:06 --> Could not find the language line "scheduling title scheduling_list"
ERROR - 2023-05-28 16:08:34 --> Could not find the language line "employee title employee_list"
ERROR - 2023-05-28 16:08:34 --> Could not find the language line "employee title employee_delete"
ERROR - 2023-05-28 16:08:34 --> Could not find the language line "employee title employee_delete"
ERROR - 2023-05-28 16:08:34 --> Could not find the language line "employee title employee_delete"
ERROR - 2023-05-28 16:08:34 --> Could not find the language line "employee title employee_delete"
ERROR - 2023-05-28 16:08:37 --> Could not find the language line "scheduling title scheduling_list"
ERROR - 2023-05-28 16:08:37 --> Could not find the language line "users title user_delete"
ERROR - 2023-05-28 16:08:47 --> Could not find the language line "scheduling title scheduling_list"
ERROR - 2023-05-28 16:08:49 --> Could not find the language line "scheduling title scheduling_list"
ERROR - 2023-05-28 16:09:00 --> Could not find the language line "scheduling title scheduling_list"
ERROR - 2023-05-28 16:10:19 --> Could not find the language line "scheduling title scheduling_list"
ERROR - 2023-05-28 16:10:21 --> Could not find the language line "scheduling title scheduling_list"
ERROR - 2023-05-28 16:10:24 --> Could not find the language line "scheduling title scheduling_list"
ERROR - 2023-05-28 16:13:37 --> Could not find the language line "scheduling title scheduling_list"
ERROR - 2023-05-28 16:13:42 --> Could not find the language line "scheduling title scheduling_list"
ERROR - 2023-05-28 16:13:43 --> Could not find the language line "scheduling title scheduling_list"
ERROR - 2023-05-28 16:13:44 --> Could not find the language line "scheduling title scheduling_list"
ERROR - 2023-05-28 16:13:45 --> Could not find the language line "scheduling title scheduling_list"
ERROR - 2023-05-28 16:13:45 --> Could not find the language line "scheduling title scheduling_list"
ERROR - 2023-05-28 16:15:13 --> Could not find the language line "scheduling title scheduling_list"
ERROR - 2023-05-28 16:15:34 --> Could not find the language line "scheduling title scheduling_list"
ERROR - 2023-05-28 16:15:50 --> Could not find the language line "scheduling title scheduling_list"
ERROR - 2023-05-28 16:16:14 --> Could not find the language line "scheduling title scheduling_list"
ERROR - 2023-05-28 16:16:39 --> Could not find the language line "scheduling title scheduling_list"
ERROR - 2023-05-28 16:17:04 --> Could not find the language line "scheduling title scheduling_list"
ERROR - 2023-05-28 16:18:12 --> Could not find the language line "scheduling title scheduling_list"
ERROR - 2023-05-28 16:18:43 --> Could not find the language line "scheduling title scheduling_list"
ERROR - 2023-05-28 16:19:26 --> Could not find the language line "scheduling title scheduling_list"
ERROR - 2023-05-28 16:19:56 --> Could not find the language line "scheduling title scheduling_list"
ERROR - 2023-05-28 16:20:00 --> Could not find the language line "scheduling title scheduling_list"
ERROR - 2023-05-28 16:20:14 --> Could not find the language line "scheduling title scheduling_list"
ERROR - 2023-05-28 16:20:35 --> Could not find the language line "scheduling title scheduling_list"
ERROR - 2023-05-28 16:21:00 --> Could not find the language line "scheduling title scheduling_list"
ERROR - 2023-05-28 16:21:04 --> Could not find the language line "scheduling title scheduling_list"
ERROR - 2023-05-28 16:21:10 --> Could not find the language line "scheduling title scheduling_list"
ERROR - 2023-05-28 16:22:26 --> Could not find the language line "scheduling title scheduling_list"
ERROR - 2023-05-28 16:23:29 --> Could not find the language line "scheduling title scheduling_list"
ERROR - 2023-05-28 16:23:48 --> Could not find the language line "scheduling title scheduling_list"
ERROR - 2023-05-28 16:24:20 --> Could not find the language line "scheduling title scheduling_list"
ERROR - 2023-05-28 16:24:44 --> Could not find the language line "scheduling title scheduling_list"
ERROR - 2023-05-28 16:31:02 --> Could not find the language line "scheduling title scheduling_list"
ERROR - 2023-05-28 16:33:06 --> Could not find the language line "scheduling title scheduling_list"
ERROR - 2023-05-28 16:33:07 --> Could not find the language line "scheduling title scheduling_list"
ERROR - 2023-05-28 16:33:08 --> Could not find the language line "scheduling title scheduling_list"
ERROR - 2023-05-28 16:33:08 --> Could not find the language line "scheduling title scheduling_list"
ERROR - 2023-05-28 16:33:09 --> Could not find the language line "scheduling title scheduling_list"
ERROR - 2023-05-28 16:33:10 --> Could not find the language line "scheduling title scheduling_list"
ERROR - 2023-05-28 16:33:10 --> Could not find the language line "scheduling title scheduling_list"
ERROR - 2023-05-28 16:33:11 --> Could not find the language line "scheduling title scheduling_list"
ERROR - 2023-05-28 16:33:46 --> Could not find the language line "scheduling title scheduling_list"
ERROR - 2023-05-28 16:33:49 --> Could not find the language line "scheduling title scheduling_list"
ERROR - 2023-05-28 16:36:38 --> Could not find the language line "employee title employee_list"
ERROR - 2023-05-28 16:36:38 --> Could not find the language line "employee title employee_delete"
ERROR - 2023-05-28 16:36:38 --> Could not find the language line "employee title employee_delete"
ERROR - 2023-05-28 16:36:38 --> Could not find the language line "employee title employee_delete"
ERROR - 2023-05-28 16:36:38 --> Could not find the language line "employee title employee_delete"
ERROR - 2023-05-28 16:36:45 --> Could not find the language line "employee msg delete_employee"
ERROR - 2023-05-28 16:36:45 --> Could not find the language line "employee title employee_list"
ERROR - 2023-05-28 16:36:45 --> Could not find the language line "employee title employee_delete"
ERROR - 2023-05-28 16:36:45 --> Could not find the language line "employee title employee_delete"
ERROR - 2023-05-28 16:36:45 --> Could not find the language line "employee title employee_delete"
ERROR - 2023-05-28 16:36:57 --> Could not find the language line "employee title employee_list"
ERROR - 2023-05-28 16:36:57 --> Could not find the language line "employee title employee_delete"
ERROR - 2023-05-28 16:36:57 --> Could not find the language line "employee title employee_delete"
ERROR - 2023-05-28 16:36:57 --> Could not find the language line "employee title employee_delete"
ERROR - 2023-05-28 16:37:35 --> Could not find the language line "employee title user_add"
ERROR - 2023-05-28 16:37:48 --> Could not find the language line "employee title user_add"
ERROR - 2023-05-28 16:38:07 --> Could not find the language line "employee msg add_employee_success"
ERROR - 2023-05-28 16:38:07 --> Could not find the language line "employee title employee_list"
ERROR - 2023-05-28 16:38:07 --> Could not find the language line "employee title employee_delete"
ERROR - 2023-05-28 16:38:07 --> Could not find the language line "employee title employee_delete"
ERROR - 2023-05-28 16:38:07 --> Could not find the language line "employee title employee_delete"
ERROR - 2023-05-28 16:38:07 --> Could not find the language line "employee title employee_delete"
ERROR - 2023-05-28 16:38:12 --> Could not find the language line "employee msg delete_employee"
ERROR - 2023-05-28 16:38:12 --> Could not find the language line "employee title employee_list"
ERROR - 2023-05-28 16:38:12 --> Could not find the language line "employee title employee_delete"
ERROR - 2023-05-28 16:38:12 --> Could not find the language line "employee title employee_delete"
ERROR - 2023-05-28 16:38:12 --> Could not find the language line "employee title employee_delete"
ERROR - 2023-05-28 16:38:25 --> Could not find the language line "employee title employee_list"
ERROR - 2023-05-28 16:38:25 --> Could not find the language line "employee title employee_delete"
ERROR - 2023-05-28 16:38:25 --> Could not find the language line "employee title employee_delete"
ERROR - 2023-05-28 16:38:25 --> Could not find the language line "employee title employee_delete"
ERROR - 2023-05-28 16:38:27 --> Could not find the language line "employee title employee_list"
ERROR - 2023-05-28 16:38:27 --> Could not find the language line "employee title employee_delete"
ERROR - 2023-05-28 16:38:27 --> Could not find the language line "employee title employee_delete"
ERROR - 2023-05-28 16:38:27 --> Could not find the language line "employee title employee_delete"
ERROR - 2023-05-28 16:39:28 --> Could not find the language line "employee title employee_delete"
ERROR - 2023-05-28 16:39:28 --> Could not find the language line "employee title employee_delete"
ERROR - 2023-05-28 16:39:28 --> Could not find the language line "employee title employee_delete"
ERROR - 2023-05-28 16:39:35 --> Could not find the language line "employee title employee_delete"
ERROR - 2023-05-28 16:39:35 --> Could not find the language line "employee title employee_delete"
ERROR - 2023-05-28 16:39:35 --> Could not find the language line "employee title employee_delete"
ERROR - 2023-05-28 16:39:43 --> Could not find the language line "employee msg delete_employee"
ERROR - 2023-05-28 16:39:43 --> Could not find the language line "employee title employee_list"
ERROR - 2023-05-28 16:39:43 --> Could not find the language line "employee title employee_delete"
ERROR - 2023-05-28 16:39:43 --> Could not find the language line "employee title employee_delete"
ERROR - 2023-05-28 16:39:43 --> Could not find the language line "employee title employee_delete"
ERROR - 2023-05-28 16:39:43 --> Could not find the language line "employee title employee_delete"
ERROR - 2023-05-28 16:39:43 --> Could not find the language line "employee title employee_delete"
ERROR - 2023-05-28 16:41:43 --> Could not find the language line "employee title employee_list"
ERROR - 2023-05-28 16:41:43 --> Could not find the language line "employee title employee_delete"
ERROR - 2023-05-28 16:41:43 --> Could not find the language line "employee title employee_delete"
ERROR - 2023-05-28 16:41:43 --> Could not find the language line "employee title employee_delete"
ERROR - 2023-05-28 16:41:43 --> Could not find the language line "employee title employee_delete"
ERROR - 2023-05-28 16:41:43 --> Could not find the language line "employee title employee_delete"
ERROR - 2023-05-28 16:41:48 --> Could not find the language line "employee msg delete_employee"
ERROR - 2023-05-28 16:41:48 --> Could not find the language line "employee title employee_list"
ERROR - 2023-05-28 16:41:48 --> Could not find the language line "employee title employee_delete"
ERROR - 2023-05-28 16:41:48 --> Could not find the language line "employee title employee_delete"
ERROR - 2023-05-28 16:41:48 --> Could not find the language line "employee title employee_delete"
ERROR - 2023-05-28 16:41:48 --> Could not find the language line "employee title employee_delete"
ERROR - 2023-05-28 16:42:38 --> Could not find the language line "employee title employee_list"
ERROR - 2023-05-28 16:42:38 --> Could not find the language line "employee title employee_delete"
ERROR - 2023-05-28 16:42:38 --> Could not find the language line "employee title employee_delete"
ERROR - 2023-05-28 16:42:38 --> Could not find the language line "employee title employee_delete"
ERROR - 2023-05-28 16:42:38 --> Could not find the language line "employee title employee_delete"
ERROR - 2023-05-28 16:42:43 --> Could not find the language line "employee msg delete_employee"
ERROR - 2023-05-28 16:42:43 --> Could not find the language line "employee title employee_list"
ERROR - 2023-05-28 16:42:43 --> Could not find the language line "employee title employee_delete"
ERROR - 2023-05-28 16:42:43 --> Could not find the language line "employee title employee_delete"
ERROR - 2023-05-28 16:42:43 --> Could not find the language line "employee title employee_delete"
