ERROR - 2023-05-24 06:53:30 --> Severity: error --> Exception: Call to a member function set_header() on null /Applications/MAMP/htdocs/Clockinout/application/controllers/admin/Scheduling.php 16
ERROR - 2023-05-24 08:16:26 --> Severity: error --> Exception: Class 'Date' not found /Applications/MAMP/htdocs/Clockinout/application/controllers/admin/Scheduling.php 226
ERROR - 2023-05-24 08:16:58 --> Severity: error --> Exception: Class 'Date' not found /Applications/MAMP/htdocs/Clockinout/application/controllers/admin/Scheduling.php 226
ERROR - 2023-05-24 08:16:59 --> Severity: error --> Exception: Class 'Date' not found /Applications/MAMP/htdocs/Clockinout/application/controllers/admin/Scheduling.php 226
ERROR - 2023-05-24 08:21:11 --> Severity: error --> Exception: DateInterval::__construct(): Unknown or bad format (P1H) /Applications/MAMP/htdocs/Clockinout/application/controllers/admin/Scheduling.php 229
ERROR - 2023-05-24 08:21:22 --> Severity: error --> Exception: DateInterval::__construct(): Unknown or bad format (P1H) /Applications/MAMP/htdocs/Clockinout/application/controllers/admin/Scheduling.php 229
ERROR - 2023-05-24 08:21:24 --> Severity: error --> Exception: DateInterval::__construct(): Unknown or bad format (P1H) /Applications/MAMP/htdocs/Clockinout/application/controllers/admin/Scheduling.php 229
ERROR - 2023-05-24 08:21:46 --> Severity: error --> Exception: DateInterval::__construct(): Unknown or bad format (P1H) /Applications/MAMP/htdocs/Clockinout/application/controllers/admin/Scheduling.php 229
ERROR - 2023-05-24 08:22:05 --> Severity: error --> Exception: DateInterval::__construct(): Unknown or bad format (P1H) /Applications/MAMP/htdocs/Clockinout/application/controllers/admin/Scheduling.php 229
ERROR - 2023-05-24 08:22:06 --> Severity: error --> Exception: DateInterval::__construct(): Unknown or bad format (P1H) /Applications/MAMP/htdocs/Clockinout/application/controllers/admin/Scheduling.php 229
ERROR - 2023-05-24 08:22:08 --> Severity: error --> Exception: DateInterval::__construct(): Unknown or bad format (P1H) /Applications/MAMP/htdocs/Clockinout/application/controllers/admin/Scheduling.php 229
ERROR - 2023-05-24 08:22:09 --> Severity: error --> Exception: DateInterval::__construct(): Unknown or bad format (P1H) /Applications/MAMP/htdocs/Clockinout/application/controllers/admin/Scheduling.php 229
ERROR - 2023-05-24 08:22:10 --> Severity: error --> Exception: DateInterval::__construct(): Unknown or bad format (P1H) /Applications/MAMP/htdocs/Clockinout/application/controllers/admin/Scheduling.php 229
ERROR - 2023-05-24 08:22:16 --> Unable to write cache file: /Applications/MAMP/htdocs/Clockinout/application/cache/
ERROR - 2023-05-24 08:24:17 --> Unable to write cache file: /Applications/MAMP/htdocs/Clockinout/application/cache/
ERROR - 2023-05-24 08:24:34 --> Unable to write cache file: /Applications/MAMP/htdocs/Clockinout/application/cache/
ERROR - 2023-05-24 08:24:35 --> Unable to write cache file: /Applications/MAMP/htdocs/Clockinout/application/cache/
ERROR - 2023-05-24 08:24:37 --> Unable to write cache file: /Applications/MAMP/htdocs/Clockinout/application/cache/
ERROR - 2023-05-24 08:24:56 --> Unable to write cache file: /Applications/MAMP/htdocs/Clockinout/application/cache/
ERROR - 2023-05-24 08:24:56 --> Severity: Core Warning --> PHP Startup: Unable to load dynamic library 'mbstring' (tried: /Applications/MAMP/bin/php/php7.4.33/lib/php/extensions/no-debug-non-zts-20190902/mbstring (dlopen(/Applications/MAMP/bin/php/php7.4.33/lib/php/extensions/no-debug-non-zts-20190902/mbstring, 9): image not found), /Applications/MAMP/bin/php/php7.4.33/lib/php/extensions/no-debug-non-zts-20190902/mbstring.so (dlopen(/Applications/MAMP/bin/php/php7.4.33/lib/php/extensions/no-debug-non-zts-20190902/mbstring.so, 9): image not found)) Unknown 0
ERROR - 2023-05-24 08:25:13 --> Unable to write cache file: /Applications/MAMP/htdocs/Clockinout/application/cache/
ERROR - 2023-05-24 08:25:16 --> Unable to write cache file: /Applications/MAMP/htdocs/Clockinout/application/cache/
ERROR - 2023-05-24 08:25:20 --> Severity: error --> Exception: Object of class DateTime could not be converted to string /Applications/MAMP/htdocs/Clockinout/application/controllers/admin/Scheduling.php 239
ERROR - 2023-05-24 08:28:39 --> Unable to write cache file: /Applications/MAMP/htdocs/Clockinout/application/cache/
ERROR - 2023-05-24 08:34:31 --> Unable to write cache file: /Applications/MAMP/htdocs/Clockinout/application/cache/
ERROR - 2023-05-24 09:06:12 --> Unable to write cache file: /Applications/MAMP/htdocs/Clockinout/application/cache/
ERROR - 2023-05-24 09:07:20 --> Unable to write cache file: /Applications/MAMP/htdocs/Clockinout/application/cache/
ERROR - 2023-05-24 09:07:22 --> Unable to write cache file: /Applications/MAMP/htdocs/Clockinout/application/cache/
ERROR - 2023-05-24 09:07:24 --> Unable to write cache file: /Applications/MAMP/htdocs/Clockinout/application/cache/
ERROR - 2023-05-24 09:07:46 --> Unable to write cache file: /Applications/MAMP/htdocs/Clockinout/application/cache/
ERROR - 2023-05-24 09:07:47 --> Unable to write cache file: /Applications/MAMP/htdocs/Clockinout/application/cache/
ERROR - 2023-05-24 09:07:48 --> Unable to write cache file: /Applications/MAMP/htdocs/Clockinout/application/cache/
ERROR - 2023-05-24 09:08:46 --> Unable to write cache file: /Applications/MAMP/htdocs/Clockinout/application/cache/
ERROR - 2023-05-24 09:08:48 --> Unable to write cache file: /Applications/MAMP/htdocs/Clockinout/application/cache/
ERROR - 2023-05-24 09:09:52 --> Could not find the language line "scheduling title scheduling_list"
ERROR - 2023-05-24 09:09:52 --> Unable to write cache file: /Applications/MAMP/htdocs/Clockinout/application/cache/
ERROR - 2023-05-24 09:48:46 --> Could not find the language line "scheduling title scheduling_list"
ERROR - 2023-05-24 09:48:46 --> Unable to write cache file: /Applications/MAMP/htdocs/Clockinout/application/cache/
ERROR - 2023-05-24 13:30:43 --> Could not find the language line "users title user_delete"
ERROR - 2023-05-24 13:30:43 --> Could not find the language line "users msg delete_confirm"
ERROR - 2023-05-24 13:30:55 --> Could not find the language line "users title user_delete"
ERROR - 2023-05-24 13:30:55 --> Could not find the language line "users msg delete_confirm"
ERROR - 2023-05-24 13:31:01 --> Could not find the language line "users title user_delete"
ERROR - 2023-05-24 13:31:01 --> Could not find the language line "users msg delete_confirm"
ERROR - 2023-05-24 13:31:03 --> Could not find the language line "employee title employee_list"
ERROR - 2023-05-24 13:31:03 --> Could not find the language line "users title user_delete"
ERROR - 2023-05-24 13:31:03 --> Could not find the language line "users msg delete_confirm"
ERROR - 2023-05-24 13:31:07 --> Could not find the language line "employee title employee_list"
ERROR - 2023-05-24 13:31:07 --> Could not find the language line "users title user_delete"
ERROR - 2023-05-24 13:31:07 --> Could not find the language line "users msg delete_confirm"
ERROR - 2023-05-24 13:31:29 --> Could not find the language line "employee title employee_list"
ERROR - 2023-05-24 13:31:29 --> Could not find the language line "users title user_delete"
ERROR - 2023-05-24 13:31:29 --> Could not find the language line "users msg delete_confirm"
ERROR - 2023-05-24 13:31:31 --> Could not find the language line "users title user_delete"
ERROR - 2023-05-24 13:31:31 --> Could not find the language line "users msg delete_confirm"
ERROR - 2023-05-24 13:31:34 --> Could not find the language line "employee title employee_list"
ERROR - 2023-05-24 13:31:34 --> Could not find the language line "users title user_delete"
ERROR - 2023-05-24 13:31:35 --> Could not find the language line "users msg delete_confirm"
ERROR - 2023-05-24 13:31:37 --> Could not find the language line "scheduling title scheduling_list"
ERROR - 2023-05-24 13:31:37 --> Could not find the language line "users title user_delete"
ERROR - 2023-05-24 13:31:37 --> Could not find the language line "users msg delete_confirm"
ERROR - 2023-05-24 13:31:37 --> Unable to write cache file: /Applications/MAMP/htdocs/Clockinout/application/cache/
ERROR - 2023-05-24 13:42:44 --> Could not find the language line "scheduling title period_add"
ERROR - 2023-05-24 13:42:44 --> Could not find the language line "contact input created"
ERROR - 2023-05-24 13:42:44 --> Could not find the language line "contact input created"
ERROR - 2023-05-24 13:42:44 --> Unable to write cache file: /Applications/MAMP/htdocs/Clockinout/application/cache/
ERROR - 2023-05-24 13:43:24 --> Could not find the language line "employee title employee_list"
ERROR - 2023-05-24 13:43:24 --> Could not find the language line "users title user_delete"
ERROR - 2023-05-24 13:43:24 --> Could not find the language line "users msg delete_confirm"
ERROR - 2023-05-24 13:43:29 --> Could not find the language line "scheduling title scheduling_list"
ERROR - 2023-05-24 13:43:29 --> Could not find the language line "users title user_delete"
ERROR - 2023-05-24 13:43:29 --> Could not find the language line "users msg delete_confirm"
ERROR - 2023-05-24 13:43:29 --> Unable to write cache file: /Applications/MAMP/htdocs/Clockinout/application/cache/
ERROR - 2023-05-24 13:43:48 --> Severity: error --> Exception: Call to undefined method Scheduling_model::get_scheduling() /Applications/MAMP/htdocs/Clockinout/application/controllers/admin/Scheduling.php 276
ERROR - 2023-05-24 13:43:51 --> Could not find the language line "scheduling title scheduling_list"
ERROR - 2023-05-24 13:43:51 --> Could not find the language line "users title user_delete"
ERROR - 2023-05-24 13:43:51 --> Could not find the language line "users msg delete_confirm"
ERROR - 2023-05-24 13:43:51 --> Unable to write cache file: /Applications/MAMP/htdocs/Clockinout/application/cache/
ERROR - 2023-05-24 13:45:51 --> Could not find the language line "scheduling title period_add"
ERROR - 2023-05-24 13:45:51 --> Could not find the language line "contact input created"
ERROR - 2023-05-24 13:45:51 --> Could not find the language line "contact input created"
ERROR - 2023-05-24 13:45:51 --> Unable to write cache file: /Applications/MAMP/htdocs/Clockinout/application/cache/
ERROR - 2023-05-24 13:45:54 --> Could not find the language line "scheduling title scheduling_list"
ERROR - 2023-05-24 13:45:54 --> Could not find the language line "users title user_delete"
ERROR - 2023-05-24 13:45:54 --> Could not find the language line "users msg delete_confirm"
ERROR - 2023-05-24 13:45:54 --> Unable to write cache file: /Applications/MAMP/htdocs/Clockinout/application/cache/
ERROR - 2023-05-24 13:45:56 --> Could not find the language line "users title user_delete"
ERROR - 2023-05-24 13:45:56 --> Could not find the language line "users msg delete_confirm"
ERROR - 2023-05-24 13:45:58 --> Could not find the language line "employee title employee_list"
ERROR - 2023-05-24 13:45:58 --> Could not find the language line "users title user_delete"
ERROR - 2023-05-24 13:45:58 --> Could not find the language line "users msg delete_confirm"
ERROR - 2023-05-24 13:46:05 --> Could not find the language line "users title user_delete"
ERROR - 2023-05-24 13:46:05 --> Could not find the language line "users msg delete_confirm"
ERROR - 2023-05-24 13:46:21 --> Could not find the language line "users title user_delete"
ERROR - 2023-05-24 13:46:21 --> Could not find the language line "users msg delete_confirm"
ERROR - 2023-05-24 13:46:26 --> Could not find the language line "restaurants title user_edit"
ERROR - 2023-05-24 13:46:28 --> Could not find the language line "users title user_delete"
ERROR - 2023-05-24 13:46:28 --> Could not find the language line "users msg delete_confirm"
ERROR - 2023-05-24 13:46:33 --> Could not find the language line "employee title employee_list"
ERROR - 2023-05-24 13:46:33 --> Could not find the language line "users title user_delete"
ERROR - 2023-05-24 13:46:33 --> Could not find the language line "users msg delete_confirm"
ERROR - 2023-05-24 13:46:34 --> Could not find the language line "users title user_delete"
ERROR - 2023-05-24 13:46:34 --> Could not find the language line "users msg delete_confirm"
ERROR - 2023-05-24 13:46:35 --> Could not find the language line "restaurants title user_add"
ERROR - 2023-05-24 13:47:14 --> Could not find the language line "users title user_delete"
ERROR - 2023-05-24 13:47:14 --> Could not find the language line "users msg delete_confirm"
ERROR - 2023-05-24 13:47:14 --> Could not find the language line "users title user_delete"
ERROR - 2023-05-24 13:47:14 --> Could not find the language line "users msg delete_confirm"
ERROR - 2023-05-24 13:58:52 --> Could not find the language line "users title user_delete"
ERROR - 2023-05-24 13:58:52 --> Could not find the language line "users msg delete_confirm"
ERROR - 2023-05-24 13:58:52 --> Could not find the language line "users title user_delete"
ERROR - 2023-05-24 13:58:52 --> Could not find the language line "users msg delete_confirm"
ERROR - 2023-05-24 13:59:00 --> Could not find the language line "users title user_delete"
ERROR - 2023-05-24 13:59:00 --> Could not find the language line "users msg delete_confirm"
ERROR - 2023-05-24 13:59:00 --> Could not find the language line "users title user_delete"
ERROR - 2023-05-24 13:59:01 --> Could not find the language line "users msg delete_confirm"
ERROR - 2023-05-24 13:59:06 --> Could not find the language line "users title user_delete"
ERROR - 2023-05-24 13:59:06 --> Could not find the language line "users msg delete_confirm"
ERROR - 2023-05-24 13:59:06 --> Could not find the language line "users title user_delete"
ERROR - 2023-05-24 13:59:06 --> Could not find the language line "users msg delete_confirm"
ERROR - 2023-05-24 13:59:11 --> Could not find the language line "restaurants title user_add"
ERROR - 2023-05-24 13:59:34 --> Could not find the language line "users title user_delete"
ERROR - 2023-05-24 13:59:34 --> Could not find the language line "users msg delete_confirm"
ERROR - 2023-05-24 13:59:34 --> Could not find the language line "users title user_delete"
ERROR - 2023-05-24 13:59:34 --> Could not find the language line "users msg delete_confirm"
ERROR - 2023-05-24 13:59:34 --> Could not find the language line "users title user_delete"
ERROR - 2023-05-24 13:59:34 --> Could not find the language line "users msg delete_confirm"
ERROR - 2023-05-24 14:02:53 --> Could not find the language line "restaurant title user_delete"
ERROR - 2023-05-24 14:02:53 --> Could not find the language line "restaurant msg delete_confirm"
ERROR - 2023-05-24 14:02:53 --> Could not find the language line "restaurant title user_delete"
ERROR - 2023-05-24 14:02:53 --> Could not find the language line "restaurant msg delete_confirm"
ERROR - 2023-05-24 14:02:53 --> Could not find the language line "restaurant title user_delete"
ERROR - 2023-05-24 14:02:53 --> Could not find the language line "restaurant msg delete_confirm"
ERROR - 2023-05-24 14:02:55 --> Could not find the language line "restaurant title user_delete"
ERROR - 2023-05-24 14:02:55 --> Could not find the language line "restaurant msg delete_confirm"
ERROR - 2023-05-24 14:02:55 --> Could not find the language line "restaurant title user_delete"
ERROR - 2023-05-24 14:02:55 --> Could not find the language line "restaurant msg delete_confirm"
ERROR - 2023-05-24 14:02:55 --> Could not find the language line "restaurant title user_delete"
ERROR - 2023-05-24 14:02:55 --> Could not find the language line "restaurant msg delete_confirm"
ERROR - 2023-05-24 14:03:00 --> Could not find the language line "employee title employee_list"
ERROR - 2023-05-24 14:03:00 --> Could not find the language line "users title user_delete"
ERROR - 2023-05-24 14:03:00 --> Could not find the language line "users msg delete_confirm"
ERROR - 2023-05-24 14:03:03 --> Could not find the language line "restaurant title user_delete"
ERROR - 2023-05-24 14:03:03 --> Could not find the language line "restaurant msg delete_confirm"
ERROR - 2023-05-24 14:03:03 --> Could not find the language line "restaurant title user_delete"
ERROR - 2023-05-24 14:03:03 --> Could not find the language line "restaurant msg delete_confirm"
ERROR - 2023-05-24 14:03:03 --> Could not find the language line "restaurant title user_delete"
ERROR - 2023-05-24 14:03:03 --> Could not find the language line "restaurant msg delete_confirm"
ERROR - 2023-05-24 14:13:29 --> Could not find the language line "employee title employee_list"
ERROR - 2023-05-24 14:13:29 --> Could not find the language line "users title user_delete"
ERROR - 2023-05-24 14:13:29 --> Could not find the language line "users msg delete_confirm"
ERROR - 2023-05-24 14:13:31 --> Could not find the language line "restaurant title user_delete"
ERROR - 2023-05-24 14:13:31 --> Could not find the language line "restaurant msg delete_confirm"
ERROR - 2023-05-24 14:13:31 --> Could not find the language line "restaurant title user_delete"
ERROR - 2023-05-24 14:13:31 --> Could not find the language line "restaurant msg delete_confirm"
ERROR - 2023-05-24 14:13:31 --> Could not find the language line "restaurant title user_delete"
ERROR - 2023-05-24 14:13:31 --> Could not find the language line "restaurant msg delete_confirm"
ERROR - 2023-05-24 14:14:05 --> Could not find the language line "restaurant title user_delete"
ERROR - 2023-05-24 14:14:05 --> Could not find the language line "restaurant msg delete_confirm"
ERROR - 2023-05-24 14:14:05 --> Could not find the language line "restaurant title user_delete"
ERROR - 2023-05-24 14:14:05 --> Could not find the language line "restaurant msg delete_confirm"
ERROR - 2023-05-24 14:14:05 --> Could not find the language line "restaurant title user_delete"
ERROR - 2023-05-24 14:14:05 --> Could not find the language line "restaurant msg delete_confirm"
ERROR - 2023-05-24 14:18:45 --> Could not find the language line "restaurant title user_delete"
ERROR - 2023-05-24 14:18:45 --> Could not find the language line "restaurant msg delete_confirm"
ERROR - 2023-05-24 14:18:45 --> Could not find the language line "restaurant title user_delete"
ERROR - 2023-05-24 14:18:45 --> Could not find the language line "restaurant msg delete_confirm"
ERROR - 2023-05-24 14:18:45 --> Could not find the language line "restaurant title user_delete"
ERROR - 2023-05-24 14:18:45 --> Could not find the language line "restaurant msg delete_confirm"
ERROR - 2023-05-24 14:18:46 --> Could not find the language line "restaurant title user_delete"
ERROR - 2023-05-24 14:18:46 --> Could not find the language line "restaurant msg delete_confirm"
ERROR - 2023-05-24 14:18:46 --> Could not find the language line "restaurant title user_delete"
ERROR - 2023-05-24 14:18:46 --> Could not find the language line "restaurant msg delete_confirm"
ERROR - 2023-05-24 14:18:46 --> Could not find the language line "restaurant title user_delete"
ERROR - 2023-05-24 14:18:46 --> Could not find the language line "restaurant msg delete_confirm"
ERROR - 2023-05-24 14:19:26 --> Could not find the language line "restaurant title user_delete"
ERROR - 2023-05-24 14:19:26 --> Could not find the language line "restaurant msg delete_confirm"
ERROR - 2023-05-24 14:19:26 --> Could not find the language line "restaurant title user_delete"
ERROR - 2023-05-24 14:19:26 --> Could not find the language line "restaurant msg delete_confirm"
ERROR - 2023-05-24 14:19:26 --> Could not find the language line "restaurant title user_delete"
ERROR - 2023-05-24 14:19:26 --> Could not find the language line "restaurant msg delete_confirm"
ERROR - 2023-05-24 14:19:58 --> Could not find the language line "restaurant msg delete_confirm"
ERROR - 2023-05-24 14:19:58 --> Could not find the language line "restaurant msg delete_confirm"
ERROR - 2023-05-24 14:19:58 --> Could not find the language line "restaurant msg delete_confirm"
ERROR - 2023-05-24 14:20:00 --> Could not find the language line "restaurant msg delete_confirm"
ERROR - 2023-05-24 14:20:00 --> Could not find the language line "restaurant msg delete_confirm"
ERROR - 2023-05-24 14:20:00 --> Could not find the language line "restaurant msg delete_confirm"
ERROR - 2023-05-24 14:20:02 --> Could not find the language line "restaurant msg delete_confirm"
ERROR - 2023-05-24 14:20:02 --> Could not find the language line "restaurant msg delete_confirm"
ERROR - 2023-05-24 14:20:02 --> Could not find the language line "restaurant msg delete_confirm"
ERROR - 2023-05-24 14:20:05 --> Could not find the language line "restaurant msg delete_confirm"
ERROR - 2023-05-24 14:20:05 --> Could not find the language line "restaurant msg delete_confirm"
ERROR - 2023-05-24 14:20:05 --> Could not find the language line "restaurant msg delete_confirm"
ERROR - 2023-05-24 14:20:07 --> Could not find the language line "restaurant msg delete_confirm"
ERROR - 2023-05-24 14:20:07 --> Could not find the language line "restaurant msg delete_confirm"
ERROR - 2023-05-24 14:20:07 --> Could not find the language line "restaurant msg delete_confirm"
ERROR - 2023-05-24 14:21:01 --> Could not find the language line "employee title employee_list"
ERROR - 2023-05-24 14:21:01 --> Could not find the language line "users title user_delete"
ERROR - 2023-05-24 14:21:01 --> Could not find the language line "users msg delete_confirm"
ERROR - 2023-05-24 14:21:02 --> Could not find the language line "restaurant msg delete_confirm"
ERROR - 2023-05-24 14:21:02 --> Could not find the language line "restaurant msg delete_confirm"
ERROR - 2023-05-24 14:21:02 --> Could not find the language line "restaurant msg delete_confirm"
ERROR - 2023-05-24 14:21:39 --> Could not find the language line "restaurant msg delete_confirm"
ERROR - 2023-05-24 14:21:39 --> Could not find the language line "restaurant msg delete_confirm"
ERROR - 2023-05-24 14:21:39 --> Could not find the language line "restaurant msg delete_confirm"
ERROR - 2023-05-24 14:21:48 --> Could not find the language line "restaurant msg delete_confirm"
ERROR - 2023-05-24 14:21:48 --> Could not find the language line "restaurant msg delete_confirm"
ERROR - 2023-05-24 14:21:48 --> Could not find the language line "restaurant msg delete_confirm"
ERROR - 2023-05-24 14:21:49 --> Could not find the language line "restaurant msg delete_confirm"
ERROR - 2023-05-24 14:21:49 --> Could not find the language line "restaurant msg delete_confirm"
ERROR - 2023-05-24 14:21:49 --> Could not find the language line "restaurant msg delete_confirm"
ERROR - 2023-05-24 14:21:51 --> Could not find the language line "restaurant msg delete_confirm"
ERROR - 2023-05-24 14:21:51 --> Could not find the language line "restaurant msg delete_confirm"
ERROR - 2023-05-24 14:21:51 --> Could not find the language line "restaurant msg delete_confirm"
ERROR - 2023-05-24 14:21:53 --> Could not find the language line "restaurant msg delete_confirm"
ERROR - 2023-05-24 14:21:53 --> Could not find the language line "restaurant msg delete_confirm"
ERROR - 2023-05-24 14:21:53 --> Could not find the language line "restaurant msg delete_confirm"
ERROR - 2023-05-24 14:21:54 --> Could not find the language line "restaurant msg delete_confirm"
ERROR - 2023-05-24 14:21:54 --> Could not find the language line "restaurant msg delete_confirm"
ERROR - 2023-05-24 14:21:54 --> Could not find the language line "restaurant msg delete_confirm"
ERROR - 2023-05-24 14:22:09 --> Could not find the language line "employee title employee_list"
ERROR - 2023-05-24 14:22:09 --> Could not find the language line "users title user_delete"
ERROR - 2023-05-24 14:22:09 --> Could not find the language line "users msg delete_confirm"
ERROR - 2023-05-24 14:22:13 --> Could not find the language line "employee title employee_list"
ERROR - 2023-05-24 14:22:13 --> Could not find the language line "users title user_delete"
ERROR - 2023-05-24 14:22:13 --> Could not find the language line "users msg delete_confirm"
ERROR - 2023-05-24 14:23:06 --> Could not find the language line "employee title employee_list"
ERROR - 2023-05-24 14:23:06 --> Could not find the language line "users title user_delete"
ERROR - 2023-05-24 14:23:06 --> Could not find the language line "users msg delete_confirm"
ERROR - 2023-05-24 15:05:19 --> Could not find the language line "employee title employee_list"
ERROR - 2023-05-24 15:05:19 --> Could not find the language line "users title user_delete"
ERROR - 2023-05-24 15:05:19 --> Could not find the language line "users msg delete_confirm"
ERROR - 2023-05-24 15:09:58 --> Could not find the language line "employee title employee_list"
ERROR - 2023-05-24 15:09:58 --> Could not find the language line "users title user_delete"
ERROR - 2023-05-24 15:09:58 --> Could not find the language line "users msg delete_confirm"
ERROR - 2023-05-24 15:10:04 --> Could not find the language line "employee title employee_list"
ERROR - 2023-05-24 15:10:14 --> Could not find the language line "employee title employee_list"
ERROR - 2023-05-24 15:10:14 --> Could not find the language line "users title user_delete"
ERROR - 2023-05-24 15:10:14 --> Could not find the language line "users msg delete_confirm"
ERROR - 2023-05-24 15:57:08 --> Could not find the language line "restaurants title user_edit"
ERROR - 2023-05-24 15:57:22 --> Could not find the language line "restaurants title user_edit"
ERROR - 2023-05-24 16:00:31 --> Query error: You have an error in your SQL syntax; check the manual that corresponds to your MySQL server version for the right syntax to use near '0'' at line 9 - Invalid query: 
                UPDATE restaurants
                SET
                    name = 'King Abuba a',
            
                    address = NULL,
                    phone = NULL,
                    email = 'king.abuba@everyone.com',
                    open_hour = '00:00:10',
                    close_hour = '00:00:23''
                WHERE id = NULL
                    AND deleted = '0'
            
ERROR - 2023-05-24 16:00:52 --> Could not find the language line "restaurants title user_edit"
ERROR - 2023-05-24 16:00:57 --> Could not find the language line "restaurants title user_edit"
ERROR - 2023-05-24 16:09:08 --> Query error: You have an error in your SQL syntax; check the manual that corresponds to your MySQL server version for the right syntax to use near '0'' at line 9 - Invalid query: 
                UPDATE restaurants
                SET
                    name = 'King Abuba a',
            
                    address = NULL,
                    phone = NULL,
                    email = 'king.abuba@everyone.com',
                    open_hour = '00:00:10',
                    close_hour = '00:00:23''
                WHERE id = NULL
                    AND deleted = '0'
            
ERROR - 2023-05-24 16:09:32 --> Could not find the language line "restaurants title user_edit"
ERROR - 2023-05-24 16:10:46 --> Could not find the language line "employee title employee_list"
ERROR - 2023-05-24 16:10:46 --> Could not find the language line "users title user_delete"
ERROR - 2023-05-24 16:10:46 --> Could not find the language line "users msg delete_confirm"
ERROR - 2023-05-24 16:10:51 --> Could not find the language line "restaurants title user_edit"
ERROR - 2023-05-24 16:11:05 --> Query error: You have an error in your SQL syntax; check the manual that corresponds to your MySQL server version for the right syntax to use near '0'' at line 9 - Invalid query: 
                UPDATE restaurants
                SET
                    name = 'King Abuba New',
            
                    address = 'Bogor',
                    phone = '1234',
                    email = 'king.abuba@everyone.com',
                    open_hour = '00:00:10',
                    close_hour = '00:00:23''
                WHERE id = NULL
                    AND deleted = '0'
            
ERROR - 2023-05-24 16:11:25 --> Could not find the language line "restaurants title user_edit"
ERROR - 2023-05-24 16:12:07 --> Could not find the language line "restaurants title user_edit"
ERROR - 2023-05-24 16:12:41 --> Could not find the language line "restaurants title user_edit"
ERROR - 2023-05-24 16:12:48 --> Could not find the language line "restaurants title user_edit"
ERROR - 2023-05-24 16:12:56 --> Could not find the language line "restaurants title user_edit"
ERROR - 2023-05-24 16:14:05 --> Could not find the language line "restaurants title user_edit"
ERROR - 2023-05-24 16:14:10 --> Query error: You have an error in your SQL syntax; check the manual that corresponds to your MySQL server version for the right syntax to use near '2'
                    AND deleted = '0'' at line 9 - Invalid query: 
                UPDATE restaurants
                SET
                    name = 'King Abuba',
            
                    address = 'Bogor',
                    phone = '343242',
                    email = 'king.abuba@everyone.com',
                    open_hour = '00:00:10',
                    close_hour = '00:00:23''
                WHERE id = '2'
                    AND deleted = '0'
            
ERROR - 2023-05-24 16:15:56 --> Could not find the language line "restaurants title user_edit"
ERROR - 2023-05-24 16:16:11 --> Could not find the language line "restaurants title user_edit"
ERROR - 2023-05-24 16:16:22 --> Could not find the language line "employee title employee_list"
ERROR - 2023-05-24 16:16:30 --> Could not find the language line "employee title employee_list"
ERROR - 2023-05-24 16:16:30 --> Could not find the language line "users title user_delete"
ERROR - 2023-05-24 16:16:30 --> Could not find the language line "users msg delete_confirm"
ERROR - 2023-05-24 16:18:05 --> Could not find the language line "users title user_delete"
ERROR - 2023-05-24 16:18:05 --> Could not find the language line "users msg delete_confirm"
ERROR - 2023-05-24 16:18:06 --> Could not find the language line "users title user_delete"
ERROR - 2023-05-24 16:18:06 --> Could not find the language line "users msg delete_confirm"
ERROR - 2023-05-24 16:18:08 --> Could not find the language line "users title user_delete"
ERROR - 2023-05-24 16:18:08 --> Could not find the language line "users msg delete_confirm"
ERROR - 2023-05-24 16:18:09 --> Could not find the language line "users title user_delete"
ERROR - 2023-05-24 16:18:09 --> Could not find the language line "users msg delete_confirm"
ERROR - 2023-05-24 16:25:13 --> Could not find the language line "users title user_delete"
ERROR - 2023-05-24 16:25:13 --> Could not find the language line "users msg delete_confirm"
ERROR - 2023-05-24 16:27:08 --> Could not find the language line "users title user_delete"
ERROR - 2023-05-24 16:27:08 --> Could not find the language line "users msg delete_confirm"
ERROR - 2023-05-24 16:27:09 --> Could not find the language line "users title user_delete"
ERROR - 2023-05-24 16:27:09 --> Could not find the language line "users msg delete_confirm"
ERROR - 2023-05-24 16:27:10 --> Could not find the language line "users title user_delete"
ERROR - 2023-05-24 16:27:10 --> Could not find the language line "users msg delete_confirm"
ERROR - 2023-05-24 16:28:47 --> Could not find the language line "users title user_delete"
ERROR - 2023-05-24 16:28:47 --> Could not find the language line "users msg delete_confirm"
ERROR - 2023-05-24 16:28:48 --> Could not find the language line "users title user_delete"
ERROR - 2023-05-24 16:28:48 --> Could not find the language line "users msg delete_confirm"
ERROR - 2023-05-24 16:28:51 --> Could not find the language line "employee title employee_list"
ERROR - 2023-05-24 16:28:51 --> Could not find the language line "users title user_delete"
ERROR - 2023-05-24 16:28:51 --> Could not find the language line "users msg delete_confirm"
ERROR - 2023-05-24 16:28:58 --> Could not find the language line "users title user_delete"
ERROR - 2023-05-24 16:28:58 --> Could not find the language line "users msg delete_confirm"
ERROR - 2023-05-24 16:29:01 --> Could not find the language line "employee title user_add"
ERROR - 2023-05-24 16:29:20 --> Could not find the language line "employee title user_add"
ERROR - 2023-05-24 16:36:16 --> Could not find the language line "employee title user_add"
ERROR - 2023-05-24 16:36:28 --> Could not find the language line "employee title employee_list"
ERROR - 2023-05-24 16:36:28 --> Could not find the language line "users title user_delete"
ERROR - 2023-05-24 16:36:28 --> Could not find the language line "users msg delete_confirm"
ERROR - 2023-05-24 16:36:29 --> Could not find the language line "employee title employee_list"
ERROR - 2023-05-24 16:36:29 --> Could not find the language line "users title user_delete"
ERROR - 2023-05-24 16:36:29 --> Could not find the language line "users msg delete_confirm"
ERROR - 2023-05-24 16:36:34 --> Could not find the language line "users title user_delete"
ERROR - 2023-05-24 16:36:34 --> Could not find the language line "users msg delete_confirm"
ERROR - 2023-05-24 16:39:42 --> Could not find the language line "users title user_delete"
ERROR - 2023-05-24 16:39:42 --> Could not find the language line "users msg delete_confirm"
ERROR - 2023-05-24 16:39:44 --> Could not find the language line "employee title user_add"
ERROR - 2023-05-24 16:40:01 --> Query error: Unknown column 'open_hour' in 'field list' - Invalid query: 
                INSERT INTO employee (
                    name,
                    address,
                    phone,
                    email,
                    open_hour,
                    close_hour
                ) VALUES (
                    'Abbie',
                    NULL,
                    NULL,
                    'abbie@gmail.com',
                    NULL,
                    NULL
                )
            
ERROR - 2023-05-24 16:47:34 --> Could not find the language line "employee title user_add"
ERROR - 2023-05-24 16:47:49 --> Could not find the language line "employee msg add_employee_success"
ERROR - 2023-05-24 16:47:49 --> Could not find the language line "employee title employee_list"
ERROR - 2023-05-24 16:47:49 --> Could not find the language line "users title user_delete"
ERROR - 2023-05-24 16:47:49 --> Could not find the language line "users msg delete_confirm"
ERROR - 2023-05-24 16:48:03 --> Could not find the language line "employee title employee_list"
ERROR - 2023-05-24 16:48:03 --> Could not find the language line "users title user_delete"
ERROR - 2023-05-24 16:48:03 --> Could not find the language line "users msg delete_confirm"
ERROR - 2023-05-24 16:48:06 --> Could not find the language line "employee title employee_list"
ERROR - 2023-05-24 16:48:06 --> Could not find the language line "users title user_delete"
ERROR - 2023-05-24 16:48:06 --> Could not find the language line "users msg delete_confirm"
ERROR - 2023-05-24 17:18:07 --> Could not find the language line "employee title user_add"
ERROR - 2023-05-24 17:18:07 --> Could not find the language line "employee input restaurant"
ERROR - 2023-05-24 17:19:13 --> Could not find the language line "employee title user_add"
ERROR - 2023-05-24 17:22:40 --> Could not find the language line "employee title user_add"
ERROR - 2023-05-24 17:22:40 --> Query error: Unknown column 'last_name' in 'order clause' - Invalid query: 
            SELECT SQL_CALC_FOUND_ROWS *
            FROM restaurants
            WHERE deleted = '0'
         ORDER BY last_name ASC
ERROR - 2023-05-24 17:23:35 --> Could not find the language line "employee title user_add"
ERROR - 2023-05-24 17:23:35 --> Query error: Unknown column 'last_name' in 'order clause' - Invalid query: 
            SELECT SQL_CALC_FOUND_ROWS *
            FROM restaurants
            WHERE deleted = '0'
         ORDER BY last_name ASC
ERROR - 2023-05-24 17:23:36 --> Could not find the language line "employee title user_add"
ERROR - 2023-05-24 17:23:36 --> Query error: Unknown column 'last_name' in 'order clause' - Invalid query: 
            SELECT SQL_CALC_FOUND_ROWS *
            FROM restaurants
            WHERE deleted = '0'
         ORDER BY last_name ASC
ERROR - 2023-05-24 17:23:41 --> Could not find the language line "employee title user_add"
ERROR - 2023-05-24 17:24:15 --> Could not find the language line "employee title user_add"
ERROR - 2023-05-24 17:24:16 --> Could not find the language line "employee title user_add"
ERROR - 2023-05-24 17:24:19 --> Could not find the language line "employee title user_add"
ERROR - 2023-05-24 17:24:23 --> Could not find the language line "restaurants title user_add"
ERROR - 2023-05-24 17:24:28 --> Could not find the language line "employee title employee_list"
ERROR - 2023-05-24 17:24:28 --> Could not find the language line "users title user_delete"
ERROR - 2023-05-24 17:24:28 --> Could not find the language line "users msg delete_confirm"
ERROR - 2023-05-24 17:24:31 --> Could not find the language line "employee title user_add"
ERROR - 2023-05-24 17:26:03 --> Could not find the language line "employee title employee_list"
ERROR - 2023-05-24 17:26:03 --> Could not find the language line "users title user_delete"
ERROR - 2023-05-24 17:26:03 --> Could not find the language line "users msg delete_confirm"
ERROR - 2023-05-24 17:26:04 --> Could not find the language line "employee title user_add"
ERROR - 2023-05-24 17:26:59 --> Could not find the language line "employee title user_add"
ERROR - 2023-05-24 17:27:00 --> Could not find the language line "employee title user_add"
ERROR - 2023-05-24 17:27:01 --> Could not find the language line "employee title user_add"
ERROR - 2023-05-24 17:27:03 --> Could not find the language line "employee title user_add"
ERROR - 2023-05-24 17:27:04 --> Could not find the language line "employee title user_add"
ERROR - 2023-05-24 17:27:29 --> Could not find the language line "employee title employee_list"
ERROR - 2023-05-24 17:27:29 --> Could not find the language line "users title user_delete"
ERROR - 2023-05-24 17:27:29 --> Could not find the language line "users msg delete_confirm"
ERROR - 2023-05-24 17:27:29 --> Severity: Core Warning --> PHP Startup: Unable to load dynamic library 'mbstring' (tried: /Applications/MAMP/bin/php/php7.4.33/lib/php/extensions/no-debug-non-zts-20190902/mbstring (dlopen(/Applications/MAMP/bin/php/php7.4.33/lib/php/extensions/no-debug-non-zts-20190902/mbstring, 9): image not found), /Applications/MAMP/bin/php/php7.4.33/lib/php/extensions/no-debug-non-zts-20190902/mbstring.so (dlopen(/Applications/MAMP/bin/php/php7.4.33/lib/php/extensions/no-debug-non-zts-20190902/mbstring.so, 9): image not found)) Unknown 0
ERROR - 2023-05-24 17:27:35 --> Could not find the language line "employee title employee_list"
ERROR - 2023-05-24 17:27:35 --> Could not find the language line "users title user_delete"
ERROR - 2023-05-24 17:27:35 --> Could not find the language line "users msg delete_confirm"
ERROR - 2023-05-24 17:30:01 --> Could not find the language line "employee title user_add"
ERROR - 2023-05-24 17:30:01 --> Severity: Warning --> Use of undefined constant id - assumed 'id' (this will throw an Error in a future version of PHP) /Applications/MAMP/htdocs/Clockinout/application/controllers/admin/Employee.php 265
ERROR - 2023-05-24 17:30:01 --> Severity: Warning --> Use of undefined constant id - assumed 'id' (this will throw an Error in a future version of PHP) /Applications/MAMP/htdocs/Clockinout/application/controllers/admin/Employee.php 265
ERROR - 2023-05-24 17:30:01 --> Severity: Warning --> Illegal string offset 'id' /Applications/MAMP/htdocs/Clockinout/application/controllers/admin/Employee.php 265
ERROR - 2023-05-24 17:30:01 --> Severity: Warning --> Illegal string offset 'name' /Applications/MAMP/htdocs/Clockinout/application/controllers/admin/Employee.php 265
ERROR - 2023-05-24 17:30:48 --> Could not find the language line "employee title user_add"
ERROR - 2023-05-24 17:30:48 --> Severity: Warning --> Use of undefined constant id - assumed 'id' (this will throw an Error in a future version of PHP) /Applications/MAMP/htdocs/Clockinout/application/controllers/admin/Employee.php 265
ERROR - 2023-05-24 17:30:48 --> Severity: Warning --> Use of undefined constant id - assumed 'id' (this will throw an Error in a future version of PHP) /Applications/MAMP/htdocs/Clockinout/application/controllers/admin/Employee.php 265
ERROR - 2023-05-24 17:30:48 --> Severity: Warning --> Illegal string offset 'id' /Applications/MAMP/htdocs/Clockinout/application/controllers/admin/Employee.php 265
ERROR - 2023-05-24 17:30:48 --> Severity: Warning --> Illegal string offset 'name' /Applications/MAMP/htdocs/Clockinout/application/controllers/admin/Employee.php 265
ERROR - 2023-05-24 17:30:49 --> Could not find the language line "employee title user_add"
ERROR - 2023-05-24 17:30:49 --> Severity: Warning --> Use of undefined constant id - assumed 'id' (this will throw an Error in a future version of PHP) /Applications/MAMP/htdocs/Clockinout/application/controllers/admin/Employee.php 265
ERROR - 2023-05-24 17:30:49 --> Severity: Warning --> Use of undefined constant id - assumed 'id' (this will throw an Error in a future version of PHP) /Applications/MAMP/htdocs/Clockinout/application/controllers/admin/Employee.php 265
ERROR - 2023-05-24 17:30:49 --> Severity: Warning --> Illegal string offset 'id' /Applications/MAMP/htdocs/Clockinout/application/controllers/admin/Employee.php 265
ERROR - 2023-05-24 17:30:49 --> Severity: Warning --> Illegal string offset 'name' /Applications/MAMP/htdocs/Clockinout/application/controllers/admin/Employee.php 265
ERROR - 2023-05-24 17:30:55 --> Could not find the language line "employee title user_add"
ERROR - 2023-05-24 17:30:55 --> Severity: Warning --> Use of undefined constant id - assumed 'id' (this will throw an Error in a future version of PHP) /Applications/MAMP/htdocs/Clockinout/application/controllers/admin/Employee.php 265
ERROR - 2023-05-24 17:30:55 --> Severity: Warning --> Use of undefined constant id - assumed 'id' (this will throw an Error in a future version of PHP) /Applications/MAMP/htdocs/Clockinout/application/controllers/admin/Employee.php 265
ERROR - 2023-05-24 17:30:55 --> Severity: Warning --> Illegal string offset 'id' /Applications/MAMP/htdocs/Clockinout/application/controllers/admin/Employee.php 265
ERROR - 2023-05-24 17:30:55 --> Severity: Warning --> Illegal string offset 'name' /Applications/MAMP/htdocs/Clockinout/application/controllers/admin/Employee.php 265
ERROR - 2023-05-24 17:30:58 --> Could not find the language line "employee title user_add"
ERROR - 2023-05-24 17:30:58 --> Severity: Warning --> Use of undefined constant id - assumed 'id' (this will throw an Error in a future version of PHP) /Applications/MAMP/htdocs/Clockinout/application/controllers/admin/Employee.php 265
ERROR - 2023-05-24 17:30:58 --> Severity: Warning --> Use of undefined constant id - assumed 'id' (this will throw an Error in a future version of PHP) /Applications/MAMP/htdocs/Clockinout/application/controllers/admin/Employee.php 265
ERROR - 2023-05-24 17:30:58 --> Severity: Warning --> Illegal string offset 'id' /Applications/MAMP/htdocs/Clockinout/application/controllers/admin/Employee.php 265
ERROR - 2023-05-24 17:30:58 --> Severity: Warning --> Illegal string offset 'name' /Applications/MAMP/htdocs/Clockinout/application/controllers/admin/Employee.php 265
ERROR - 2023-05-24 17:30:59 --> Could not find the language line "employee title employee_list"
ERROR - 2023-05-24 17:30:59 --> Could not find the language line "users title user_delete"
ERROR - 2023-05-24 17:30:59 --> Could not find the language line "users msg delete_confirm"
ERROR - 2023-05-24 17:31:01 --> Could not find the language line "employee title user_add"
ERROR - 2023-05-24 17:31:01 --> Severity: Warning --> Use of undefined constant id - assumed 'id' (this will throw an Error in a future version of PHP) /Applications/MAMP/htdocs/Clockinout/application/controllers/admin/Employee.php 265
ERROR - 2023-05-24 17:31:01 --> Severity: Warning --> Use of undefined constant id - assumed 'id' (this will throw an Error in a future version of PHP) /Applications/MAMP/htdocs/Clockinout/application/controllers/admin/Employee.php 265
ERROR - 2023-05-24 17:31:01 --> Severity: Warning --> Illegal string offset 'id' /Applications/MAMP/htdocs/Clockinout/application/controllers/admin/Employee.php 265
ERROR - 2023-05-24 17:31:01 --> Severity: Warning --> Illegal string offset 'name' /Applications/MAMP/htdocs/Clockinout/application/controllers/admin/Employee.php 265
ERROR - 2023-05-24 17:31:14 --> Could not find the language line "employee title user_add"
ERROR - 2023-05-24 17:31:14 --> Severity: Warning --> Illegal string offset 'id' /Applications/MAMP/htdocs/Clockinout/application/controllers/admin/Employee.php 263
ERROR - 2023-05-24 17:31:14 --> Severity: Warning --> Illegal string offset 'name' /Applications/MAMP/htdocs/Clockinout/application/controllers/admin/Employee.php 263
ERROR - 2023-05-24 17:31:15 --> Could not find the language line "employee title user_add"
ERROR - 2023-05-24 17:31:15 --> Severity: Warning --> Illegal string offset 'id' /Applications/MAMP/htdocs/Clockinout/application/controllers/admin/Employee.php 263
ERROR - 2023-05-24 17:31:15 --> Severity: Warning --> Illegal string offset 'name' /Applications/MAMP/htdocs/Clockinout/application/controllers/admin/Employee.php 263
ERROR - 2023-05-24 17:31:47 --> Could not find the language line "employee title user_add"
ERROR - 2023-05-24 17:31:47 --> Severity: Warning --> Illegal string offset 'id' /Applications/MAMP/htdocs/Clockinout/application/controllers/admin/Employee.php 263
ERROR - 2023-05-24 17:31:47 --> Severity: Warning --> Illegal string offset 'name' /Applications/MAMP/htdocs/Clockinout/application/controllers/admin/Employee.php 263
ERROR - 2023-05-24 17:31:48 --> Could not find the language line "employee title user_add"
ERROR - 2023-05-24 17:31:48 --> Severity: Warning --> Illegal string offset 'id' /Applications/MAMP/htdocs/Clockinout/application/controllers/admin/Employee.php 263
ERROR - 2023-05-24 17:31:48 --> Severity: Warning --> Illegal string offset 'name' /Applications/MAMP/htdocs/Clockinout/application/controllers/admin/Employee.php 263
ERROR - 2023-05-24 17:31:49 --> Could not find the language line "employee title user_add"
ERROR - 2023-05-24 17:31:49 --> Severity: Warning --> Illegal string offset 'id' /Applications/MAMP/htdocs/Clockinout/application/controllers/admin/Employee.php 263
ERROR - 2023-05-24 17:31:49 --> Severity: Warning --> Illegal string offset 'name' /Applications/MAMP/htdocs/Clockinout/application/controllers/admin/Employee.php 263
ERROR - 2023-05-24 17:31:50 --> Could not find the language line "employee title user_add"
ERROR - 2023-05-24 17:31:50 --> Severity: Warning --> Illegal string offset 'id' /Applications/MAMP/htdocs/Clockinout/application/controllers/admin/Employee.php 263
ERROR - 2023-05-24 17:31:50 --> Severity: Warning --> Illegal string offset 'name' /Applications/MAMP/htdocs/Clockinout/application/controllers/admin/Employee.php 263
ERROR - 2023-05-24 17:31:51 --> Could not find the language line "employee title user_add"
ERROR - 2023-05-24 17:31:51 --> Severity: Warning --> Illegal string offset 'id' /Applications/MAMP/htdocs/Clockinout/application/controllers/admin/Employee.php 263
ERROR - 2023-05-24 17:31:51 --> Severity: Warning --> Illegal string offset 'name' /Applications/MAMP/htdocs/Clockinout/application/controllers/admin/Employee.php 263
ERROR - 2023-05-24 17:31:53 --> Could not find the language line "employee title user_add"
ERROR - 2023-05-24 17:31:53 --> Severity: Warning --> Illegal string offset 'id' /Applications/MAMP/htdocs/Clockinout/application/controllers/admin/Employee.php 263
ERROR - 2023-05-24 17:31:53 --> Severity: Warning --> Illegal string offset 'name' /Applications/MAMP/htdocs/Clockinout/application/controllers/admin/Employee.php 263
ERROR - 2023-05-24 17:32:22 --> Could not find the language line "employee title user_add"
ERROR - 2023-05-24 17:32:39 --> Could not find the language line "employee title user_add"
ERROR - 2023-05-24 17:33:14 --> Could not find the language line "employee title user_add"
ERROR - 2023-05-24 17:33:16 --> Could not find the language line "employee title user_add"
ERROR - 2023-05-24 17:33:18 --> Could not find the language line "employee title user_add"
ERROR - 2023-05-24 17:33:19 --> Could not find the language line "employee title user_add"
ERROR - 2023-05-24 17:33:20 --> Could not find the language line "employee title user_add"
ERROR - 2023-05-24 17:33:24 --> Could not find the language line "employee title employee_list"
ERROR - 2023-05-24 17:33:24 --> Could not find the language line "users title user_delete"
ERROR - 2023-05-24 17:33:24 --> Could not find the language line "users msg delete_confirm"
ERROR - 2023-05-24 17:33:26 --> Could not find the language line "employee title user_add"
ERROR - 2023-05-24 17:33:26 --> Severity: Warning --> Illegal string offset 'id' /Applications/MAMP/htdocs/Clockinout/application/controllers/admin/Employee.php 263
ERROR - 2023-05-24 17:34:47 --> Could not find the language line "employee title user_add"
ERROR - 2023-05-24 17:34:47 --> Severity: Warning --> Invalid argument supplied for foreach() /Applications/MAMP/htdocs/Clockinout/application/controllers/admin/Employee.php 263
ERROR - 2023-05-24 17:34:49 --> Could not find the language line "employee title user_add"
ERROR - 2023-05-24 17:34:49 --> Severity: Warning --> Invalid argument supplied for foreach() /Applications/MAMP/htdocs/Clockinout/application/controllers/admin/Employee.php 263
ERROR - 2023-05-24 17:35:23 --> Could not find the language line "employee title user_add"
ERROR - 2023-05-24 17:35:23 --> Severity: Warning --> Invalid argument supplied for foreach() /Applications/MAMP/htdocs/Clockinout/application/controllers/admin/Employee.php 263
ERROR - 2023-05-24 17:35:24 --> Could not find the language line "employee title user_add"
ERROR - 2023-05-24 17:35:24 --> Severity: Warning --> Invalid argument supplied for foreach() /Applications/MAMP/htdocs/Clockinout/application/controllers/admin/Employee.php 263
ERROR - 2023-05-24 17:35:26 --> Could not find the language line "employee title user_add"
ERROR - 2023-05-24 17:35:26 --> Severity: Warning --> Invalid argument supplied for foreach() /Applications/MAMP/htdocs/Clockinout/application/controllers/admin/Employee.php 263
ERROR - 2023-05-24 17:35:28 --> Could not find the language line "employee title employee_list"
ERROR - 2023-05-24 17:35:28 --> Could not find the language line "users title user_delete"
ERROR - 2023-05-24 17:35:28 --> Could not find the language line "users msg delete_confirm"
ERROR - 2023-05-24 17:35:29 --> Could not find the language line "employee title user_add"
ERROR - 2023-05-24 17:35:29 --> Severity: Warning --> Invalid argument supplied for foreach() /Applications/MAMP/htdocs/Clockinout/application/controllers/admin/Employee.php 263
ERROR - 2023-05-24 17:35:37 --> Could not find the language line "employee title employee_list"
ERROR - 2023-05-24 17:35:37 --> Could not find the language line "users title user_delete"
ERROR - 2023-05-24 17:35:37 --> Could not find the language line "users msg delete_confirm"
ERROR - 2023-05-24 17:35:39 --> Could not find the language line "employee title user_add"
ERROR - 2023-05-24 17:35:39 --> Severity: Warning --> Invalid argument supplied for foreach() /Applications/MAMP/htdocs/Clockinout/application/controllers/admin/Employee.php 263
ERROR - 2023-05-24 17:36:23 --> Could not find the language line "employee title user_add"
ERROR - 2023-05-24 17:36:23 --> Severity: Warning --> Illegal string offset 'id' /Applications/MAMP/htdocs/Clockinout/application/controllers/admin/Employee.php 263
ERROR - 2023-05-24 17:36:23 --> Severity: Warning --> Illegal string offset 'name' /Applications/MAMP/htdocs/Clockinout/application/controllers/admin/Employee.php 263
ERROR - 2023-05-24 17:37:09 --> Could not find the language line "employee title user_add"
ERROR - 2023-05-24 17:37:09 --> Severity: Warning --> Illegal string offset 'id' /Applications/MAMP/htdocs/Clockinout/application/controllers/admin/Employee.php 263
ERROR - 2023-05-24 17:37:09 --> Severity: Warning --> Illegal string offset 'name' /Applications/MAMP/htdocs/Clockinout/application/controllers/admin/Employee.php 263
ERROR - 2023-05-24 17:37:10 --> Could not find the language line "employee title user_add"
ERROR - 2023-05-24 17:37:10 --> Severity: Warning --> Illegal string offset 'id' /Applications/MAMP/htdocs/Clockinout/application/controllers/admin/Employee.php 263
ERROR - 2023-05-24 17:37:10 --> Severity: Warning --> Illegal string offset 'name' /Applications/MAMP/htdocs/Clockinout/application/controllers/admin/Employee.php 263
ERROR - 2023-05-24 17:37:12 --> Could not find the language line "employee title user_add"
ERROR - 2023-05-24 17:37:12 --> Severity: Warning --> Illegal string offset 'id' /Applications/MAMP/htdocs/Clockinout/application/controllers/admin/Employee.php 263
ERROR - 2023-05-24 17:37:12 --> Severity: Warning --> Illegal string offset 'name' /Applications/MAMP/htdocs/Clockinout/application/controllers/admin/Employee.php 263
ERROR - 2023-05-24 17:37:39 --> Could not find the language line "employee title user_add"
ERROR - 2023-05-24 17:37:39 --> Severity: Warning --> Illegal string offset 'id' /Applications/MAMP/htdocs/Clockinout/application/controllers/admin/Employee.php 263
ERROR - 2023-05-24 17:37:39 --> Severity: Warning --> Illegal string offset 'name' /Applications/MAMP/htdocs/Clockinout/application/controllers/admin/Employee.php 263
ERROR - 2023-05-24 17:37:47 --> Could not find the language line "employee title employee_list"
ERROR - 2023-05-24 17:37:47 --> Could not find the language line "users title user_delete"
ERROR - 2023-05-24 17:37:47 --> Could not find the language line "users msg delete_confirm"
ERROR - 2023-05-24 17:37:48 --> Could not find the language line "employee title user_add"
ERROR - 2023-05-24 17:37:48 --> Severity: Warning --> Illegal string offset 'id' /Applications/MAMP/htdocs/Clockinout/application/controllers/admin/Employee.php 263
ERROR - 2023-05-24 17:37:48 --> Severity: Warning --> Illegal string offset 'name' /Applications/MAMP/htdocs/Clockinout/application/controllers/admin/Employee.php 263
ERROR - 2023-05-24 17:38:24 --> Could not find the language line "employee title user_add"
ERROR - 2023-05-24 17:38:24 --> Severity: Warning --> Illegal string offset 'id' /Applications/MAMP/htdocs/Clockinout/application/controllers/admin/Employee.php 263
ERROR - 2023-05-24 17:38:24 --> Severity: Warning --> Illegal string offset 'name' /Applications/MAMP/htdocs/Clockinout/application/controllers/admin/Employee.php 263
ERROR - 2023-05-24 17:38:26 --> Could not find the language line "employee title user_add"
ERROR - 2023-05-24 17:38:26 --> Severity: Warning --> Illegal string offset 'id' /Applications/MAMP/htdocs/Clockinout/application/controllers/admin/Employee.php 263
ERROR - 2023-05-24 17:38:26 --> Severity: Warning --> Illegal string offset 'name' /Applications/MAMP/htdocs/Clockinout/application/controllers/admin/Employee.php 263
ERROR - 2023-05-24 17:38:27 --> Could not find the language line "employee title employee_list"
ERROR - 2023-05-24 17:38:27 --> Could not find the language line "users title user_delete"
ERROR - 2023-05-24 17:38:27 --> Could not find the language line "users msg delete_confirm"
ERROR - 2023-05-24 17:38:28 --> Could not find the language line "employee title user_add"
ERROR - 2023-05-24 17:38:28 --> Severity: Warning --> Illegal string offset 'id' /Applications/MAMP/htdocs/Clockinout/application/controllers/admin/Employee.php 263
ERROR - 2023-05-24 17:38:28 --> Severity: Warning --> Illegal string offset 'name' /Applications/MAMP/htdocs/Clockinout/application/controllers/admin/Employee.php 263
ERROR - 2023-05-24 17:38:40 --> Could not find the language line "employee title employee_list"
ERROR - 2023-05-24 17:38:40 --> Could not find the language line "users title user_delete"
ERROR - 2023-05-24 17:38:40 --> Could not find the language line "users msg delete_confirm"
ERROR - 2023-05-24 17:38:41 --> Could not find the language line "employee title user_add"
ERROR - 2023-05-24 17:38:41 --> Severity: Warning --> Illegal string offset 'id' /Applications/MAMP/htdocs/Clockinout/application/controllers/admin/Employee.php 263
ERROR - 2023-05-24 17:38:41 --> Severity: Warning --> Illegal string offset 'name' /Applications/MAMP/htdocs/Clockinout/application/controllers/admin/Employee.php 263
ERROR - 2023-05-24 17:39:47 --> Could not find the language line "employee title user_add"
ERROR - 2023-05-24 17:39:47 --> Severity: Warning --> Invalid argument supplied for foreach() /Applications/MAMP/htdocs/Clockinout/application/controllers/admin/Employee.php 263
ERROR - 2023-05-24 17:40:28 --> Could not find the language line "employee title user_add"
ERROR - 2023-05-24 17:40:28 --> Severity: Warning --> Invalid argument supplied for foreach() /Applications/MAMP/htdocs/Clockinout/application/controllers/admin/Employee.php 263
ERROR - 2023-05-24 17:40:33 --> Could not find the language line "users title user_delete"
ERROR - 2023-05-24 17:40:33 --> Could not find the language line "users msg delete_confirm"
ERROR - 2023-05-24 17:40:36 --> Could not find the language line "employee title user_add"
ERROR - 2023-05-24 17:40:36 --> Severity: Warning --> Invalid argument supplied for foreach() /Applications/MAMP/htdocs/Clockinout/application/controllers/admin/Employee.php 263
ERROR - 2023-05-24 17:44:08 --> Could not find the language line "employee title user_add"
ERROR - 2023-05-24 17:44:08 --> Severity: Warning --> Invalid argument supplied for foreach() /Applications/MAMP/htdocs/Clockinout/application/controllers/admin/Employee.php 263
ERROR - 2023-05-24 17:44:10 --> Could not find the language line "employee title user_add"
ERROR - 2023-05-24 17:44:10 --> Severity: Warning --> Invalid argument supplied for foreach() /Applications/MAMP/htdocs/Clockinout/application/controllers/admin/Employee.php 263
ERROR - 2023-05-24 17:44:11 --> Could not find the language line "employee title user_add"
ERROR - 2023-05-24 17:44:11 --> Severity: Warning --> Invalid argument supplied for foreach() /Applications/MAMP/htdocs/Clockinout/application/controllers/admin/Employee.php 263
ERROR - 2023-05-24 17:44:20 --> Could not find the language line "employee title employee_list"
ERROR - 2023-05-24 17:44:20 --> Could not find the language line "users title user_delete"
ERROR - 2023-05-24 17:44:20 --> Could not find the language line "users msg delete_confirm"
ERROR - 2023-05-24 17:44:21 --> Could not find the language line "employee title user_add"
ERROR - 2023-05-24 17:44:21 --> Severity: Warning --> Invalid argument supplied for foreach() /Applications/MAMP/htdocs/Clockinout/application/controllers/admin/Employee.php 263
ERROR - 2023-05-24 17:44:27 --> Could not find the language line "employee title user_add"
ERROR - 2023-05-24 17:44:27 --> Severity: Warning --> Invalid argument supplied for foreach() /Applications/MAMP/htdocs/Clockinout/application/controllers/admin/Employee.php 263
ERROR - 2023-05-24 17:44:28 --> Could not find the language line "employee title user_add"
ERROR - 2023-05-24 17:44:28 --> Severity: Warning --> Invalid argument supplied for foreach() /Applications/MAMP/htdocs/Clockinout/application/controllers/admin/Employee.php 263
ERROR - 2023-05-24 17:44:29 --> Could not find the language line "employee title user_add"
ERROR - 2023-05-24 17:44:29 --> Severity: Warning --> Invalid argument supplied for foreach() /Applications/MAMP/htdocs/Clockinout/application/controllers/admin/Employee.php 263
ERROR - 2023-05-24 17:44:41 --> Could not find the language line "employee title user_add"
ERROR - 2023-05-24 17:44:41 --> Severity: Warning --> Invalid argument supplied for foreach() /Applications/MAMP/htdocs/Clockinout/application/controllers/admin/Employee.php 263
ERROR - 2023-05-24 17:44:42 --> Could not find the language line "employee title user_add"
ERROR - 2023-05-24 17:44:42 --> Severity: Warning --> Invalid argument supplied for foreach() /Applications/MAMP/htdocs/Clockinout/application/controllers/admin/Employee.php 263
ERROR - 2023-05-24 17:44:58 --> Could not find the language line "employee title employee_list"
ERROR - 2023-05-24 17:44:58 --> Could not find the language line "users title user_delete"
ERROR - 2023-05-24 17:44:58 --> Could not find the language line "users msg delete_confirm"
ERROR - 2023-05-24 17:45:02 --> Could not find the language line "users title user_delete"
ERROR - 2023-05-24 17:45:02 --> Could not find the language line "users msg delete_confirm"
ERROR - 2023-05-24 17:45:03 --> Could not find the language line "employee title user_add"
ERROR - 2023-05-24 17:45:03 --> Severity: Warning --> Invalid argument supplied for foreach() /Applications/MAMP/htdocs/Clockinout/application/controllers/admin/Employee.php 263
ERROR - 2023-05-24 17:46:33 --> Could not find the language line "employee title user_add"
ERROR - 2023-05-24 17:46:33 --> Severity: Warning --> Invalid argument supplied for foreach() /Applications/MAMP/htdocs/Clockinout/application/controllers/admin/Employee.php 263
ERROR - 2023-05-24 17:46:34 --> Could not find the language line "employee title user_add"
ERROR - 2023-05-24 17:46:34 --> Severity: Warning --> Invalid argument supplied for foreach() /Applications/MAMP/htdocs/Clockinout/application/controllers/admin/Employee.php 263
ERROR - 2023-05-24 17:47:54 --> Could not find the language line "employee title user_add"
ERROR - 2023-05-24 17:47:54 --> Severity: Warning --> Invalid argument supplied for foreach() /Applications/MAMP/htdocs/Clockinout/application/controllers/admin/Employee.php 263
ERROR - 2023-05-24 17:49:43 --> Could not find the language line "employee title user_add"
ERROR - 2023-05-24 17:49:43 --> Severity: Warning --> Invalid argument supplied for foreach() /Applications/MAMP/htdocs/Clockinout/application/controllers/admin/Employee.php 263
ERROR - 2023-05-24 17:50:13 --> Could not find the language line "employee title user_add"
ERROR - 2023-05-24 17:50:13 --> Severity: Warning --> Invalid argument supplied for foreach() /Applications/MAMP/htdocs/Clockinout/application/controllers/admin/Employee.php 263
ERROR - 2023-05-24 17:50:14 --> Could not find the language line "employee title user_add"
ERROR - 2023-05-24 17:50:14 --> Severity: Warning --> Invalid argument supplied for foreach() /Applications/MAMP/htdocs/Clockinout/application/controllers/admin/Employee.php 263
