ERROR - 2023-05-21 08:55:57 --> Could not find the language line "users input username"
ERROR - 2023-05-21 08:55:57 --> Could not find the language line "users input first_name"
ERROR - 2023-05-21 08:55:57 --> Could not find the language line "users input last_name"
ERROR - 2023-05-21 08:55:57 --> Could not find the language line "users input email"
ERROR - 2023-05-21 08:55:57 --> Could not find the language line "users input language"
ERROR - 2023-05-21 08:55:57 --> Could not find the language line "users input status"
ERROR - 2023-05-21 08:55:57 --> Could not find the language line "users input is_admin"
ERROR - 2023-05-21 08:55:57 --> Could not find the language line "users input password"
ERROR - 2023-05-21 08:55:57 --> Could not find the language line "users input password_repeat"
ERROR - 2023-05-21 08:55:57 --> Could not find the language line "users title user_add"
ERROR - 2023-05-21 08:55:57 --> Could not find the language line "users input username"
ERROR - 2023-05-21 08:55:57 --> Could not find the language line "users input first_name"
ERROR - 2023-05-21 08:55:57 --> Could not find the language line "users input last_name"
ERROR - 2023-05-21 08:55:57 --> Could not find the language line "users input language"
ERROR - 2023-05-21 08:55:57 --> Could not find the language line "users input email"
ERROR - 2023-05-21 08:55:57 --> Could not find the language line "users input status"
ERROR - 2023-05-21 08:55:57 --> Could not find the language line "users input is_admin"
ERROR - 2023-05-21 08:55:57 --> Could not find the language line "users input password"
ERROR - 2023-05-21 08:55:57 --> Could not find the language line "users input password_repeat"
ERROR - 2023-05-21 10:29:08 --> Severity: error --> Exception: Call to undefined method CI_Session::set_restaurantdata() /Applications/MAMP/htdocs/Clockinout/application/controllers/admin/Restaurants.php 86
ERROR - 2023-05-21 10:29:45 --> Severity: error --> Exception: Call to undefined method CI_Session::set_restaurantdata() /Applications/MAMP/htdocs/Clockinout/application/controllers/admin/Restaurants.php 86
ERROR - 2023-05-21 10:29:46 --> Severity: error --> Exception: Call to undefined method CI_Session::set_restaurantdata() /Applications/MAMP/htdocs/Clockinout/application/controllers/admin/Restaurants.php 86
ERROR - 2023-05-21 10:29:47 --> Severity: error --> Exception: Call to undefined method CI_Session::set_restaurantdata() /Applications/MAMP/htdocs/Clockinout/application/controllers/admin/Restaurants.php 86
ERROR - 2023-05-21 10:29:56 --> Severity: error --> Exception: Call to undefined method CI_Session::set_restaurantdata() /Applications/MAMP/htdocs/Clockinout/application/controllers/admin/Restaurants.php 86
ERROR - 2023-05-21 10:29:56 --> Severity: error --> Exception: Call to undefined method CI_Session::set_restaurantdata() /Applications/MAMP/htdocs/Clockinout/application/controllers/admin/Restaurants.php 86
ERROR - 2023-05-21 10:30:00 --> Could not find the language line "restaurants title user_add"
ERROR - 2023-05-21 10:30:00 --> Could not find the language line "users input username"
ERROR - 2023-05-21 10:30:00 --> Could not find the language line "users input first_name"
ERROR - 2023-05-21 10:30:00 --> Could not find the language line "users input last_name"
ERROR - 2023-05-21 10:30:00 --> Could not find the language line "users input language"
ERROR - 2023-05-21 10:30:00 --> Could not find the language line "users input email"
ERROR - 2023-05-21 10:30:00 --> Could not find the language line "users input status"
ERROR - 2023-05-21 10:30:00 --> Could not find the language line "users input is_admin"
ERROR - 2023-05-21 10:30:00 --> Could not find the language line "users input password"
ERROR - 2023-05-21 10:30:00 --> Could not find the language line "users input password_repeat"
ERROR - 2023-05-21 10:30:01 --> Severity: error --> Exception: Call to undefined method CI_Session::set_restaurantdata() /Applications/MAMP/htdocs/Clockinout/application/controllers/admin/Restaurants.php 86
ERROR - 2023-05-21 10:30:19 --> Severity: error --> Exception: Call to undefined method CI_Session::set_restaurant_data() /Applications/MAMP/htdocs/Clockinout/application/controllers/admin/Restaurants.php 86
ERROR - 2023-05-21 10:30:20 --> Severity: error --> Exception: Call to undefined method CI_Session::set_restaurant_data() /Applications/MAMP/htdocs/Clockinout/application/controllers/admin/Restaurants.php 86
ERROR - 2023-05-21 10:31:43 --> Query error: Unknown column 'last_name' in 'order clause' - Invalid query: 
            SELECT SQL_CALC_FOUND_ROWS *
            FROM restaurants
            WHERE deleted = '0'
         ORDER BY last_name asc LIMIT 0, 10
ERROR - 2023-05-21 10:39:02 --> Could not find the language line "restaurants title user_add"
ERROR - 2023-05-21 10:39:02 --> Could not find the language line "users input username"
ERROR - 2023-05-21 10:39:02 --> Could not find the language line "users input first_name"
ERROR - 2023-05-21 10:39:02 --> Could not find the language line "users input last_name"
ERROR - 2023-05-21 10:39:02 --> Could not find the language line "users input language"
ERROR - 2023-05-21 10:39:02 --> Could not find the language line "users input email"
ERROR - 2023-05-21 10:39:02 --> Could not find the language line "users input status"
ERROR - 2023-05-21 10:39:02 --> Could not find the language line "users input is_admin"
ERROR - 2023-05-21 10:39:02 --> Could not find the language line "users input password"
ERROR - 2023-05-21 10:39:02 --> Could not find the language line "users input password_repeat"
ERROR - 2023-05-21 10:40:05 --> Could not find the language line "restaurants title user_add"
ERROR - 2023-05-21 15:25:17 --> Could not find the language line "restaurants title user_add"
ERROR - 2023-05-21 15:27:03 --> Could not find the language line "restaurants title user_add"
ERROR - 2023-05-21 15:27:03 --> Could not find the language line "restaurants input name"
ERROR - 2023-05-21 15:27:39 --> Could not find the language line "restaurants title user_add"
ERROR - 2023-05-21 15:27:39 --> Could not find the language line "restaurants input name"
ERROR - 2023-05-21 15:27:40 --> Could not find the language line "restaurants title user_add"
ERROR - 2023-05-21 15:27:40 --> Could not find the language line "restaurants input name"
ERROR - 2023-05-21 15:28:08 --> Could not find the language line "restaurants title user_add"
ERROR - 2023-05-21 15:28:25 --> Could not find the language line "restaurants title user_add"
ERROR - 2023-05-21 15:28:28 --> Could not find the language line "restaurants title user_add"
ERROR - 2023-05-21 15:28:29 --> Could not find the language line "restaurants title user_add"
ERROR - 2023-05-21 15:28:31 --> Could not find the language line "restaurants title user_add"
ERROR - 2023-05-21 15:28:32 --> Could not find the language line "restaurants title user_add"
ERROR - 2023-05-21 15:28:34 --> Could not find the language line "restaurants title user_add"
ERROR - 2023-05-21 15:40:24 --> Could not find the language line "restaurants title user_add"
ERROR - 2023-05-21 15:40:24 --> Could not find the language line "restaurants input first_name"
ERROR - 2023-05-21 15:40:24 --> Could not find the language line "restaurants input last_name"
ERROR - 2023-05-21 15:40:24 --> Could not find the language line "restaurants input language"
ERROR - 2023-05-21 15:40:24 --> Could not find the language line "restaurants input is_admin"
ERROR - 2023-05-21 16:20:10 --> Could not find the language line "restaurants title user_add"
ERROR - 2023-05-21 16:20:10 --> Could not find the language line "restaurants input first_name"
ERROR - 2023-05-21 16:20:10 --> Could not find the language line "restaurants input last_name"
ERROR - 2023-05-21 16:20:10 --> Could not find the language line "restaurants input language"
ERROR - 2023-05-21 16:20:10 --> Could not find the language line "restaurants input is_admin"
ERROR - 2023-05-21 16:20:11 --> Could not find the language line "restaurants title user_add"
ERROR - 2023-05-21 16:20:11 --> Could not find the language line "restaurants input first_name"
ERROR - 2023-05-21 16:20:11 --> Could not find the language line "restaurants input last_name"
ERROR - 2023-05-21 16:20:11 --> Could not find the language line "restaurants input language"
ERROR - 2023-05-21 16:20:11 --> Could not find the language line "restaurants input is_admin"
ERROR - 2023-05-21 16:20:13 --> Could not find the language line "restaurants title user_add"
ERROR - 2023-05-21 16:20:13 --> Could not find the language line "restaurants input first_name"
ERROR - 2023-05-21 16:20:13 --> Could not find the language line "restaurants input last_name"
ERROR - 2023-05-21 16:20:13 --> Could not find the language line "restaurants input language"
ERROR - 2023-05-21 16:20:13 --> Could not find the language line "restaurants input is_admin"
ERROR - 2023-05-21 16:20:14 --> Could not find the language line "restaurants title user_add"
ERROR - 2023-05-21 16:20:14 --> Could not find the language line "restaurants input first_name"
ERROR - 2023-05-21 16:20:14 --> Could not find the language line "restaurants input last_name"
ERROR - 2023-05-21 16:20:14 --> Could not find the language line "restaurants input language"
ERROR - 2023-05-21 16:20:14 --> Could not find the language line "restaurants input is_admin"
ERROR - 2023-05-21 16:20:25 --> Could not find the language line "restaurants title user_add"
ERROR - 2023-05-21 16:20:25 --> Could not find the language line "restaurants input first_name"
ERROR - 2023-05-21 16:20:25 --> Could not find the language line "restaurants input last_name"
ERROR - 2023-05-21 16:20:25 --> Could not find the language line "restaurants input language"
ERROR - 2023-05-21 16:20:25 --> Could not find the language line "restaurants input is_admin"
ERROR - 2023-05-21 16:20:26 --> Could not find the language line "restaurants title user_add"
ERROR - 2023-05-21 16:20:26 --> Could not find the language line "restaurants input first_name"
ERROR - 2023-05-21 16:20:26 --> Could not find the language line "restaurants input last_name"
ERROR - 2023-05-21 16:20:26 --> Could not find the language line "restaurants input language"
ERROR - 2023-05-21 16:20:26 --> Could not find the language line "restaurants input is_admin"
ERROR - 2023-05-21 16:20:30 --> Could not find the language line "restaurants title user_add"
ERROR - 2023-05-21 16:20:30 --> Could not find the language line "restaurants input first_name"
ERROR - 2023-05-21 16:20:30 --> Could not find the language line "restaurants input last_name"
ERROR - 2023-05-21 16:20:30 --> Could not find the language line "restaurants input language"
ERROR - 2023-05-21 16:20:30 --> Could not find the language line "restaurants input is_admin"
ERROR - 2023-05-21 16:20:33 --> Could not find the language line "restaurants title user_add"
ERROR - 2023-05-21 16:20:33 --> Could not find the language line "restaurants input first_name"
ERROR - 2023-05-21 16:20:33 --> Could not find the language line "restaurants input last_name"
ERROR - 2023-05-21 16:20:33 --> Could not find the language line "restaurants input language"
ERROR - 2023-05-21 16:20:33 --> Could not find the language line "restaurants input is_admin"
ERROR - 2023-05-21 16:20:53 --> Could not find the language line "restaurants title user_add"
ERROR - 2023-05-21 16:20:53 --> Could not find the language line "restaurants input first_name"
ERROR - 2023-05-21 16:20:53 --> Could not find the language line "restaurants input last_name"
ERROR - 2023-05-21 16:20:53 --> Could not find the language line "restaurants input language"
ERROR - 2023-05-21 16:20:53 --> Could not find the language line "restaurants input is_admin"
ERROR - 2023-05-21 17:24:01 --> Could not find the language line "restaurants title user_add"
ERROR - 2023-05-21 17:28:24 --> Could not find the language line "restaurants title user_add"
ERROR - 2023-05-21 17:28:50 --> Could not find the language line "restaurants title user_add"
ERROR - 2023-05-21 17:28:51 --> Could not find the language line "restaurants title user_add"
ERROR - 2023-05-21 17:28:52 --> Could not find the language line "restaurants title user_add"
ERROR - 2023-05-21 17:28:53 --> Could not find the language line "restaurants title user_add"
ERROR - 2023-05-21 17:28:59 --> Could not find the language line "restaurants title user_add"
ERROR - 2023-05-21 17:29:55 --> Could not find the language line "restaurants title user_add"
ERROR - 2023-05-21 17:30:00 --> Could not find the language line "restaurants title user_add"
ERROR - 2023-05-21 17:30:01 --> Could not find the language line "restaurants title user_add"
ERROR - 2023-05-21 17:30:19 --> Could not find the language line "restaurants title user_add"
ERROR - 2023-05-21 17:30:21 --> Could not find the language line "restaurants title user_add"
ERROR - 2023-05-21 17:30:51 --> Could not find the language line "restaurants title user_add"
ERROR - 2023-05-21 17:30:52 --> Could not find the language line "restaurants title user_add"
ERROR - 2023-05-21 17:30:54 --> Could not find the language line "restaurants title user_add"
ERROR - 2023-05-21 17:31:21 --> Could not find the language line "restaurants title user_add"
ERROR - 2023-05-21 17:31:34 --> Could not find the language line "restaurants title user_add"
ERROR - 2023-05-21 17:49:23 --> Could not find the language line "restaurants title user_add"
ERROR - 2023-05-21 17:50:19 --> Could not find the language line "form_validation__check_name"
ERROR - 2023-05-21 17:50:19 --> Could not find the language line "restaurants title user_add"
ERROR - 2023-05-21 17:57:40 --> Could not find the language line "form_validation__check_name"
ERROR - 2023-05-21 17:57:40 --> Could not find the language line "restaurants title user_add"
ERROR - 2023-05-21 17:58:03 --> Could not find the language line "restaurants title user_add"
ERROR - 2023-05-21 17:59:28 --> Severity: Warning --> Invalid argument supplied for foreach() /Applications/MAMP/htdocs/Clockinout/application/views/admin/restaurants/list.php 59
ERROR - 2023-05-21 17:59:28 --> Severity: Warning --> Invalid argument supplied for foreach() /Applications/MAMP/htdocs/Clockinout/application/views/admin/restaurants/list.php 125
ERROR - 2023-05-21 17:59:45 --> Severity: Warning --> Invalid argument supplied for foreach() /Applications/MAMP/htdocs/Clockinout/application/views/admin/restaurants/list.php 59
ERROR - 2023-05-21 17:59:45 --> Severity: Warning --> Invalid argument supplied for foreach() /Applications/MAMP/htdocs/Clockinout/application/views/admin/restaurants/list.php 125
ERROR - 2023-05-21 18:01:28 --> Severity: Warning --> Invalid argument supplied for foreach() /Applications/MAMP/htdocs/Clockinout/application/views/admin/restaurants/list.php 59
ERROR - 2023-05-21 18:01:28 --> Severity: Warning --> Invalid argument supplied for foreach() /Applications/MAMP/htdocs/Clockinout/application/views/admin/restaurants/list.php 125
ERROR - 2023-05-21 18:01:29 --> Severity: Warning --> Invalid argument supplied for foreach() /Applications/MAMP/htdocs/Clockinout/application/views/admin/restaurants/list.php 59
ERROR - 2023-05-21 18:01:29 --> Severity: Warning --> Invalid argument supplied for foreach() /Applications/MAMP/htdocs/Clockinout/application/views/admin/restaurants/list.php 125
ERROR - 2023-05-21 18:01:34 --> Severity: Warning --> Invalid argument supplied for foreach() /Applications/MAMP/htdocs/Clockinout/application/views/admin/restaurants/list.php 59
ERROR - 2023-05-21 18:01:34 --> Severity: Warning --> Invalid argument supplied for foreach() /Applications/MAMP/htdocs/Clockinout/application/views/admin/restaurants/list.php 125
ERROR - 2023-05-21 18:01:34 --> Severity: Warning --> Invalid argument supplied for foreach() /Applications/MAMP/htdocs/Clockinout/application/views/admin/restaurants/list.php 59
ERROR - 2023-05-21 18:01:34 --> Severity: Warning --> Invalid argument supplied for foreach() /Applications/MAMP/htdocs/Clockinout/application/views/admin/restaurants/list.php 125
ERROR - 2023-05-21 18:01:36 --> Severity: Warning --> Invalid argument supplied for foreach() /Applications/MAMP/htdocs/Clockinout/application/views/admin/restaurants/list.php 59
ERROR - 2023-05-21 18:01:36 --> Severity: Warning --> Invalid argument supplied for foreach() /Applications/MAMP/htdocs/Clockinout/application/views/admin/restaurants/list.php 125
ERROR - 2023-05-21 18:01:39 --> Severity: Warning --> Invalid argument supplied for foreach() /Applications/MAMP/htdocs/Clockinout/application/views/admin/restaurants/list.php 59
ERROR - 2023-05-21 18:01:39 --> Severity: Warning --> Invalid argument supplied for foreach() /Applications/MAMP/htdocs/Clockinout/application/views/admin/restaurants/list.php 125
ERROR - 2023-05-21 18:02:09 --> Severity: Warning --> Invalid argument supplied for foreach() /Applications/MAMP/htdocs/Clockinout/application/views/admin/restaurants/list.php 59
ERROR - 2023-05-21 18:02:09 --> Severity: Warning --> Invalid argument supplied for foreach() /Applications/MAMP/htdocs/Clockinout/application/views/admin/restaurants/list.php 125
ERROR - 2023-05-21 18:02:11 --> Severity: Warning --> Invalid argument supplied for foreach() /Applications/MAMP/htdocs/Clockinout/application/views/admin/restaurants/list.php 59
ERROR - 2023-05-21 18:02:11 --> Severity: Warning --> Invalid argument supplied for foreach() /Applications/MAMP/htdocs/Clockinout/application/views/admin/restaurants/list.php 125
ERROR - 2023-05-21 18:02:12 --> Severity: Warning --> Invalid argument supplied for foreach() /Applications/MAMP/htdocs/Clockinout/application/views/admin/restaurants/list.php 59
ERROR - 2023-05-21 18:02:12 --> Severity: Warning --> Invalid argument supplied for foreach() /Applications/MAMP/htdocs/Clockinout/application/views/admin/restaurants/list.php 125
ERROR - 2023-05-21 18:02:14 --> Severity: Warning --> Invalid argument supplied for foreach() /Applications/MAMP/htdocs/Clockinout/application/views/admin/restaurants/list.php 59
ERROR - 2023-05-21 18:02:14 --> Severity: Warning --> Invalid argument supplied for foreach() /Applications/MAMP/htdocs/Clockinout/application/views/admin/restaurants/list.php 125
ERROR - 2023-05-21 18:02:18 --> Severity: Warning --> Invalid argument supplied for foreach() /Applications/MAMP/htdocs/Clockinout/application/views/admin/restaurants/list.php 59
ERROR - 2023-05-21 18:02:18 --> Severity: Warning --> Invalid argument supplied for foreach() /Applications/MAMP/htdocs/Clockinout/application/views/admin/restaurants/list.php 125
ERROR - 2023-05-21 18:02:21 --> Severity: Warning --> Invalid argument supplied for foreach() /Applications/MAMP/htdocs/Clockinout/application/views/admin/restaurants/list.php 59
ERROR - 2023-05-21 18:02:21 --> Severity: Warning --> Invalid argument supplied for foreach() /Applications/MAMP/htdocs/Clockinout/application/views/admin/restaurants/list.php 125
ERROR - 2023-05-21 18:02:22 --> Severity: Warning --> Invalid argument supplied for foreach() /Applications/MAMP/htdocs/Clockinout/application/views/admin/restaurants/list.php 59
ERROR - 2023-05-21 18:02:22 --> Severity: Warning --> Invalid argument supplied for foreach() /Applications/MAMP/htdocs/Clockinout/application/views/admin/restaurants/list.php 125
ERROR - 2023-05-21 18:03:32 --> Severity: Warning --> Invalid argument supplied for foreach() /Applications/MAMP/htdocs/Clockinout/application/views/admin/restaurants/list.php 125
ERROR - 2023-05-21 18:04:32 --> Severity: Warning --> Invalid argument supplied for foreach() /Applications/MAMP/htdocs/Clockinout/application/views/admin/restaurants/list.php 125
ERROR - 2023-05-21 18:04:34 --> Could not find the language line "users title user_delete"
ERROR - 2023-05-21 18:04:34 --> Could not find the language line "users msg delete_confirm"
ERROR - 2023-05-21 18:11:31 --> Could not find the language line "users title user_delete"
ERROR - 2023-05-21 18:11:31 --> Could not find the language line "users msg delete_confirm"
ERROR - 2023-05-21 18:17:56 --> Could not find the language line "restaurants title user_edit"
ERROR - 2023-05-21 18:18:00 --> Could not find the language line "users title user_delete"
ERROR - 2023-05-21 18:18:00 --> Could not find the language line "users msg delete_confirm"
ERROR - 2023-05-21 18:24:46 --> Severity: error --> Exception: /Applications/MAMP/htdocs/Clockinout/application/models/Employee_model.php exists, but doesn't declare class Employee_model /Applications/MAMP/htdocs/Clockinout/system/core/Loader.php 340
ERROR - 2023-05-21 18:26:09 --> Query error: Unknown column 'deleted' in 'where clause' - Invalid query: 
            SELECT SQL_CALC_FOUND_ROWS *
            FROM employee
            WHERE deleted = '0'
         ORDER BY name asc LIMIT 0, 10
ERROR - 2023-05-21 19:05:56 --> Could not find the language line "users title user_delete"
ERROR - 2023-05-21 19:05:56 --> Could not find the language line "users msg delete_confirm"
ERROR - 2023-05-21 19:05:58 --> Could not find the language line "users title user_delete"
ERROR - 2023-05-21 19:05:58 --> Could not find the language line "users msg delete_confirm"
ERROR - 2023-05-21 19:06:07 --> Could not find the language line "users title user_delete"
ERROR - 2023-05-21 19:06:07 --> Could not find the language line "users msg delete_confirm"
ERROR - 2023-05-21 19:06:13 --> Could not find the language line "users title user_delete"
ERROR - 2023-05-21 19:06:13 --> Could not find the language line "users msg delete_confirm"
ERROR - 2023-05-21 19:06:15 --> Could not find the language line "users title user_delete"
ERROR - 2023-05-21 19:06:15 --> Could not find the language line "users msg delete_confirm"
ERROR - 2023-05-21 19:06:17 --> Could not find the language line "users title user_delete"
ERROR - 2023-05-21 19:06:17 --> Could not find the language line "users msg delete_confirm"
ERROR - 2023-05-21 19:06:19 --> Could not find the language line "users title user_delete"
ERROR - 2023-05-21 19:06:19 --> Could not find the language line "users msg delete_confirm"
ERROR - 2023-05-21 19:54:04 --> Could not find the language line "users title user_delete"
ERROR - 2023-05-21 19:54:04 --> Could not find the language line "users msg delete_confirm"
ERROR - 2023-05-21 19:54:19 --> Could not find the language line "users title user_delete"
ERROR - 2023-05-21 19:54:19 --> Could not find the language line "users msg delete_confirm"
ERROR - 2023-05-21 19:54:22 --> Could not find the language line "users title user_delete"
ERROR - 2023-05-21 19:54:22 --> Could not find the language line "users msg delete_confirm"
ERROR - 2023-05-21 19:55:48 --> Could not find the language line "users title user_delete"
ERROR - 2023-05-21 19:55:48 --> Could not find the language line "users msg delete_confirm"
ERROR - 2023-05-21 20:06:52 --> Could not find the language line "employee title user_add"
ERROR - 2023-05-21 20:07:01 --> Could not find the language line "users title user_delete"
ERROR - 2023-05-21 20:07:01 --> Could not find the language line "users msg delete_confirm"
ERROR - 2023-05-21 20:07:03 --> Could not find the language line "restaurants title user_add"
ERROR - 2023-05-21 20:07:05 --> Could not find the language line "users title user_delete"
ERROR - 2023-05-21 20:07:05 --> Could not find the language line "users msg delete_confirm"
ERROR - 2023-05-21 20:07:09 --> Could not find the language line "employee title user_add"
ERROR - 2023-05-21 20:55:03 --> Could not find the language line "users title user_delete"
ERROR - 2023-05-21 20:55:03 --> Could not find the language line "users msg delete_confirm"
ERROR - 2023-05-21 20:56:10 --> Could not find the language line "users title user_delete"
ERROR - 2023-05-21 20:56:10 --> Could not find the language line "users msg delete_confirm"
ERROR - 2023-05-21 20:56:12 --> Could not find the language line "users title user_delete"
ERROR - 2023-05-21 20:56:12 --> Could not find the language line "users msg delete_confirm"
ERROR - 2023-05-21 20:56:29 --> Could not find the language line "users title user_delete"
ERROR - 2023-05-21 20:56:29 --> Could not find the language line "users msg delete_confirm"
ERROR - 2023-05-21 20:56:30 --> Could not find the language line "users title user_delete"
ERROR - 2023-05-21 20:56:30 --> Could not find the language line "users msg delete_confirm"
ERROR - 2023-05-21 20:56:32 --> Could not find the language line "users title user_delete"
ERROR - 2023-05-21 20:56:32 --> Could not find the language line "users msg delete_confirm"
ERROR - 2023-05-21 20:56:46 --> Could not find the language line "users title user_delete"
ERROR - 2023-05-21 20:56:46 --> Could not find the language line "users msg delete_confirm"
ERROR - 2023-05-21 20:56:49 --> Could not find the language line "users title user_delete"
ERROR - 2023-05-21 20:56:49 --> Could not find the language line "users msg delete_confirm"
ERROR - 2023-05-21 20:56:50 --> Could not find the language line "users title user_delete"
ERROR - 2023-05-21 20:56:50 --> Could not find the language line "users msg delete_confirm"
ERROR - 2023-05-21 20:56:51 --> Could not find the language line "users title user_delete"
ERROR - 2023-05-21 20:56:51 --> Could not find the language line "users msg delete_confirm"
ERROR - 2023-05-21 20:56:54 --> Could not find the language line "users title user_delete"
ERROR - 2023-05-21 20:56:54 --> Could not find the language line "users msg delete_confirm"
ERROR - 2023-05-21 20:57:03 --> Could not find the language line "users title user_delete"
ERROR - 2023-05-21 20:57:03 --> Could not find the language line "users msg delete_confirm"
ERROR - 2023-05-21 20:57:04 --> Could not find the language line "users title user_delete"
ERROR - 2023-05-21 20:57:04 --> Could not find the language line "users msg delete_confirm"
ERROR - 2023-05-21 20:57:09 --> Could not find the language line "users title user_delete"
ERROR - 2023-05-21 20:57:09 --> Could not find the language line "users msg delete_confirm"
ERROR - 2023-05-21 20:57:53 --> Could not find the language line "users title user_delete"
ERROR - 2023-05-21 20:57:53 --> Could not find the language line "users msg delete_confirm"
ERROR - 2023-05-21 20:57:55 --> Could not find the language line "users title user_delete"
ERROR - 2023-05-21 20:57:55 --> Could not find the language line "users msg delete_confirm"
ERROR - 2023-05-21 20:58:14 --> Could not find the language line "users title user_delete"
ERROR - 2023-05-21 20:58:14 --> Could not find the language line "users msg delete_confirm"
ERROR - 2023-05-21 20:58:15 --> Could not find the language line "users title user_delete"
ERROR - 2023-05-21 20:58:15 --> Could not find the language line "users msg delete_confirm"
ERROR - 2023-05-21 20:58:17 --> Could not find the language line "users title user_delete"
ERROR - 2023-05-21 20:58:17 --> Could not find the language line "users msg delete_confirm"
ERROR - 2023-05-21 20:58:18 --> Could not find the language line "users title user_delete"
ERROR - 2023-05-21 20:58:18 --> Could not find the language line "users msg delete_confirm"
ERROR - 2023-05-21 20:58:20 --> Could not find the language line "users title user_delete"
ERROR - 2023-05-21 20:58:20 --> Could not find the language line "users msg delete_confirm"
ERROR - 2023-05-21 20:58:24 --> Could not find the language line "users title user_delete"
ERROR - 2023-05-21 20:58:24 --> Could not find the language line "users msg delete_confirm"
ERROR - 2023-05-21 20:58:26 --> Could not find the language line "users title user_delete"
ERROR - 2023-05-21 20:58:26 --> Could not find the language line "users msg delete_confirm"
ERROR - 2023-05-21 20:58:28 --> Could not find the language line "users title user_delete"
ERROR - 2023-05-21 20:58:28 --> Could not find the language line "users msg delete_confirm"
ERROR - 2023-05-21 20:58:29 --> Could not find the language line "users title user_delete"
ERROR - 2023-05-21 20:58:29 --> Could not find the language line "users msg delete_confirm"
ERROR - 2023-05-21 20:58:30 --> Could not find the language line "users title user_delete"
ERROR - 2023-05-21 20:58:30 --> Could not find the language line "users msg delete_confirm"
ERROR - 2023-05-21 20:58:32 --> Could not find the language line "users title user_delete"
ERROR - 2023-05-21 20:58:32 --> Could not find the language line "users msg delete_confirm"
ERROR - 2023-05-21 20:58:36 --> Could not find the language line "users title user_delete"
ERROR - 2023-05-21 20:58:36 --> Could not find the language line "users msg delete_confirm"
ERROR - 2023-05-21 20:58:37 --> Could not find the language line "users title user_delete"
ERROR - 2023-05-21 20:58:37 --> Could not find the language line "users msg delete_confirm"
ERROR - 2023-05-21 20:59:22 --> Could not find the language line "users title user_delete"
ERROR - 2023-05-21 20:59:22 --> Could not find the language line "users msg delete_confirm"
ERROR - 2023-05-21 20:59:24 --> Query error: You have an error in your SQL syntax; check the manual that corresponds to your MySQL server version for the right syntax to use near 'AS restaurant
            FROM employee, 
            WHERE deleted = '0' AND em' at line 1 - Invalid query: 
            SELECT SQL_CALC_FOUND_ROWS employee.*, .name AS restaurant
            FROM employee, 
            WHERE deleted = '0' AND employee.id_restourant = .id
         ORDER BY name asc LIMIT 0, 10
ERROR - 2023-05-21 21:00:13 --> Query error: You have an error in your SQL syntax; check the manual that corresponds to your MySQL server version for the right syntax to use near 'AS restaurant
            FROM employee, 
            WHERE deleted = '0' AND em' at line 1 - Invalid query: 
            SELECT SQL_CALC_FOUND_ROWS employee.*, .name AS restaurant
            FROM employee, 
            WHERE deleted = '0' AND employee.id_restourant = .id
         ORDER BY name asc LIMIT 0, 10
ERROR - 2023-05-21 21:00:14 --> Query error: You have an error in your SQL syntax; check the manual that corresponds to your MySQL server version for the right syntax to use near 'AS restaurant
            FROM employee, 
            WHERE deleted = '0' AND em' at line 1 - Invalid query: 
            SELECT SQL_CALC_FOUND_ROWS employee.*, .name AS restaurant
            FROM employee, 
            WHERE deleted = '0' AND employee.id_restourant = .id
         ORDER BY name asc LIMIT 0, 10
ERROR - 2023-05-21 21:00:16 --> Query error: You have an error in your SQL syntax; check the manual that corresponds to your MySQL server version for the right syntax to use near 'AS restaurant
            FROM employee, 
            WHERE deleted = '0' AND em' at line 1 - Invalid query: 
            SELECT SQL_CALC_FOUND_ROWS employee.*, .name AS restaurant
            FROM employee, 
            WHERE deleted = '0' AND employee.id_restourant = .id
         ORDER BY name asc LIMIT 0, 10
ERROR - 2023-05-21 21:00:18 --> Query error: You have an error in your SQL syntax; check the manual that corresponds to your MySQL server version for the right syntax to use near 'AS restaurant
            FROM employee, 
            WHERE deleted = '0' AND em' at line 1 - Invalid query: 
            SELECT SQL_CALC_FOUND_ROWS employee.*, .name AS restaurant
            FROM employee, 
            WHERE deleted = '0' AND employee.id_restourant = .id
         ORDER BY name asc LIMIT 0, 10
ERROR - 2023-05-21 21:00:19 --> Query error: You have an error in your SQL syntax; check the manual that corresponds to your MySQL server version for the right syntax to use near 'AS restaurant
            FROM employee, 
            WHERE deleted = '0' AND em' at line 1 - Invalid query: 
            SELECT SQL_CALC_FOUND_ROWS employee.*, .name AS restaurant
            FROM employee, 
            WHERE deleted = '0' AND employee.id_restourant = .id
         ORDER BY name asc LIMIT 0, 10
ERROR - 2023-05-21 21:01:43 --> Query error: Column 'deleted' in where clause is ambiguous - Invalid query: 
            SELECT SQL_CALC_FOUND_ROWS employee.*, restaurants.name AS restaurant
            FROM employee, restaurants
            WHERE deleted = '0' AND employee.id_restourant = restaurants.id
         ORDER BY name asc LIMIT 0, 10
ERROR - 2023-05-21 21:02:25 --> Query error: Column 'deleted' in where clause is ambiguous - Invalid query: 
            SELECT SQL_CALC_FOUND_ROWS employee.*, restaurants.name AS restaurant
            FROM employee, restaurants
            WHERE deleted = '0' AND employee.id_restourant = restaurants.id
         ORDER BY name asc LIMIT 0, 10
ERROR - 2023-05-21 21:02:26 --> Query error: Column 'deleted' in where clause is ambiguous - Invalid query: 
            SELECT SQL_CALC_FOUND_ROWS employee.*, restaurants.name AS restaurant
            FROM employee, restaurants
            WHERE deleted = '0' AND employee.id_restourant = restaurants.id
         ORDER BY name asc LIMIT 0, 10
ERROR - 2023-05-21 21:02:27 --> Query error: Column 'deleted' in where clause is ambiguous - Invalid query: 
            SELECT SQL_CALC_FOUND_ROWS employee.*, restaurants.name AS restaurant
            FROM employee, restaurants
            WHERE deleted = '0' AND employee.id_restourant = restaurants.id
         ORDER BY name asc LIMIT 0, 10
ERROR - 2023-05-21 21:02:36 --> Query error: Column 'deleted' in where clause is ambiguous - Invalid query: 
            SELECT SQL_CALC_FOUND_ROWS employee.*, restaurants.name AS restaurant
            FROM employee, restaurants
            WHERE deleted = '0' AND employee.id_restourant = restaurants.id
         ORDER BY name asc LIMIT 0, 10
ERROR - 2023-05-21 21:02:37 --> Query error: Column 'deleted' in where clause is ambiguous - Invalid query: 
            SELECT SQL_CALC_FOUND_ROWS employee.*, restaurants.name AS restaurant
            FROM employee, restaurants
            WHERE deleted = '0' AND employee.id_restourant = restaurants.id
         ORDER BY name asc LIMIT 0, 10
ERROR - 2023-05-21 21:02:40 --> Query error: Column 'deleted' in where clause is ambiguous - Invalid query: 
            SELECT SQL_CALC_FOUND_ROWS employee.*, restaurants.name AS restaurant
            FROM employee, restaurants
            WHERE deleted = '0' AND employee.id_restourant = restaurants.id
         ORDER BY name asc LIMIT 0, 10
ERROR - 2023-05-21 21:04:07 --> Could not find the language line "users title user_delete"
ERROR - 2023-05-21 21:04:07 --> Could not find the language line "users msg delete_confirm"
ERROR - 2023-05-21 21:04:31 --> Could not find the language line "users title user_delete"
ERROR - 2023-05-21 21:04:31 --> Could not find the language line "users msg delete_confirm"
