ERROR - 2023-06-07 03:29:49 --> Language file contains no data: language/english/import_lang.php
ERROR - 2023-06-07 03:29:59 --> Language file contains no data: language/english/import_lang.php
ERROR - 2023-06-07 03:29:59 --> Could not find the language line "contact input created"
ERROR - 2023-06-07 03:29:59 --> Could not find the language line "contact input created"
ERROR - 2023-06-07 03:30:10 --> Language file contains no data: language/english/import_lang.php
ERROR - 2023-06-07 03:30:10 --> Query error: Column 'id_employee' cannot be null - Invalid query: 
                INSERT INTO day_off (
                    id_employee,
                    id_period,
                    day,
                    type,
                    duration
                ) VALUES (
                    NULL,
                    NULL,
                    NULL,
                    NULL,
                    NULL
                )
            
ERROR - 2023-06-07 03:31:59 --> Language file contains no data: language/english/import_lang.php
ERROR - 2023-06-07 03:32:09 --> Language file contains no data: language/english/import_lang.php
ERROR - 2023-06-07 03:32:09 --> Could not find the language line "contact input created"
ERROR - 2023-06-07 03:32:09 --> Could not find the language line "contact input created"
ERROR - 2023-06-07 03:32:18 --> Language file contains no data: language/english/import_lang.php
ERROR - 2023-06-07 03:32:18 --> Query error: Column 'id_employee' cannot be null - Invalid query: 
                INSERT INTO day_off (
                    id_employee,
                    id_period,
                    day,
                    type,
                    duration
                ) VALUES (
                    NULL,
                    NULL,
                    NULL,
                    NULL,
                    NULL
                )
            
ERROR - 2023-06-07 03:33:10 --> Language file contains no data: language/english/import_lang.php
ERROR - 2023-06-07 03:33:19 --> Language file contains no data: language/english/import_lang.php
ERROR - 2023-06-07 03:33:19 --> Could not find the language line "contact input created"
ERROR - 2023-06-07 03:33:19 --> Could not find the language line "contact input created"
ERROR - 2023-06-07 03:33:31 --> Language file contains no data: language/english/import_lang.php
ERROR - 2023-06-07 03:34:06 --> Language file contains no data: language/english/import_lang.php
ERROR - 2023-06-07 03:35:10 --> Language file contains no data: language/english/import_lang.php
ERROR - 2023-06-07 03:35:10 --> Could not find the language line "contact input created"
ERROR - 2023-06-07 03:35:10 --> Could not find the language line "contact input created"
ERROR - 2023-06-07 03:35:20 --> Language file contains no data: language/english/import_lang.php
ERROR - 2023-06-07 03:35:27 --> Could not find the language line "users title user_delete"
ERROR - 2023-06-07 03:35:55 --> Could not find the language line "users title user_delete"
ERROR - 2023-06-07 03:36:24 --> Could not find the language line "users title user_delete"
ERROR - 2023-06-07 03:52:35 --> Language file contains no data: language/english/import_lang.php
ERROR - 2023-06-07 03:52:45 --> Language file contains no data: language/english/import_lang.php
ERROR - 2023-06-07 03:52:45 --> Could not find the language line "contact input created"
ERROR - 2023-06-07 03:52:45 --> Could not find the language line "contact input created"
ERROR - 2023-06-07 03:52:55 --> Language file contains no data: language/english/import_lang.php
ERROR - 2023-06-07 03:53:09 --> Could not find the language line "users title user_delete"
ERROR - 2023-06-07 03:56:16 --> Could not find the language line "users title user_delete"
ERROR - 2023-06-07 04:01:15 --> Could not find the language line "users title user_delete"
ERROR - 2023-06-07 04:02:54 --> Language file contains no data: language/english/import_lang.php
ERROR - 2023-06-07 04:10:20 --> Language file contains no data: language/english/import_lang.php
ERROR - 2023-06-07 04:10:21 --> Could not find the language line "contact input created"
ERROR - 2023-06-07 04:10:21 --> Could not find the language line "contact input created"
ERROR - 2023-06-07 04:10:35 --> Language file contains no data: language/english/import_lang.php
ERROR - 2023-06-07 04:10:45 --> Could not find the language line "users title user_delete"
ERROR - 2023-06-07 04:11:15 --> Could not find the language line "users title user_delete"
ERROR - 2023-06-07 04:17:40 --> Language file contains no data: language/english/import_lang.php
ERROR - 2023-06-07 04:17:48 --> Language file contains no data: language/english/import_lang.php
ERROR - 2023-06-07 04:17:48 --> Could not find the language line "contact input created"
ERROR - 2023-06-07 04:17:48 --> Could not find the language line "contact input created"
ERROR - 2023-06-07 04:17:56 --> Language file contains no data: language/english/import_lang.php
ERROR - 2023-06-07 04:17:56 --> Query error: Column 'day' cannot be null - Invalid query: 
                INSERT INTO day_off (
                    id_employee,
                    id_period,
                    day,
                    type,
                    duration
                ) VALUES (
                    314,
                    285,
                    NULL,
                    'full_day',
                    43200
                )
            
ERROR - 2023-06-07 04:19:38 --> Language file contains no data: language/english/import_lang.php
ERROR - 2023-06-07 04:19:46 --> Language file contains no data: language/english/import_lang.php
ERROR - 2023-06-07 04:19:46 --> Could not find the language line "contact input created"
ERROR - 2023-06-07 04:19:46 --> Could not find the language line "contact input created"
ERROR - 2023-06-07 04:19:53 --> Language file contains no data: language/english/import_lang.php
ERROR - 2023-06-07 04:21:59 --> Language file contains no data: language/english/import_lang.php
ERROR - 2023-06-07 04:22:07 --> Language file contains no data: language/english/import_lang.php
ERROR - 2023-06-07 04:22:07 --> Could not find the language line "contact input created"
ERROR - 2023-06-07 04:22:07 --> Could not find the language line "contact input created"
ERROR - 2023-06-07 04:22:14 --> Language file contains no data: language/english/import_lang.php
ERROR - 2023-06-07 04:22:33 --> Language file contains no data: language/english/import_lang.php
ERROR - 2023-06-07 04:22:44 --> Language file contains no data: language/english/import_lang.php
ERROR - 2023-06-07 04:22:44 --> Could not find the language line "contact input created"
ERROR - 2023-06-07 04:22:44 --> Could not find the language line "contact input created"
ERROR - 2023-06-07 04:22:51 --> Language file contains no data: language/english/import_lang.php
ERROR - 2023-06-07 04:25:55 --> Language file contains no data: language/english/import_lang.php
ERROR - 2023-06-07 04:26:02 --> Language file contains no data: language/english/import_lang.php
ERROR - 2023-06-07 04:26:02 --> Could not find the language line "contact input created"
ERROR - 2023-06-07 04:26:02 --> Could not find the language line "contact input created"
ERROR - 2023-06-07 04:26:11 --> Language file contains no data: language/english/import_lang.php
ERROR - 2023-06-07 05:21:39 --> Language file contains no data: language/english/import_lang.php
