ERROR - 2023-05-23 02:12:57 --> Could not find the language line "users title user_delete"
ERROR - 2023-05-23 02:12:57 --> Could not find the language line "users msg delete_confirm"
ERROR - 2023-05-23 02:13:02 --> Could not find the language line "employee title employee_list"
ERROR - 2023-05-23 02:13:02 --> Could not find the language line "users title user_delete"
ERROR - 2023-05-23 02:13:02 --> Could not find the language line "users msg delete_confirm"
ERROR - 2023-05-23 02:13:06 --> Could not find the language line "users title user_delete"
ERROR - 2023-05-23 02:13:06 --> Could not find the language line "users msg delete_confirm"
ERROR - 2023-05-23 02:13:08 --> Could not find the language line "restaurants title user_add"
ERROR - 2023-05-23 02:13:10 --> Could not find the language line "employee title employee_list"
ERROR - 2023-05-23 02:13:10 --> Could not find the language line "users title user_delete"
ERROR - 2023-05-23 02:13:10 --> Could not find the language line "users msg delete_confirm"
ERROR - 2023-05-23 02:13:13 --> Could not find the language line "employee title user_add"
ERROR - 2023-05-23 02:13:24 --> Could not find the language line "employee title employee_list"
ERROR - 2023-05-23 02:13:24 --> Could not find the language line "users title user_delete"
ERROR - 2023-05-23 02:13:24 --> Could not find the language line "users msg delete_confirm"
ERROR - 2023-05-23 02:13:27 --> Could not find the language line "scheduling title scheduling_list"
ERROR - 2023-05-23 02:13:30 --> Could not find the language line "scheduling title period_add"
ERROR - 2023-05-23 02:16:22 --> Could not find the language line "users title user_delete"
ERROR - 2023-05-23 02:16:22 --> Could not find the language line "users msg delete_confirm"
ERROR - 2023-05-23 02:16:25 --> Could not find the language line "employee title employee_list"
ERROR - 2023-05-23 02:16:25 --> Could not find the language line "users title user_delete"
ERROR - 2023-05-23 02:16:25 --> Could not find the language line "users msg delete_confirm"
ERROR - 2023-05-23 02:16:27 --> Could not find the language line "employee title user_add"
ERROR - 2023-05-23 02:16:30 --> Could not find the language line "employee title employee_list"
ERROR - 2023-05-23 02:16:30 --> Could not find the language line "users title user_delete"
ERROR - 2023-05-23 02:16:30 --> Could not find the language line "users msg delete_confirm"
ERROR - 2023-05-23 02:16:32 --> Could not find the language line "scheduling title scheduling_list"
ERROR - 2023-05-23 02:16:34 --> Could not find the language line "scheduling title period_add"
ERROR - 2023-05-23 04:50:24 --> Could not find the language line "employee title employee_list"
ERROR - 2023-05-23 04:50:24 --> Could not find the language line "users title user_delete"
ERROR - 2023-05-23 04:50:24 --> Could not find the language line "users msg delete_confirm"
ERROR - 2023-05-23 04:50:27 --> Could not find the language line "scheduling title scheduling_list"
ERROR - 2023-05-23 04:50:32 --> Could not find the language line "scheduling title period_add"
ERROR - 2023-05-23 10:11:06 --> Could not find the language line "employee title employee_list"
ERROR - 2023-05-23 10:11:06 --> Could not find the language line "users title user_delete"
ERROR - 2023-05-23 10:11:06 --> Could not find the language line "users msg delete_confirm"
ERROR - 2023-05-23 10:11:08 --> Could not find the language line "scheduling title scheduling_list"
ERROR - 2023-05-23 10:11:11 --> Could not find the language line "scheduling title period_add"
ERROR - 2023-05-23 10:17:25 --> Could not find the language line "scheduling title period_add"
ERROR - 2023-05-23 10:17:25 --> Could not find the language line "contact input created"
ERROR - 2023-05-23 10:21:44 --> Could not find the language line "employee title employee_list"
ERROR - 2023-05-23 10:21:44 --> Could not find the language line "users title user_delete"
ERROR - 2023-05-23 10:21:44 --> Could not find the language line "users msg delete_confirm"
ERROR - 2023-05-23 10:21:46 --> Could not find the language line "scheduling title scheduling_list"
ERROR - 2023-05-23 10:21:48 --> Could not find the language line "scheduling title period_add"
ERROR - 2023-05-23 10:21:48 --> Could not find the language line "contact input created"
ERROR - 2023-05-23 10:23:37 --> Could not find the language line "scheduling title period_add"
ERROR - 2023-05-23 10:23:37 --> Could not find the language line "contact input created"
ERROR - 2023-05-23 10:24:04 --> Could not find the language line "scheduling title period_add"
ERROR - 2023-05-23 10:24:04 --> Could not find the language line "contact input created"
ERROR - 2023-05-23 10:24:10 --> Could not find the language line "scheduling title period_add"
ERROR - 2023-05-23 10:24:10 --> Could not find the language line "contact input created"
ERROR - 2023-05-23 10:24:24 --> Could not find the language line "scheduling title period_add"
ERROR - 2023-05-23 10:24:24 --> Could not find the language line "contact input created"
ERROR - 2023-05-23 10:24:30 --> Could not find the language line "scheduling title period_add"
ERROR - 2023-05-23 10:24:30 --> Could not find the language line "contact input created"
ERROR - 2023-05-23 10:24:43 --> Could not find the language line "scheduling title period_add"
ERROR - 2023-05-23 10:24:43 --> Could not find the language line "contact input created"
ERROR - 2023-05-23 10:24:44 --> Could not find the language line "users title user_delete"
ERROR - 2023-05-23 10:24:44 --> Could not find the language line "users msg delete_confirm"
ERROR - 2023-05-23 10:24:45 --> Could not find the language line "employee title employee_list"
ERROR - 2023-05-23 10:24:45 --> Could not find the language line "users title user_delete"
ERROR - 2023-05-23 10:24:45 --> Could not find the language line "users msg delete_confirm"
ERROR - 2023-05-23 10:24:50 --> Could not find the language line "users title user_delete"
ERROR - 2023-05-23 10:24:50 --> Could not find the language line "users msg delete_confirm"
ERROR - 2023-05-23 10:24:51 --> Could not find the language line "employee title employee_list"
ERROR - 2023-05-23 10:24:51 --> Could not find the language line "users title user_delete"
ERROR - 2023-05-23 10:24:51 --> Could not find the language line "users msg delete_confirm"
ERROR - 2023-05-23 10:24:56 --> Could not find the language line "users title user_delete"
ERROR - 2023-05-23 10:24:56 --> Could not find the language line "users msg delete_confirm"
ERROR - 2023-05-23 10:24:58 --> Could not find the language line "employee title employee_list"
ERROR - 2023-05-23 10:24:58 --> Could not find the language line "users title user_delete"
ERROR - 2023-05-23 10:24:58 --> Could not find the language line "users msg delete_confirm"
ERROR - 2023-05-23 10:25:00 --> Could not find the language line "employee title employee_list"
ERROR - 2023-05-23 10:25:00 --> Could not find the language line "users title user_delete"
ERROR - 2023-05-23 10:25:00 --> Could not find the language line "users msg delete_confirm"
ERROR - 2023-05-23 10:25:02 --> Could not find the language line "scheduling title scheduling_list"
ERROR - 2023-05-23 10:25:05 --> Could not find the language line "scheduling title period_add"
ERROR - 2023-05-23 10:25:05 --> Could not find the language line "contact input created"
ERROR - 2023-05-23 10:25:59 --> Could not find the language line "scheduling title period_add"
ERROR - 2023-05-23 10:25:59 --> Could not find the language line "contact input created"
ERROR - 2023-05-23 10:37:49 --> Could not find the language line "scheduling title period_add"
ERROR - 2023-05-23 10:37:49 --> Could not find the language line "contact input created"
ERROR - 2023-05-23 10:37:49 --> Could not find the language line "contact input created"
ERROR - 2023-05-23 10:39:51 --> Could not find the language line "scheduling title period_add"
ERROR - 2023-05-23 10:39:51 --> Could not find the language line "contact input created"
ERROR - 2023-05-23 10:39:51 --> Could not find the language line "contact input created"
ERROR - 2023-05-23 10:48:09 --> Could not find the language line "employee title employee_list"
ERROR - 2023-05-23 10:48:09 --> Could not find the language line "users title user_delete"
ERROR - 2023-05-23 10:48:09 --> Could not find the language line "users msg delete_confirm"
ERROR - 2023-05-23 10:48:11 --> Could not find the language line "scheduling title scheduling_list"
ERROR - 2023-05-23 10:48:14 --> Could not find the language line "scheduling title period_add"
ERROR - 2023-05-23 10:48:14 --> Could not find the language line "contact input created"
ERROR - 2023-05-23 10:48:14 --> Could not find the language line "contact input created"
ERROR - 2023-05-23 10:48:29 --> Could not find the language line "scheduling title period_add"
ERROR - 2023-05-23 10:48:29 --> Could not find the language line "contact input created"
ERROR - 2023-05-23 10:48:29 --> Could not find the language line "contact input created"
ERROR - 2023-05-23 10:48:56 --> Could not find the language line "employee title employee_list"
ERROR - 2023-05-23 10:48:56 --> Could not find the language line "users title user_delete"
ERROR - 2023-05-23 10:48:56 --> Could not find the language line "users msg delete_confirm"
ERROR - 2023-05-23 10:48:58 --> Could not find the language line "scheduling title scheduling_list"
ERROR - 2023-05-23 10:49:01 --> Could not find the language line "scheduling title period_add"
ERROR - 2023-05-23 10:49:01 --> Could not find the language line "contact input created"
ERROR - 2023-05-23 10:49:01 --> Could not find the language line "contact input created"
ERROR - 2023-05-23 10:51:29 --> Severity: error --> Exception: Call to undefined method Scheduling_model::add_scheduling() /Applications/MAMP/htdocs/Clockinout/application/controllers/admin/Scheduling.php 170
ERROR - 2023-05-23 10:58:34 --> Could not find the language line "scheduling title period_add"
ERROR - 2023-05-23 10:58:34 --> Could not find the language line "contact input created"
ERROR - 2023-05-23 10:58:34 --> Could not find the language line "contact input created"
ERROR - 2023-05-23 11:15:18 --> Could not find the language line "employee title employee_list"
ERROR - 2023-05-23 11:15:18 --> Could not find the language line "users title user_delete"
ERROR - 2023-05-23 11:15:18 --> Could not find the language line "users msg delete_confirm"
ERROR - 2023-05-23 11:15:20 --> Could not find the language line "scheduling title scheduling_list"
ERROR - 2023-05-23 11:24:35 --> Could not find the language line "employee title employee_list"
ERROR - 2023-05-23 11:24:35 --> Could not find the language line "users title user_delete"
ERROR - 2023-05-23 11:24:35 --> Could not find the language line "users msg delete_confirm"
ERROR - 2023-05-23 11:25:57 --> Could not find the language line "scheduling title scheduling_list"
ERROR - 2023-05-23 11:26:00 --> Severity: error --> Exception: Call to undefined method Scheduling_model::id_exist() /Applications/MAMP/htdocs/Clockinout/application/controllers/admin/Scheduling.php 162
ERROR - 2023-05-23 11:26:33 --> Severity: error --> Exception: Call to undefined method Scheduling_model::id_exist() /Applications/MAMP/htdocs/Clockinout/application/controllers/admin/Scheduling.php 162
ERROR - 2023-05-23 11:26:35 --> Severity: error --> Exception: Call to undefined method Scheduling_model::id_exist() /Applications/MAMP/htdocs/Clockinout/application/controllers/admin/Scheduling.php 162
ERROR - 2023-05-23 11:26:37 --> Severity: error --> Exception: Call to undefined method Scheduling_model::id_exist() /Applications/MAMP/htdocs/Clockinout/application/controllers/admin/Scheduling.php 162
ERROR - 2023-05-23 11:26:38 --> Severity: error --> Exception: Call to undefined method Scheduling_model::id_exist() /Applications/MAMP/htdocs/Clockinout/application/controllers/admin/Scheduling.php 162
ERROR - 2023-05-23 11:26:52 --> Severity: error --> Exception: Call to undefined method Scheduling_model::id_exist() /Applications/MAMP/htdocs/Clockinout/application/controllers/admin/Scheduling.php 162
ERROR - 2023-05-23 11:26:53 --> Severity: error --> Exception: Call to undefined method Scheduling_model::id_exist() /Applications/MAMP/htdocs/Clockinout/application/controllers/admin/Scheduling.php 162
ERROR - 2023-05-23 11:26:54 --> Could not find the language line "scheduling title scheduling_list"
ERROR - 2023-05-23 11:26:56 --> Severity: error --> Exception: Call to undefined method Scheduling_model::id_exist() /Applications/MAMP/htdocs/Clockinout/application/controllers/admin/Scheduling.php 162
ERROR - 2023-05-23 11:27:03 --> Could not find the language line "scheduling title scheduling_list"
ERROR - 2023-05-23 11:27:32 --> Could not find the language line "scheduling title scheduling_list"
ERROR - 2023-05-23 11:27:37 --> Could not find the language line "employee title employee_list"
ERROR - 2023-05-23 11:27:37 --> Could not find the language line "users title user_delete"
ERROR - 2023-05-23 11:27:37 --> Could not find the language line "users msg delete_confirm"
ERROR - 2023-05-23 11:27:39 --> Could not find the language line "scheduling title scheduling_list"
ERROR - 2023-05-23 11:28:55 --> Could not find the language line "scheduling title scheduling_list"
ERROR - 2023-05-23 11:28:57 --> Could not find the language line "users title user_delete"
ERROR - 2023-05-23 11:28:57 --> Could not find the language line "users msg delete_confirm"
ERROR - 2023-05-23 11:28:58 --> Could not find the language line "employee title employee_list"
ERROR - 2023-05-23 11:28:58 --> Could not find the language line "users title user_delete"
ERROR - 2023-05-23 11:28:58 --> Could not find the language line "users msg delete_confirm"
ERROR - 2023-05-23 11:29:01 --> Could not find the language line "scheduling title scheduling_list"
ERROR - 2023-05-23 11:29:03 --> Could not find the language line "scheduling title period_add"
ERROR - 2023-05-23 11:29:03 --> Could not find the language line "contact input created"
ERROR - 2023-05-23 11:29:03 --> Could not find the language line "contact input created"
ERROR - 2023-05-23 11:29:50 --> Could not find the language line "scheduling title scheduling_list"
ERROR - 2023-05-23 11:29:54 --> Could not find the language line "scheduling title scheduling_list"
ERROR - 2023-05-23 11:29:58 --> Could not find the language line "scheduling title period_add"
ERROR - 2023-05-23 11:29:58 --> Could not find the language line "contact input created"
ERROR - 2023-05-23 11:29:58 --> Could not find the language line "contact input created"
ERROR - 2023-05-23 11:30:06 --> Query error: You have an error in your SQL syntax; check the manual that corresponds to your MySQL server version for the right syntax to use near '.
                    '05-21-2023',
                    '05-27-2023'
           ' at line 6 - Invalid query: 
                INSERT INTO period (
                    id_employee,
                    start_period,
                    end_period
                ) VALUES (
                    '1'.
                    '05-21-2023',
                    '05-27-2023'
                )
            
ERROR - 2023-05-23 11:30:30 --> Could not find the language line "scheduling title period_add"
ERROR - 2023-05-23 11:30:30 --> Could not find the language line "contact input created"
ERROR - 2023-05-23 11:30:30 --> Could not find the language line "contact input created"
ERROR - 2023-05-23 11:30:38 --> Query error: You have an error in your SQL syntax; check the manual that corresponds to your MySQL server version for the right syntax to use near '.
                    '05-21-2023',
                    '05-27-2023'
           ' at line 6 - Invalid query: 
                INSERT INTO period (
                    id_employee,
                    start_period,
                    end_period
                ) VALUES (
                    '1'.
                    '05-21-2023',
                    '05-27-2023'
                )
            
ERROR - 2023-05-23 11:30:42 --> Could not find the language line "scheduling title period_add"
ERROR - 2023-05-23 11:30:42 --> Could not find the language line "contact input created"
ERROR - 2023-05-23 11:30:42 --> Could not find the language line "contact input created"
ERROR - 2023-05-23 11:30:45 --> Could not find the language line "employee title employee_list"
ERROR - 2023-05-23 11:30:45 --> Could not find the language line "users title user_delete"
ERROR - 2023-05-23 11:30:45 --> Could not find the language line "users msg delete_confirm"
ERROR - 2023-05-23 11:30:48 --> Could not find the language line "scheduling title scheduling_list"
ERROR - 2023-05-23 11:30:50 --> Could not find the language line "scheduling title period_add"
ERROR - 2023-05-23 11:30:50 --> Could not find the language line "contact input created"
ERROR - 2023-05-23 11:30:50 --> Could not find the language line "contact input created"
ERROR - 2023-05-23 11:30:57 --> Query error: You have an error in your SQL syntax; check the manual that corresponds to your MySQL server version for the right syntax to use near '.
                    '05-21-2023',
                    '05-27-2023'
           ' at line 6 - Invalid query: 
                INSERT INTO period (
                    id_employee,
                    start_period,
                    end_period
                ) VALUES (
                    '1'.
                    '05-21-2023',
                    '05-27-2023'
                )
            
ERROR - 2023-05-23 11:31:12 --> Could not find the language line "scheduling title period_add"
ERROR - 2023-05-23 11:31:12 --> Could not find the language line "contact input created"
ERROR - 2023-05-23 11:31:12 --> Could not find the language line "contact input created"
ERROR - 2023-05-23 11:31:16 --> Could not find the language line "employee title employee_list"
ERROR - 2023-05-23 11:31:16 --> Could not find the language line "users title user_delete"
ERROR - 2023-05-23 11:31:16 --> Could not find the language line "users msg delete_confirm"
ERROR - 2023-05-23 11:31:20 --> Could not find the language line "scheduling title scheduling_list"
ERROR - 2023-05-23 11:31:24 --> Could not find the language line "scheduling title period_add"
ERROR - 2023-05-23 11:31:24 --> Could not find the language line "contact input created"
ERROR - 2023-05-23 11:31:24 --> Could not find the language line "contact input created"
ERROR - 2023-05-23 11:31:30 --> Could not find the language line "scheduling msg add_scheduling_success"
ERROR - 2023-05-23 11:32:53 --> Could not find the language line "scheduling title period_add"
ERROR - 2023-05-23 11:32:53 --> Could not find the language line "contact input created"
ERROR - 2023-05-23 11:32:53 --> Could not find the language line "contact input created"
ERROR - 2023-05-23 11:32:56 --> Could not find the language line "employee title employee_list"
ERROR - 2023-05-23 11:32:56 --> Could not find the language line "users title user_delete"
ERROR - 2023-05-23 11:32:56 --> Could not find the language line "users msg delete_confirm"
ERROR - 2023-05-23 11:32:58 --> Could not find the language line "scheduling title scheduling_list"
ERROR - 2023-05-23 11:32:58 --> Could not find the language line "users title user_delete"
ERROR - 2023-05-23 11:32:58 --> Could not find the language line "users msg delete_confirm"
ERROR - 2023-05-23 11:44:39 --> Could not find the language line "scheduling title scheduling_list"
ERROR - 2023-05-23 11:44:41 --> Could not find the language line "scheduling title period_add"
ERROR - 2023-05-23 11:44:41 --> Could not find the language line "contact input created"
ERROR - 2023-05-23 11:44:41 --> Could not find the language line "contact input created"
ERROR - 2023-05-23 11:44:48 --> Could not find the language line "scheduling msg add_scheduling_success"
ERROR - 2023-05-23 11:44:52 --> Could not find the language line "scheduling title period_add"
ERROR - 2023-05-23 11:44:52 --> Could not find the language line "contact input created"
ERROR - 2023-05-23 11:44:52 --> Could not find the language line "contact input created"
ERROR - 2023-05-23 11:44:54 --> Could not find the language line "employee title employee_list"
ERROR - 2023-05-23 11:44:54 --> Could not find the language line "users title user_delete"
ERROR - 2023-05-23 11:44:54 --> Could not find the language line "users msg delete_confirm"
ERROR - 2023-05-23 11:44:58 --> Could not find the language line "employee title employee_list"
ERROR - 2023-05-23 11:44:58 --> Could not find the language line "users title user_delete"
ERROR - 2023-05-23 11:44:58 --> Could not find the language line "users msg delete_confirm"
ERROR - 2023-05-23 11:44:59 --> Could not find the language line "employee title employee_list"
ERROR - 2023-05-23 11:44:59 --> Could not find the language line "users title user_delete"
ERROR - 2023-05-23 11:44:59 --> Could not find the language line "users msg delete_confirm"
ERROR - 2023-05-23 11:45:04 --> Could not find the language line "scheduling title scheduling_list"
ERROR - 2023-05-23 11:45:04 --> Could not find the language line "users title user_delete"
ERROR - 2023-05-23 11:45:04 --> Could not find the language line "users msg delete_confirm"
ERROR - 2023-05-23 11:49:00 --> Could not find the language line "scheduling title period_add"
ERROR - 2023-05-23 11:49:00 --> Could not find the language line "contact input created"
ERROR - 2023-05-23 11:49:00 --> Could not find the language line "contact input created"
ERROR - 2023-05-23 11:49:08 --> Could not find the language line "scheduling msg add_scheduling_success"
ERROR - 2023-05-23 11:49:25 --> Could not find the language line "employee title employee_list"
ERROR - 2023-05-23 11:49:25 --> Could not find the language line "users title user_delete"
ERROR - 2023-05-23 11:49:25 --> Could not find the language line "users msg delete_confirm"
ERROR - 2023-05-23 11:49:30 --> Could not find the language line "scheduling title scheduling_list"
ERROR - 2023-05-23 11:49:30 --> Could not find the language line "users title user_delete"
ERROR - 2023-05-23 11:49:30 --> Could not find the language line "users msg delete_confirm"
ERROR - 2023-05-23 11:49:30 --> Could not find the language line "users title user_delete"
ERROR - 2023-05-23 11:49:30 --> Could not find the language line "users msg delete_confirm"
ERROR - 2023-05-23 11:49:50 --> Could not find the language line "scheduling title period_add"
ERROR - 2023-05-23 11:49:50 --> Could not find the language line "contact input created"
ERROR - 2023-05-23 11:49:50 --> Could not find the language line "contact input created"
ERROR - 2023-05-23 11:50:02 --> Could not find the language line "scheduling msg add_scheduling_success"
ERROR - 2023-05-23 11:50:02 --> Could not find the language line "scheduling title scheduling_list"
ERROR - 2023-05-23 11:50:02 --> Could not find the language line "users title user_delete"
ERROR - 2023-05-23 11:50:02 --> Could not find the language line "users msg delete_confirm"
ERROR - 2023-05-23 11:50:02 --> Could not find the language line "users title user_delete"
ERROR - 2023-05-23 11:50:02 --> Could not find the language line "users msg delete_confirm"
ERROR - 2023-05-23 11:50:02 --> Could not find the language line "users title user_delete"
ERROR - 2023-05-23 11:50:02 --> Could not find the language line "users msg delete_confirm"
ERROR - 2023-05-23 19:21:37 --> Could not find the language line "users title user_delete"
ERROR - 2023-05-23 19:21:37 --> Could not find the language line "users msg delete_confirm"
ERROR - 2023-05-23 19:28:06 --> Could not find the language line "employee title employee_list"
ERROR - 2023-05-23 19:28:06 --> Could not find the language line "users title user_delete"
ERROR - 2023-05-23 19:28:06 --> Could not find the language line "users msg delete_confirm"
ERROR - 2023-05-23 19:28:07 --> Could not find the language line "scheduling title scheduling_list"
ERROR - 2023-05-23 19:28:07 --> Could not find the language line "users title user_delete"
ERROR - 2023-05-23 19:28:07 --> Could not find the language line "users msg delete_confirm"
ERROR - 2023-05-23 19:28:07 --> Could not find the language line "users title user_delete"
ERROR - 2023-05-23 19:28:07 --> Could not find the language line "users msg delete_confirm"
ERROR - 2023-05-23 19:28:07 --> Could not find the language line "users title user_delete"
ERROR - 2023-05-23 19:28:07 --> Could not find the language line "users msg delete_confirm"
ERROR - 2023-05-23 19:29:39 --> Could not find the language line "users title user_delete"
ERROR - 2023-05-23 19:29:39 --> Could not find the language line "users msg delete_confirm"
ERROR - 2023-05-23 19:29:48 --> Could not find the language line "employee title employee_list"
ERROR - 2023-05-23 19:29:48 --> Could not find the language line "users title user_delete"
ERROR - 2023-05-23 19:29:48 --> Could not find the language line "users msg delete_confirm"
ERROR - 2023-05-23 19:29:52 --> Could not find the language line "users title user_delete"
ERROR - 2023-05-23 19:29:52 --> Could not find the language line "users msg delete_confirm"
ERROR - 2023-05-23 19:29:53 --> Could not find the language line "employee title employee_list"
ERROR - 2023-05-23 19:29:53 --> Could not find the language line "users title user_delete"
ERROR - 2023-05-23 19:29:53 --> Could not find the language line "users msg delete_confirm"
ERROR - 2023-05-23 19:29:58 --> Could not find the language line "users title user_delete"
ERROR - 2023-05-23 19:29:58 --> Could not find the language line "users msg delete_confirm"
ERROR - 2023-05-23 19:29:59 --> Could not find the language line "employee title employee_list"
ERROR - 2023-05-23 19:29:59 --> Could not find the language line "users title user_delete"
ERROR - 2023-05-23 19:29:59 --> Could not find the language line "users msg delete_confirm"
ERROR - 2023-05-23 19:30:08 --> Could not find the language line "employee title employee_list"
ERROR - 2023-05-23 19:30:08 --> Could not find the language line "users title user_delete"
ERROR - 2023-05-23 19:30:08 --> Could not find the language line "users msg delete_confirm"
ERROR - 2023-05-23 19:30:11 --> Could not find the language line "employee title employee_list"
ERROR - 2023-05-23 19:30:11 --> Could not find the language line "users title user_delete"
ERROR - 2023-05-23 19:30:11 --> Could not find the language line "users msg delete_confirm"
ERROR - 2023-05-23 19:31:55 --> Could not find the language line "scheduling title scheduling_list"
ERROR - 2023-05-23 19:31:55 --> Could not find the language line "users title user_delete"
ERROR - 2023-05-23 19:31:55 --> Could not find the language line "users msg delete_confirm"
ERROR - 2023-05-23 19:31:55 --> Could not find the language line "users title user_delete"
ERROR - 2023-05-23 19:31:55 --> Could not find the language line "users msg delete_confirm"
ERROR - 2023-05-23 19:31:55 --> Could not find the language line "users title user_delete"
ERROR - 2023-05-23 19:31:55 --> Could not find the language line "users msg delete_confirm"
ERROR - 2023-05-23 19:31:59 --> Could not find the language line "scheduling title period_add"
ERROR - 2023-05-23 19:31:59 --> Could not find the language line "contact input created"
ERROR - 2023-05-23 19:31:59 --> Could not find the language line "contact input created"
ERROR - 2023-05-23 19:33:05 --> Could not find the language line "scheduling title period_add"
ERROR - 2023-05-23 19:33:05 --> Could not find the language line "contact input created"
ERROR - 2023-05-23 19:33:05 --> Could not find the language line "contact input created"
ERROR - 2023-05-23 20:04:11 --> Could not find the language line "users title user_delete"
ERROR - 2023-05-23 20:04:11 --> Could not find the language line "users msg delete_confirm"
ERROR - 2023-05-23 20:04:19 --> Could not find the language line "employee title employee_list"
ERROR - 2023-05-23 20:04:19 --> Could not find the language line "users title user_delete"
ERROR - 2023-05-23 20:04:19 --> Could not find the language line "users msg delete_confirm"
ERROR - 2023-05-23 20:04:21 --> Could not find the language line "users title user_delete"
ERROR - 2023-05-23 20:04:21 --> Could not find the language line "users msg delete_confirm"
ERROR - 2023-05-23 20:05:33 --> Could not find the language line "employee title employee_list"
ERROR - 2023-05-23 20:05:33 --> Could not find the language line "users title user_delete"
ERROR - 2023-05-23 20:05:33 --> Could not find the language line "users msg delete_confirm"
ERROR - 2023-05-23 20:05:37 --> Could not find the language line "scheduling title scheduling_list"
ERROR - 2023-05-23 20:05:37 --> Could not find the language line "users title user_delete"
ERROR - 2023-05-23 20:05:37 --> Could not find the language line "users msg delete_confirm"
ERROR - 2023-05-23 20:05:37 --> Could not find the language line "users title user_delete"
ERROR - 2023-05-23 20:05:37 --> Could not find the language line "users msg delete_confirm"
ERROR - 2023-05-23 20:05:37 --> Could not find the language line "users title user_delete"
ERROR - 2023-05-23 20:05:37 --> Could not find the language line "users msg delete_confirm"
ERROR - 2023-05-23 20:34:17 --> Could not find the language line "scheduling title scheduling_list"
ERROR - 2023-05-23 20:34:17 --> Could not find the language line "users title user_delete"
ERROR - 2023-05-23 20:34:17 --> Could not find the language line "users msg delete_confirm"
