ERROR - 2023-05-30 01:10:56 --> Could not find the language line "users title user_delete"
ERROR - 2023-05-30 01:12:44 --> Could not find the language line "users title user_delete"
ERROR - 2023-05-30 01:13:13 --> Could not find the language line "users title user_delete"
ERROR - 2023-05-30 01:17:13 --> Could not find the language line "users title user_delete"
ERROR - 2023-05-30 01:17:27 --> Could not find the language line "users title user_delete"
ERROR - 2023-05-30 01:24:57 --> Could not find the language line "users title user_delete"
ERROR - 2023-05-30 01:33:21 --> Could not find the language line "users title user_delete"
ERROR - 2023-05-30 01:34:53 --> Could not find the language line "users title user_delete"
ERROR - 2023-05-30 01:34:59 --> Could not find the language line "users title user_delete"
ERROR - 2023-05-30 01:36:20 --> Could not find the language line "users title user_delete"
ERROR - 2023-05-30 01:36:24 --> Could not find the language line "users title user_delete"
ERROR - 2023-05-30 01:36:31 --> Could not find the language line "users title user_delete"
ERROR - 2023-05-30 01:36:45 --> Could not find the language line "users title user_delete"
ERROR - 2023-05-30 01:37:52 --> Could not find the language line "users title user_delete"
ERROR - 2023-05-30 01:37:56 --> Could not find the language line "users title user_delete"
ERROR - 2023-05-30 01:38:00 --> Could not find the language line "users title user_delete"
ERROR - 2023-05-30 01:38:40 --> Could not find the language line "users title user_delete"
ERROR - 2023-05-30 01:38:41 --> Could not find the language line "users title user_delete"
ERROR - 2023-05-30 01:38:44 --> Could not find the language line "users title user_delete"
ERROR - 2023-05-30 01:38:58 --> Could not find the language line "users title user_delete"
ERROR - 2023-05-30 01:40:24 --> Could not find the language line "users title user_delete"
ERROR - 2023-05-30 01:40:27 --> Could not find the language line "users title user_delete"
ERROR - 2023-05-30 01:40:52 --> Could not find the language line "users title user_delete"
ERROR - 2023-05-30 01:58:24 --> Could not find the language line "scheduling title period_add"
ERROR - 2023-05-30 01:58:24 --> Could not find the language line "contact input created"
ERROR - 2023-05-30 01:58:24 --> Could not find the language line "contact input created"
ERROR - 2023-05-30 01:58:34 --> Could not find the language line "users title user_delete"
ERROR - 2023-05-30 01:58:48 --> Could not find the language line "users title user_delete"
ERROR - 2023-05-30 02:03:48 --> Could not find the language line "scheduling title period_add"
ERROR - 2023-05-30 02:03:48 --> Could not find the language line "contact input created"
ERROR - 2023-05-30 02:03:48 --> Could not find the language line "contact input created"
ERROR - 2023-05-30 02:49:08 --> Could not find the language line "scheduling title period_add"
ERROR - 2023-05-30 02:49:08 --> Could not find the language line "contact input created"
ERROR - 2023-05-30 02:49:08 --> Could not find the language line "contact input created"
ERROR - 2023-05-30 02:49:16 --> Could not find the language line "users title user_delete"
ERROR - 2023-05-30 03:35:13 --> Could not find the language line "users title user_delete"
ERROR - 2023-05-30 03:35:57 --> Could not find the language line "users title user_delete"
ERROR - 2023-05-30 03:36:12 --> Could not find the language line "users title user_delete"
ERROR - 2023-05-30 03:37:03 --> Could not find the language line "users title user_delete"
ERROR - 2023-05-30 03:37:06 --> Could not find the language line "users title user_delete"
ERROR - 2023-05-30 03:42:53 --> Could not find the language line "users title user_delete"
ERROR - 2023-05-30 03:42:55 --> Could not find the language line "users title user_delete"
ERROR - 2023-05-30 03:42:59 --> Could not find the language line "users title user_delete"
ERROR - 2023-05-30 03:43:04 --> Could not find the language line "scheduling title period_add"
ERROR - 2023-05-30 03:43:04 --> Could not find the language line "contact input created"
ERROR - 2023-05-30 03:43:04 --> Could not find the language line "contact input created"
ERROR - 2023-05-30 03:43:12 --> Could not find the language line "users title user_delete"
ERROR - 2023-05-30 03:43:35 --> Could not find the language line "users title user_delete"
ERROR - 2023-05-30 03:55:07 --> Could not find the language line "users title user_delete"
ERROR - 2023-05-30 03:55:16 --> Could not find the language line "users title user_delete"
ERROR - 2023-05-30 07:52:10 --> Could not find the language line "users title user_delete"
ERROR - 2023-05-30 07:53:56 --> Could not find the language line "users title user_delete"
ERROR - 2023-05-30 07:54:04 --> Could not find the language line "users title user_delete"
ERROR - 2023-05-30 07:54:20 --> Could not find the language line "scheduling title period_add"
ERROR - 2023-05-30 07:54:20 --> Could not find the language line "contact input created"
ERROR - 2023-05-30 07:54:20 --> Could not find the language line "contact input created"
ERROR - 2023-05-30 07:54:25 --> Could not find the language line "scheduling title period_add"
ERROR - 2023-05-30 07:54:25 --> Could not find the language line "contact input created"
ERROR - 2023-05-30 07:54:25 --> Could not find the language line "contact input created"
ERROR - 2023-05-30 07:54:34 --> Could not find the language line "users title user_delete"
ERROR - 2023-05-30 07:54:34 --> Could not find the language line "users title user_delete"
ERROR - 2023-05-30 07:55:16 --> Could not find the language line "users title user_delete"
ERROR - 2023-05-30 07:55:16 --> Could not find the language line "users title user_delete"
ERROR - 2023-05-30 07:55:17 --> Could not find the language line "users title user_delete"
ERROR - 2023-05-30 07:55:17 --> Could not find the language line "users title user_delete"
ERROR - 2023-05-30 07:55:18 --> Could not find the language line "users title user_delete"
ERROR - 2023-05-30 07:55:18 --> Could not find the language line "users title user_delete"
ERROR - 2023-05-30 07:55:36 --> Could not find the language line "users title user_delete"
ERROR - 2023-05-30 07:55:36 --> Could not find the language line "users title user_delete"
ERROR - 2023-05-30 07:55:37 --> Could not find the language line "users title user_delete"
ERROR - 2023-05-30 07:55:37 --> Could not find the language line "users title user_delete"
ERROR - 2023-05-30 07:55:38 --> Could not find the language line "users title user_delete"
ERROR - 2023-05-30 07:55:38 --> Could not find the language line "users title user_delete"
ERROR - 2023-05-30 07:55:41 --> Could not find the language line "users title user_delete"
ERROR - 2023-05-30 07:55:41 --> Could not find the language line "users title user_delete"
ERROR - 2023-05-30 07:55:47 --> Could not find the language line "users title user_delete"
ERROR - 2023-05-30 07:55:50 --> Could not find the language line "users title user_delete"
ERROR - 2023-05-30 07:55:50 --> Could not find the language line "users title user_delete"
ERROR - 2023-05-30 07:55:58 --> Could not find the language line "users title user_delete"
ERROR - 2023-05-30 07:56:21 --> Could not find the language line "users title user_delete"
ERROR - 2023-05-30 07:56:21 --> Could not find the language line "users title user_delete"
ERROR - 2023-05-30 07:57:07 --> Could not find the language line "users title user_delete"
ERROR - 2023-05-30 07:57:07 --> Could not find the language line "users title user_delete"
ERROR - 2023-05-30 07:57:09 --> Could not find the language line "users title user_delete"
ERROR - 2023-05-30 07:57:09 --> Could not find the language line "users title user_delete"
ERROR - 2023-05-30 07:57:17 --> Could not find the language line "users title user_delete"
ERROR - 2023-05-30 08:01:26 --> Could not find the language line "users title user_delete"
ERROR - 2023-05-30 08:01:26 --> Could not find the language line "users title user_delete"
ERROR - 2023-05-30 08:03:11 --> Could not find the language line "users title user_delete"
ERROR - 2023-05-30 08:03:11 --> Could not find the language line "users title user_delete"
ERROR - 2023-05-30 08:03:24 --> Could not find the language line "users title user_delete"
ERROR - 2023-05-30 08:03:24 --> Could not find the language line "users title user_delete"
ERROR - 2023-05-30 08:03:25 --> Could not find the language line "users title user_delete"
ERROR - 2023-05-30 08:03:25 --> Could not find the language line "users title user_delete"
ERROR - 2023-05-30 08:03:27 --> Could not find the language line "users title user_delete"
ERROR - 2023-05-30 08:03:27 --> Could not find the language line "users title user_delete"
ERROR - 2023-05-30 08:03:56 --> Could not find the language line "users title user_delete"
ERROR - 2023-05-30 08:03:56 --> Could not find the language line "users title user_delete"
ERROR - 2023-05-30 08:03:57 --> Could not find the language line "users title user_delete"
ERROR - 2023-05-30 08:03:57 --> Could not find the language line "users title user_delete"
ERROR - 2023-05-30 08:03:58 --> Could not find the language line "users title user_delete"
ERROR - 2023-05-30 08:03:58 --> Could not find the language line "users title user_delete"
ERROR - 2023-05-30 08:04:07 --> Could not find the language line "users title user_delete"
ERROR - 2023-05-30 08:04:19 --> Could not find the language line "users title user_delete"
ERROR - 2023-05-30 08:04:19 --> Could not find the language line "users title user_delete"
ERROR - 2023-05-30 08:04:57 --> Could not find the language line "users title user_delete"
ERROR - 2023-05-30 08:04:57 --> Could not find the language line "users title user_delete"
ERROR - 2023-05-30 08:05:09 --> Could not find the language line "users title user_delete"
ERROR - 2023-05-30 08:05:09 --> Could not find the language line "users title user_delete"
ERROR - 2023-05-30 08:06:04 --> Could not find the language line "users title user_delete"
ERROR - 2023-05-30 08:06:04 --> Could not find the language line "users title user_delete"
ERROR - 2023-05-30 08:08:20 --> Could not find the language line "users title user_delete"
ERROR - 2023-05-30 08:08:20 --> Could not find the language line "users title user_delete"
ERROR - 2023-05-30 08:09:48 --> Could not find the language line "users title user_delete"
ERROR - 2023-05-30 08:09:48 --> Could not find the language line "users title user_delete"
ERROR - 2023-05-30 08:10:14 --> Could not find the language line "users title user_delete"
ERROR - 2023-05-30 08:10:14 --> Could not find the language line "users title user_delete"
ERROR - 2023-05-30 08:11:27 --> Could not find the language line "users title user_delete"
ERROR - 2023-05-30 08:11:27 --> Could not find the language line "users title user_delete"
ERROR - 2023-05-30 08:11:35 --> Could not find the language line "users title user_delete"
ERROR - 2023-05-30 08:11:35 --> Could not find the language line "users title user_delete"
ERROR - 2023-05-30 08:51:15 --> Could not find the language line "users title user_delete"
ERROR - 2023-05-30 08:51:15 --> Could not find the language line "users title user_delete"
ERROR - 2023-05-30 13:10:31 --> Could not find the language line "users title user_delete"
ERROR - 2023-05-30 13:10:31 --> Could not find the language line "users title user_delete"
ERROR - 2023-05-30 15:31:12 --> Could not find the language line "restaurants title user_add"
ERROR - 2023-05-30 15:31:21 --> Could not find the language line "users title user_delete"
ERROR - 2023-05-30 15:31:25 --> Could not find the language line "scheduling title period_add"
ERROR - 2023-05-30 15:31:25 --> Could not find the language line "contact input created"
ERROR - 2023-05-30 15:31:25 --> Could not find the language line "contact input created"
ERROR - 2023-05-30 15:31:34 --> Could not find the language line "users title user_delete"
ERROR - 2023-05-30 15:31:34 --> Could not find the language line "users title user_delete"
ERROR - 2023-05-30 15:31:49 --> Could not find the language line "users title user_delete"
ERROR - 2023-05-30 15:31:49 --> Could not find the language line "users title user_delete"
ERROR - 2023-05-30 16:42:07 --> Could not find the language line "users title user_delete"
ERROR - 2023-05-30 16:42:07 --> Could not find the language line "users title user_delete"
ERROR - 2023-05-30 16:58:47 --> Severity: Warning --> Invalid argument supplied for foreach() /Applications/MAMP/htdocs/Clockinout/application/views/admin/scheduling/printer_friendly.php 8
