ERROR - 2023-05-22 01:51:50 --> Could not find the language line "employee title user_add"
ERROR - 2023-05-22 01:52:01 --> Could not find the language line "users title user_delete"
ERROR - 2023-05-22 01:52:01 --> Could not find the language line "users msg delete_confirm"
ERROR - 2023-05-22 01:52:31 --> Severity: error --> Exception: Call to undefined method Employee_model::get_restaurant() /Applications/MAMP/htdocs/Clockinout/application/controllers/admin/Employee.php 202
ERROR - 2023-05-22 01:52:35 --> Could not find the language line "users title user_delete"
ERROR - 2023-05-22 01:52:35 --> Could not find the language line "users msg delete_confirm"
ERROR - 2023-05-22 01:54:45 --> Query error: Column 'id' in where clause is ambiguous - Invalid query: 
                SELECT employee.*, restaurants.name AS restaurant
                FROM employee, restaurants
                WHERE id = '1' AND restaurants.id = employee.id_restourant
                    AND deleted = '0'
            
ERROR - 2023-05-22 01:55:19 --> Query error: Column 'id' in where clause is ambiguous - Invalid query: 
                SELECT employee.*, restaurants.name AS restaurant
                FROM employee, restaurants
                WHERE id = '1' AND restaurants.id = employee.id_restourant
                    AND deleted = '0'
            
ERROR - 2023-05-22 01:55:20 --> Query error: Column 'id' in where clause is ambiguous - Invalid query: 
                SELECT employee.*, restaurants.name AS restaurant
                FROM employee, restaurants
                WHERE id = '1' AND restaurants.id = employee.id_restourant
                    AND deleted = '0'
            
ERROR - 2023-05-22 01:55:21 --> Could not find the language line "employee title employee_list"
ERROR - 2023-05-22 01:55:21 --> Could not find the language line "users title user_delete"
ERROR - 2023-05-22 01:55:21 --> Could not find the language line "users msg delete_confirm"
ERROR - 2023-05-22 01:55:23 --> Could not find the language line "employee title employee_list"
ERROR - 2023-05-22 01:55:23 --> Could not find the language line "users title user_delete"
ERROR - 2023-05-22 01:55:23 --> Could not find the language line "users msg delete_confirm"
ERROR - 2023-05-22 01:55:26 --> Query error: Column 'id' in where clause is ambiguous - Invalid query: 
                SELECT employee.*, restaurants.name AS restaurant
                FROM employee, restaurants
                WHERE id = '1' AND restaurants.id = employee.id_restourant
                    AND deleted = '0'
            
ERROR - 2023-05-22 01:55:30 --> Could not find the language line "employee title employee_list"
ERROR - 2023-05-22 01:55:30 --> Could not find the language line "users title user_delete"
ERROR - 2023-05-22 01:55:30 --> Could not find the language line "users msg delete_confirm"
ERROR - 2023-05-22 01:55:40 --> Query error: Column 'id' in where clause is ambiguous - Invalid query: 
                SELECT employee.*, restaurants.name AS restaurant
                FROM employee, restaurants
                WHERE id = '1' AND restaurants.id = employee.id_restourant
                    AND deleted = '0'
            
ERROR - 2023-05-22 01:55:42 --> Could not find the language line "employee title employee_list"
ERROR - 2023-05-22 01:55:42 --> Could not find the language line "users title user_delete"
ERROR - 2023-05-22 01:55:42 --> Could not find the language line "users msg delete_confirm"
ERROR - 2023-05-22 01:55:53 --> Query error: Column 'deleted' in where clause is ambiguous - Invalid query: 
                SELECT employee.*, restaurants.name AS restaurant
                FROM employee, restaurants
                WHERE employee.id = '1' AND restaurants.id = employee.id_restourant
                    AND deleted = '0'
            
ERROR - 2023-05-22 01:55:56 --> Could not find the language line "employee title employee_list"
ERROR - 2023-05-22 01:55:56 --> Could not find the language line "users title user_delete"
ERROR - 2023-05-22 01:55:56 --> Could not find the language line "users msg delete_confirm"
ERROR - 2023-05-22 01:59:27 --> Query error: Column 'deleted' in where clause is ambiguous - Invalid query: 
                SELECT employee.*, restaurants.name AS restaurant
                FROM employee, restaurants
                WHERE employee.id = '1' AND restaurants.id = employee.id_restourant
                    AND deleted = '0'
            
ERROR - 2023-05-22 01:59:48 --> Query error: Column 'deleted' in where clause is ambiguous - Invalid query: 
                SELECT employee.*, restaurants.name AS restaurant
                FROM employee, restaurants
                WHERE employee.id = '1' AND restaurants.id = employee.id_restourant
                    AND deleted = '0'
            
ERROR - 2023-05-22 01:59:49 --> Query error: Column 'deleted' in where clause is ambiguous - Invalid query: 
                SELECT employee.*, restaurants.name AS restaurant
                FROM employee, restaurants
                WHERE employee.id = '1' AND restaurants.id = employee.id_restourant
                    AND deleted = '0'
            
ERROR - 2023-05-22 01:59:50 --> Could not find the language line "employee title employee_list"
ERROR - 2023-05-22 01:59:50 --> Could not find the language line "users title user_delete"
ERROR - 2023-05-22 01:59:50 --> Could not find the language line "users msg delete_confirm"
ERROR - 2023-05-22 02:01:47 --> Could not find the language line "employee title user_edit"
ERROR - 2023-05-22 02:01:58 --> Could not find the language line "employee title employee_list"
ERROR - 2023-05-22 02:01:58 --> Could not find the language line "users title user_delete"
ERROR - 2023-05-22 02:01:58 --> Could not find the language line "users msg delete_confirm"
ERROR - 2023-05-22 02:07:05 --> Could not find the language line "employee title employee_list"
ERROR - 2023-05-22 02:07:05 --> Severity: error --> Exception: Function name must be a string /Applications/MAMP/htdocs/Clockinout/application/views/admin/employee/list.php 80
ERROR - 2023-05-22 02:07:27 --> Could not find the language line "employee title employee_list"
ERROR - 2023-05-22 02:07:27 --> Severity: error --> Exception: Function name must be a string /Applications/MAMP/htdocs/Clockinout/application/views/admin/employee/list.php 80
ERROR - 2023-05-22 02:07:28 --> Could not find the language line "employee title employee_list"
ERROR - 2023-05-22 02:07:28 --> Severity: error --> Exception: Function name must be a string /Applications/MAMP/htdocs/Clockinout/application/views/admin/employee/list.php 80
ERROR - 2023-05-22 02:07:33 --> Could not find the language line "employee title employee_list"
ERROR - 2023-05-22 02:07:33 --> Severity: error --> Exception: Function name must be a string /Applications/MAMP/htdocs/Clockinout/application/views/admin/employee/list.php 80
ERROR - 2023-05-22 02:07:35 --> Could not find the language line "employee title employee_list"
ERROR - 2023-05-22 02:07:35 --> Severity: error --> Exception: Function name must be a string /Applications/MAMP/htdocs/Clockinout/application/views/admin/employee/list.php 80
ERROR - 2023-05-22 02:07:37 --> Could not find the language line "employee title employee_list"
ERROR - 2023-05-22 02:07:37 --> Severity: error --> Exception: Function name must be a string /Applications/MAMP/htdocs/Clockinout/application/views/admin/employee/list.php 80
ERROR - 2023-05-22 02:07:45 --> Could not find the language line "employee title user_add"
ERROR - 2023-05-22 02:07:48 --> Could not find the language line "users title user_delete"
ERROR - 2023-05-22 02:07:48 --> Could not find the language line "users msg delete_confirm"
ERROR - 2023-05-22 02:07:50 --> Could not find the language line "employee title employee_list"
ERROR - 2023-05-22 02:07:50 --> Severity: error --> Exception: Function name must be a string /Applications/MAMP/htdocs/Clockinout/application/views/admin/employee/list.php 80
ERROR - 2023-05-22 02:07:53 --> Could not find the language line "employee title user_add"
ERROR - 2023-05-22 02:07:55 --> Could not find the language line "users title user_delete"
ERROR - 2023-05-22 02:07:55 --> Could not find the language line "users msg delete_confirm"
ERROR - 2023-05-22 02:08:04 --> Could not find the language line "employee title employee_list"
ERROR - 2023-05-22 02:08:04 --> Severity: error --> Exception: Function name must be a string /Applications/MAMP/htdocs/Clockinout/application/views/admin/employee/list.php 80
ERROR - 2023-05-22 02:08:07 --> Could not find the language line "users title user_delete"
ERROR - 2023-05-22 02:08:07 --> Could not find the language line "users msg delete_confirm"
ERROR - 2023-05-22 02:10:28 --> Could not find the language line "employee title employee_list"
ERROR - 2023-05-22 02:10:28 --> Could not find the language line "users title user_delete"
ERROR - 2023-05-22 02:10:28 --> Could not find the language line "users msg delete_confirm"
ERROR - 2023-05-22 02:11:27 --> Could not find the language line "employee title employee_list"
ERROR - 2023-05-22 02:11:27 --> Could not find the language line "users title user_delete"
ERROR - 2023-05-22 02:11:27 --> Could not find the language line "users msg delete_confirm"
ERROR - 2023-05-22 02:11:29 --> Could not find the language line "employee title employee_list"
ERROR - 2023-05-22 02:11:29 --> Could not find the language line "users title user_delete"
ERROR - 2023-05-22 02:11:29 --> Could not find the language line "users msg delete_confirm"
ERROR - 2023-05-22 02:11:39 --> Could not find the language line "employee title employee_list"
ERROR - 2023-05-22 02:11:39 --> Could not find the language line "users title user_delete"
ERROR - 2023-05-22 02:11:39 --> Could not find the language line "users msg delete_confirm"
ERROR - 2023-05-22 02:12:41 --> Could not find the language line "employee title employee_list"
ERROR - 2023-05-22 02:12:41 --> Could not find the language line "users title user_delete"
ERROR - 2023-05-22 02:12:41 --> Could not find the language line "users msg delete_confirm"
ERROR - 2023-05-22 02:16:39 --> Could not find the language line "users title user_delete"
ERROR - 2023-05-22 02:16:39 --> Could not find the language line "users msg delete_confirm"
ERROR - 2023-05-22 02:16:40 --> Could not find the language line "employee title employee_list"
ERROR - 2023-05-22 02:16:40 --> Could not find the language line "users title user_delete"
ERROR - 2023-05-22 02:16:40 --> Could not find the language line "users msg delete_confirm"
ERROR - 2023-05-22 02:19:08 --> Could not find the language line "employee title employee_list"
ERROR - 2023-05-22 02:19:08 --> Could not find the language line "users title user_delete"
ERROR - 2023-05-22 02:19:08 --> Could not find the language line "users msg delete_confirm"
ERROR - 2023-05-22 02:19:11 --> Could not find the language line "employee title employee_list"
ERROR - 2023-05-22 02:19:11 --> Could not find the language line "users title user_delete"
ERROR - 2023-05-22 02:19:11 --> Could not find the language line "users msg delete_confirm"
ERROR - 2023-05-22 02:21:07 --> Could not find the language line "employee title employee_list"
ERROR - 2023-05-22 02:21:07 --> Could not find the language line "users title user_delete"
ERROR - 2023-05-22 02:21:07 --> Could not find the language line "users msg delete_confirm"
ERROR - 2023-05-22 02:21:13 --> Could not find the language line "employee title employee_list"
ERROR - 2023-05-22 02:21:13 --> Could not find the language line "users title user_delete"
ERROR - 2023-05-22 02:21:13 --> Could not find the language line "users msg delete_confirm"
ERROR - 2023-05-22 02:28:02 --> Could not find the language line "employee title employee_list"
ERROR - 2023-05-22 02:28:02 --> Could not find the language line "users title user_delete"
ERROR - 2023-05-22 02:28:02 --> Could not find the language line "users msg delete_confirm"
ERROR - 2023-05-22 02:28:54 --> Could not find the language line "employee title employee_list"
ERROR - 2023-05-22 02:28:54 --> Could not find the language line "users title user_delete"
ERROR - 2023-05-22 02:28:54 --> Could not find the language line "users msg delete_confirm"
ERROR - 2023-05-22 02:29:03 --> Could not find the language line "employee title employee_list"
ERROR - 2023-05-22 02:29:03 --> Could not find the language line "users title user_delete"
ERROR - 2023-05-22 02:29:03 --> Could not find the language line "users msg delete_confirm"
ERROR - 2023-05-22 02:29:14 --> Could not find the language line "users title user_delete"
ERROR - 2023-05-22 02:29:14 --> Could not find the language line "users msg delete_confirm"
ERROR - 2023-05-22 02:29:16 --> Could not find the language line "employee title employee_list"
ERROR - 2023-05-22 02:29:16 --> Could not find the language line "users title user_delete"
ERROR - 2023-05-22 02:29:16 --> Could not find the language line "users msg delete_confirm"
ERROR - 2023-05-22 02:29:19 --> Could not find the language line "users title user_delete"
ERROR - 2023-05-22 02:29:19 --> Could not find the language line "users msg delete_confirm"
ERROR - 2023-05-22 02:29:21 --> Could not find the language line "employee title employee_list"
ERROR - 2023-05-22 02:29:21 --> Could not find the language line "users title user_delete"
ERROR - 2023-05-22 02:29:21 --> Could not find the language line "users msg delete_confirm"
ERROR - 2023-05-22 02:29:28 --> Severity: Warning --> include(/Applications/MAMP/htdocs/Clockinout/system/language/english/scheduling_lang.php): failed to open stream: No such file or directory /Applications/MAMP/htdocs/Clockinout/application/core/MY_Lang.php 112
ERROR - 2023-05-22 02:29:28 --> Severity: Warning --> include(): Failed opening '/Applications/MAMP/htdocs/Clockinout/system/language/english/scheduling_lang.php' for inclusion (include_path='.:/Applications/MAMP/bin/php/php7.4.33/lib/php') /Applications/MAMP/htdocs/Clockinout/application/core/MY_Lang.php 112
ERROR - 2023-05-22 02:29:28 --> Language file contains no data: language/english/scheduling_lang.php
ERROR - 2023-05-22 02:29:28 --> Severity: error --> Exception: /Applications/MAMP/htdocs/Clockinout/application/models/Scheduling_model.php exists, but doesn't declare class Scheduling_model /Applications/MAMP/htdocs/Clockinout/system/core/Loader.php 340
ERROR - 2023-05-22 02:33:43 --> Language file contains no data: language/english/scheduling_lang.php
ERROR - 2023-05-22 02:33:43 --> Severity: error --> Exception: /Applications/MAMP/htdocs/Clockinout/application/models/Scheduling_model.php exists, but doesn't declare class Scheduling_model /Applications/MAMP/htdocs/Clockinout/system/core/Loader.php 340
ERROR - 2023-05-22 02:37:50 --> Language file contains no data: language/english/scheduling_lang.php
ERROR - 2023-05-22 02:37:50 --> Could not find the language line "employee title employee_list"
ERROR - 2023-05-22 02:37:50 --> Could not find the language line "users title user_delete"
ERROR - 2023-05-22 02:37:50 --> Could not find the language line "users msg delete_confirm"
ERROR - 2023-05-22 02:38:00 --> Language file contains no data: language/english/scheduling_lang.php
ERROR - 2023-05-22 02:38:00 --> Could not find the language line "employee title employee_list"
ERROR - 2023-05-22 02:38:00 --> Could not find the language line "users title user_delete"
ERROR - 2023-05-22 02:38:00 --> Could not find the language line "users msg delete_confirm"
ERROR - 2023-05-22 02:40:49 --> Could not find the language line "employee title employee_list"
ERROR - 2023-05-22 02:40:49 --> Could not find the language line "users title user_delete"
ERROR - 2023-05-22 02:40:49 --> Could not find the language line "users msg delete_confirm"
ERROR - 2023-05-22 02:40:54 --> Language file contains no data: language/english/scheduling_lang.php
ERROR - 2023-05-22 02:40:54 --> Could not find the language line "scheduling title scheduling_list"
ERROR - 2023-05-22 02:41:07 --> Could not find the language line "users title user_delete"
ERROR - 2023-05-22 02:41:07 --> Could not find the language line "users msg delete_confirm"
ERROR - 2023-05-22 02:41:16 --> Could not find the language line "employee title employee_list"
ERROR - 2023-05-22 02:41:16 --> Could not find the language line "users title user_delete"
ERROR - 2023-05-22 02:41:16 --> Could not find the language line "users msg delete_confirm"
ERROR - 2023-05-22 02:41:19 --> Language file contains no data: language/english/scheduling_lang.php
ERROR - 2023-05-22 02:41:19 --> Could not find the language line "scheduling title scheduling_list"
ERROR - 2023-05-22 02:41:21 --> Could not find the language line "employee title employee_list"
ERROR - 2023-05-22 02:41:21 --> Could not find the language line "users title user_delete"
ERROR - 2023-05-22 02:41:21 --> Could not find the language line "users msg delete_confirm"
ERROR - 2023-05-22 02:41:28 --> Could not find the language line "employee title user_add"
ERROR - 2023-05-22 02:44:54 --> Could not find the language line "employee title employee_list"
ERROR - 2023-05-22 02:44:54 --> Could not find the language line "users title user_delete"
ERROR - 2023-05-22 02:44:54 --> Could not find the language line "users msg delete_confirm"
ERROR - 2023-05-22 02:44:56 --> Language file contains no data: language/english/scheduling_lang.php
ERROR - 2023-05-22 02:44:56 --> Could not find the language line "scheduling title scheduling_list"
ERROR - 2023-05-22 04:11:46 --> Could not find the language line "employee title employee_list"
ERROR - 2023-05-22 04:11:46 --> Could not find the language line "users title user_delete"
ERROR - 2023-05-22 04:11:46 --> Could not find the language line "users msg delete_confirm"
ERROR - 2023-05-22 04:11:48 --> Language file contains no data: language/english/scheduling_lang.php
ERROR - 2023-05-22 04:11:48 --> Query error: Table 'clockinout.periode' doesn't exist - Invalid query: 
            SELECT SQL_CALC_FOUND_ROWS *
            FROM periode 
            WHERE deleted = '0'
         ORDER BY name asc LIMIT 0, 10
ERROR - 2023-05-22 04:12:28 --> Language file contains no data: language/english/scheduling_lang.php
ERROR - 2023-05-22 04:12:28 --> Query error: Table 'clockinout.periode' doesn't exist - Invalid query: 
            SELECT SQL_CALC_FOUND_ROWS *
            FROM periode 
            WHERE deleted = '0'
         ORDER BY name asc LIMIT 0, 10
ERROR - 2023-05-22 04:12:29 --> Language file contains no data: language/english/scheduling_lang.php
ERROR - 2023-05-22 04:12:29 --> Query error: Table 'clockinout.periode' doesn't exist - Invalid query: 
            SELECT SQL_CALC_FOUND_ROWS *
            FROM periode 
            WHERE deleted = '0'
         ORDER BY name asc LIMIT 0, 10
ERROR - 2023-05-22 04:12:30 --> Language file contains no data: language/english/scheduling_lang.php
ERROR - 2023-05-22 04:12:30 --> Query error: Table 'clockinout.periode' doesn't exist - Invalid query: 
            SELECT SQL_CALC_FOUND_ROWS *
            FROM periode 
            WHERE deleted = '0'
         ORDER BY name asc LIMIT 0, 10
ERROR - 2023-05-22 04:14:04 --> Language file contains no data: language/english/scheduling_lang.php
ERROR - 2023-05-22 04:14:04 --> Query error: Unknown column 'name' in 'order clause' - Invalid query: 
            SELECT SQL_CALC_FOUND_ROWS *
            FROM period 
            WHERE deleted = '0'
         ORDER BY name asc LIMIT 0, 10
ERROR - 2023-05-22 04:14:05 --> Language file contains no data: language/english/scheduling_lang.php
ERROR - 2023-05-22 04:14:05 --> Query error: Unknown column 'name' in 'order clause' - Invalid query: 
            SELECT SQL_CALC_FOUND_ROWS *
            FROM period 
            WHERE deleted = '0'
         ORDER BY name asc LIMIT 0, 10
ERROR - 2023-05-22 04:15:40 --> Language file contains no data: language/english/scheduling_lang.php
ERROR - 2023-05-22 04:15:40 --> Query error: Unknown column 'name' in 'order clause' - Invalid query: 
            SELECT SQL_CALC_FOUND_ROWS *
            FROM period 
            WHERE deleted = '0'
         ORDER BY name asc LIMIT 0, 10
ERROR - 2023-05-22 04:15:42 --> Language file contains no data: language/english/scheduling_lang.php
ERROR - 2023-05-22 04:15:42 --> Query error: Unknown column 'name' in 'order clause' - Invalid query: 
            SELECT SQL_CALC_FOUND_ROWS *
            FROM period 
            WHERE deleted = '0'
         ORDER BY name asc LIMIT 0, 10
ERROR - 2023-05-22 04:17:56 --> Language file contains no data: language/english/scheduling_lang.php
ERROR - 2023-05-22 04:17:56 --> Query error: Unknown column 'name' in 'order clause' - Invalid query: 
            SELECT SQL_CALC_FOUND_ROWS *
            FROM period 
            WHERE deleted = '0'
         ORDER BY name asc LIMIT 0, 10
ERROR - 2023-05-22 04:17:57 --> Language file contains no data: language/english/scheduling_lang.php
ERROR - 2023-05-22 04:17:57 --> Query error: Unknown column 'name' in 'order clause' - Invalid query: 
            SELECT SQL_CALC_FOUND_ROWS *
            FROM period 
            WHERE deleted = '0'
         ORDER BY name asc LIMIT 0, 10
ERROR - 2023-05-22 04:17:58 --> Language file contains no data: language/english/scheduling_lang.php
ERROR - 2023-05-22 04:17:58 --> Query error: Unknown column 'name' in 'order clause' - Invalid query: 
            SELECT SQL_CALC_FOUND_ROWS *
            FROM period 
            WHERE deleted = '0'
         ORDER BY name asc LIMIT 0, 10
ERROR - 2023-05-22 04:19:32 --> Language file contains no data: language/english/scheduling_lang.php
ERROR - 2023-05-22 04:19:32 --> Query error: Unknown column 'name' in 'order clause' - Invalid query: 
            SELECT SQL_CALC_FOUND_ROWS *
            FROM period 
            WHERE deleted = '0'
         ORDER BY name asc LIMIT 0, 10
ERROR - 2023-05-22 04:19:33 --> Language file contains no data: language/english/scheduling_lang.php
ERROR - 2023-05-22 04:19:33 --> Query error: Unknown column 'name' in 'order clause' - Invalid query: 
            SELECT SQL_CALC_FOUND_ROWS *
            FROM period 
            WHERE deleted = '0'
         ORDER BY name asc LIMIT 0, 10
ERROR - 2023-05-22 04:19:34 --> Language file contains no data: language/english/scheduling_lang.php
ERROR - 2023-05-22 04:19:34 --> Query error: Unknown column 'name' in 'order clause' - Invalid query: 
            SELECT SQL_CALC_FOUND_ROWS *
            FROM period 
            WHERE deleted = '0'
         ORDER BY name asc LIMIT 0, 10
ERROR - 2023-05-22 04:19:36 --> Could not find the language line "employee title employee_list"
ERROR - 2023-05-22 04:19:36 --> Could not find the language line "users title user_delete"
ERROR - 2023-05-22 04:19:36 --> Could not find the language line "users msg delete_confirm"
ERROR - 2023-05-22 04:19:38 --> Language file contains no data: language/english/scheduling_lang.php
ERROR - 2023-05-22 04:19:38 --> Query error: Unknown column 'name' in 'order clause' - Invalid query: 
            SELECT SQL_CALC_FOUND_ROWS *
            FROM period 
            WHERE deleted = '0'
         ORDER BY name asc LIMIT 0, 10
ERROR - 2023-05-22 04:19:42 --> Could not find the language line "employee title employee_list"
ERROR - 2023-05-22 04:19:42 --> Could not find the language line "users title user_delete"
ERROR - 2023-05-22 04:19:42 --> Could not find the language line "users msg delete_confirm"
ERROR - 2023-05-22 04:19:43 --> Could not find the language line "users title user_delete"
ERROR - 2023-05-22 04:19:43 --> Could not find the language line "users msg delete_confirm"
ERROR - 2023-05-22 04:19:45 --> Could not find the language line "employee title employee_list"
ERROR - 2023-05-22 04:19:45 --> Could not find the language line "users title user_delete"
ERROR - 2023-05-22 04:19:45 --> Could not find the language line "users msg delete_confirm"
ERROR - 2023-05-22 04:19:47 --> Language file contains no data: language/english/scheduling_lang.php
ERROR - 2023-05-22 04:19:47 --> Query error: Unknown column 'name' in 'order clause' - Invalid query: 
            SELECT SQL_CALC_FOUND_ROWS *
            FROM period 
            WHERE deleted = '0'
         ORDER BY name asc LIMIT 0, 10
ERROR - 2023-05-22 04:19:50 --> Could not find the language line "employee title employee_list"
ERROR - 2023-05-22 04:19:50 --> Could not find the language line "users title user_delete"
ERROR - 2023-05-22 04:19:50 --> Could not find the language line "users msg delete_confirm"
ERROR - 2023-05-22 04:19:52 --> Language file contains no data: language/english/scheduling_lang.php
ERROR - 2023-05-22 04:19:52 --> Query error: Unknown column 'name' in 'order clause' - Invalid query: 
            SELECT SQL_CALC_FOUND_ROWS *
            FROM period 
            WHERE deleted = '0'
         ORDER BY name asc LIMIT 0, 10
ERROR - 2023-05-22 04:19:56 --> Could not find the language line "employee title employee_list"
ERROR - 2023-05-22 04:19:56 --> Could not find the language line "users title user_delete"
ERROR - 2023-05-22 04:19:56 --> Could not find the language line "users msg delete_confirm"
ERROR - 2023-05-22 04:19:58 --> Could not find the language line "users title user_delete"
ERROR - 2023-05-22 04:19:58 --> Could not find the language line "users msg delete_confirm"
ERROR - 2023-05-22 04:20:00 --> Could not find the language line "employee title employee_list"
ERROR - 2023-05-22 04:20:00 --> Could not find the language line "users title user_delete"
ERROR - 2023-05-22 04:20:00 --> Could not find the language line "users msg delete_confirm"
ERROR - 2023-05-22 04:20:02 --> Language file contains no data: language/english/scheduling_lang.php
ERROR - 2023-05-22 04:20:02 --> Query error: Unknown column 'name' in 'order clause' - Invalid query: 
            SELECT SQL_CALC_FOUND_ROWS *
            FROM period 
            WHERE deleted = '0'
         ORDER BY name asc LIMIT 0, 10
ERROR - 2023-05-22 04:21:32 --> Language file contains no data: language/english/scheduling_lang.php
ERROR - 2023-05-22 04:21:32 --> Query error: Unknown column 'name' in 'order clause' - Invalid query: 
            SELECT SQL_CALC_FOUND_ROWS *
            FROM period 
            WHERE deleted = '0'
         ORDER BY name asc LIMIT 0, 10
ERROR - 2023-05-22 04:21:33 --> Language file contains no data: language/english/scheduling_lang.php
ERROR - 2023-05-22 04:21:33 --> Query error: Unknown column 'name' in 'order clause' - Invalid query: 
            SELECT SQL_CALC_FOUND_ROWS *
            FROM period 
            WHERE deleted = '0'
         ORDER BY name asc LIMIT 0, 10
ERROR - 2023-05-22 05:57:14 --> Language file contains no data: language/english/scheduling_lang.php
ERROR - 2023-05-22 05:57:14 --> Query error: Unknown column 'name' in 'order clause' - Invalid query: 
            SELECT SQL_CALC_FOUND_ROWS *
            FROM period 
            WHERE deleted = '0'
         ORDER BY name asc LIMIT 0, 10
ERROR - 2023-05-22 05:58:20 --> Language file contains no data: language/english/scheduling_lang.php
ERROR - 2023-05-22 05:58:20 --> Query error: Unknown column 'name' in 'order clause' - Invalid query: 
            SELECT SQL_CALC_FOUND_ROWS *
            FROM period 
            WHERE deleted = '0'
         ORDER BY name asc LIMIT 0, 10
ERROR - 2023-05-22 06:00:47 --> Language file contains no data: language/english/scheduling_lang.php
ERROR - 2023-05-22 06:00:47 --> Query error: Unknown column 'name' in 'order clause' - Invalid query: 
            SELECT SQL_CALC_FOUND_ROWS *
            FROM period 
            WHERE deleted = '0'
         ORDER BY name asc LIMIT 0, 10
ERROR - 2023-05-22 06:00:48 --> Language file contains no data: language/english/scheduling_lang.php
ERROR - 2023-05-22 06:00:48 --> Query error: Unknown column 'name' in 'order clause' - Invalid query: 
            SELECT SQL_CALC_FOUND_ROWS *
            FROM period 
            WHERE deleted = '0'
         ORDER BY name asc LIMIT 0, 10
ERROR - 2023-05-22 06:00:50 --> Language file contains no data: language/english/scheduling_lang.php
ERROR - 2023-05-22 06:00:50 --> Query error: Unknown column 'name' in 'order clause' - Invalid query: 
            SELECT SQL_CALC_FOUND_ROWS *
            FROM period 
            WHERE deleted = '0'
         ORDER BY name asc LIMIT 0, 10
ERROR - 2023-05-22 06:00:54 --> Language file contains no data: language/english/scheduling_lang.php
ERROR - 2023-05-22 06:00:54 --> Query error: Unknown column 'name' in 'order clause' - Invalid query: 
            SELECT SQL_CALC_FOUND_ROWS *
            FROM period 
            WHERE deleted = '0'
         ORDER BY name asc LIMIT 0, 10
ERROR - 2023-05-22 06:00:55 --> Could not find the language line "employee title employee_list"
ERROR - 2023-05-22 06:00:55 --> Could not find the language line "users title user_delete"
ERROR - 2023-05-22 06:00:55 --> Could not find the language line "users msg delete_confirm"
ERROR - 2023-05-22 06:00:57 --> Could not find the language line "users title user_delete"
ERROR - 2023-05-22 06:00:57 --> Could not find the language line "users msg delete_confirm"
ERROR - 2023-05-22 06:00:58 --> Could not find the language line "employee title employee_list"
ERROR - 2023-05-22 06:00:58 --> Could not find the language line "users title user_delete"
ERROR - 2023-05-22 06:00:58 --> Could not find the language line "users msg delete_confirm"
ERROR - 2023-05-22 06:01:00 --> Language file contains no data: language/english/scheduling_lang.php
ERROR - 2023-05-22 06:01:00 --> Query error: Unknown column 'name' in 'order clause' - Invalid query: 
            SELECT SQL_CALC_FOUND_ROWS *
            FROM period 
            WHERE deleted = '0'
         ORDER BY name asc LIMIT 0, 10
ERROR - 2023-05-22 06:01:07 --> Language file contains no data: language/english/scheduling_lang.php
ERROR - 2023-05-22 06:01:07 --> Query error: Unknown column 'name' in 'order clause' - Invalid query: 
            SELECT SQL_CALC_FOUND_ROWS *
            FROM period 
            WHERE deleted = '0'
         ORDER BY name asc LIMIT 0, 10
ERROR - 2023-05-22 06:01:09 --> Language file contains no data: language/english/scheduling_lang.php
ERROR - 2023-05-22 06:01:09 --> Query error: Unknown column 'name' in 'order clause' - Invalid query: 
            SELECT SQL_CALC_FOUND_ROWS *
            FROM period 
            WHERE deleted = '0'
         ORDER BY name asc LIMIT 0, 10
ERROR - 2023-05-22 06:01:10 --> Could not find the language line "employee title employee_list"
ERROR - 2023-05-22 06:01:10 --> Could not find the language line "users title user_delete"
ERROR - 2023-05-22 06:01:10 --> Could not find the language line "users msg delete_confirm"
ERROR - 2023-05-22 06:01:11 --> Could not find the language line "users title user_delete"
ERROR - 2023-05-22 06:01:11 --> Could not find the language line "users msg delete_confirm"
ERROR - 2023-05-22 06:01:19 --> Could not find the language line "employee title employee_list"
ERROR - 2023-05-22 06:01:19 --> Could not find the language line "users title user_delete"
ERROR - 2023-05-22 06:01:19 --> Could not find the language line "users msg delete_confirm"
ERROR - 2023-05-22 06:01:21 --> Language file contains no data: language/english/scheduling_lang.php
ERROR - 2023-05-22 06:01:21 --> Query error: Unknown column 'name' in 'order clause' - Invalid query: 
            SELECT SQL_CALC_FOUND_ROWS *
            FROM period 
            WHERE deleted = '0'
         ORDER BY name asc LIMIT 0, 10
ERROR - 2023-05-22 07:23:20 --> Language file contains no data: language/english/scheduling_lang.php
ERROR - 2023-05-22 07:23:20 --> Query error: Unknown column 'name' in 'order clause' - Invalid query: 
            SELECT SQL_CALC_FOUND_ROWS *
            FROM period 
            WHERE deleted = '0'
         ORDER BY name asc LIMIT 0, 10
ERROR - 2023-05-22 07:23:22 --> Language file contains no data: language/english/scheduling_lang.php
ERROR - 2023-05-22 07:23:22 --> Query error: Unknown column 'name' in 'order clause' - Invalid query: 
            SELECT SQL_CALC_FOUND_ROWS *
            FROM period 
            WHERE deleted = '0'
         ORDER BY name asc LIMIT 0, 10
ERROR - 2023-05-22 07:23:24 --> Language file contains no data: language/english/scheduling_lang.php
ERROR - 2023-05-22 07:23:24 --> Query error: Unknown column 'name' in 'order clause' - Invalid query: 
            SELECT SQL_CALC_FOUND_ROWS *
            FROM period 
            WHERE deleted = '0'
         ORDER BY name asc LIMIT 0, 10
ERROR - 2023-05-22 07:23:25 --> Could not find the language line "employee title employee_list"
ERROR - 2023-05-22 07:23:25 --> Could not find the language line "users title user_delete"
ERROR - 2023-05-22 07:23:25 --> Could not find the language line "users msg delete_confirm"
ERROR - 2023-05-22 07:23:33 --> Could not find the language line "employee title employee_list"
ERROR - 2023-05-22 07:23:33 --> Could not find the language line "users title user_delete"
ERROR - 2023-05-22 07:23:33 --> Could not find the language line "users msg delete_confirm"
ERROR - 2023-05-22 07:23:36 --> Language file contains no data: language/english/scheduling_lang.php
ERROR - 2023-05-22 07:23:36 --> Query error: Unknown column 'name' in 'order clause' - Invalid query: 
            SELECT SQL_CALC_FOUND_ROWS *
            FROM period 
            WHERE deleted = '0'
         ORDER BY name asc LIMIT 0, 10
ERROR - 2023-05-22 07:25:23 --> Language file contains no data: language/english/scheduling_lang.php
ERROR - 2023-05-22 07:25:23 --> Query error: Unknown column 'name' in 'order clause' - Invalid query: 
            SELECT SQL_CALC_FOUND_ROWS *
            FROM period 
            WHERE deleted = '0'
         ORDER BY name asc LIMIT 0, 10
ERROR - 2023-05-22 07:25:24 --> Language file contains no data: language/english/scheduling_lang.php
ERROR - 2023-05-22 07:25:24 --> Query error: Unknown column 'name' in 'order clause' - Invalid query: 
            SELECT SQL_CALC_FOUND_ROWS *
            FROM period 
            WHERE deleted = '0'
         ORDER BY name asc LIMIT 0, 10
ERROR - 2023-05-22 07:25:26 --> Could not find the language line "employee title employee_list"
ERROR - 2023-05-22 07:25:26 --> Could not find the language line "users title user_delete"
ERROR - 2023-05-22 07:25:26 --> Could not find the language line "users msg delete_confirm"
ERROR - 2023-05-22 07:25:28 --> Language file contains no data: language/english/scheduling_lang.php
ERROR - 2023-05-22 07:25:28 --> Query error: Unknown column 'name' in 'order clause' - Invalid query: 
            SELECT SQL_CALC_FOUND_ROWS *
            FROM period 
            WHERE deleted = '0'
         ORDER BY name asc LIMIT 0, 10
ERROR - 2023-05-22 07:25:31 --> Could not find the language line "employee title employee_list"
ERROR - 2023-05-22 07:25:31 --> Could not find the language line "users title user_delete"
ERROR - 2023-05-22 07:25:31 --> Could not find the language line "users msg delete_confirm"
ERROR - 2023-05-22 07:25:34 --> Could not find the language line "employee title user_add"
ERROR - 2023-05-22 07:25:36 --> Could not find the language line "employee title employee_list"
ERROR - 2023-05-22 07:25:36 --> Could not find the language line "users title user_delete"
ERROR - 2023-05-22 07:25:36 --> Could not find the language line "users msg delete_confirm"
ERROR - 2023-05-22 07:25:38 --> Language file contains no data: language/english/scheduling_lang.php
ERROR - 2023-05-22 07:25:38 --> Query error: Unknown column 'name' in 'order clause' - Invalid query: 
            SELECT SQL_CALC_FOUND_ROWS *
            FROM period 
            WHERE deleted = '0'
         ORDER BY name asc LIMIT 0, 10
ERROR - 2023-05-22 07:27:12 --> Language file contains no data: language/english/scheduling_lang.php
ERROR - 2023-05-22 07:27:12 --> Could not find the language line "scheduling title scheduling_list"
ERROR - 2023-05-22 07:27:41 --> Language file contains no data: language/english/scheduling_lang.php
ERROR - 2023-05-22 07:27:41 --> Could not find the language line "scheduling title scheduling_list"
ERROR - 2023-05-22 07:27:42 --> Language file contains no data: language/english/scheduling_lang.php
ERROR - 2023-05-22 07:27:42 --> Could not find the language line "scheduling title scheduling_list"
ERROR - 2023-05-22 07:27:44 --> Language file contains no data: language/english/scheduling_lang.php
ERROR - 2023-05-22 07:27:44 --> Could not find the language line "scheduling title scheduling_list"
ERROR - 2023-05-22 07:28:11 --> Could not find the language line "employee title employee_list"
ERROR - 2023-05-22 07:28:11 --> Could not find the language line "users title user_delete"
ERROR - 2023-05-22 07:28:11 --> Could not find the language line "users msg delete_confirm"
ERROR - 2023-05-22 07:28:14 --> Language file contains no data: language/english/scheduling_lang.php
ERROR - 2023-05-22 07:28:14 --> Could not find the language line "scheduling title scheduling_list"
ERROR - 2023-05-22 07:31:46 --> Could not find the language line "employee title employee_list"
ERROR - 2023-05-22 07:31:46 --> Could not find the language line "users title user_delete"
ERROR - 2023-05-22 07:31:46 --> Could not find the language line "users msg delete_confirm"
ERROR - 2023-05-22 07:31:48 --> Language file contains no data: language/english/scheduling_lang.php
ERROR - 2023-05-22 07:31:48 --> Could not find the language line "scheduling title scheduling_list"
ERROR - 2023-05-22 07:31:50 --> Could not find the language line "employee title employee_list"
ERROR - 2023-05-22 07:31:50 --> Could not find the language line "users title user_delete"
ERROR - 2023-05-22 07:31:50 --> Could not find the language line "users msg delete_confirm"
ERROR - 2023-05-22 07:31:52 --> Language file contains no data: language/english/scheduling_lang.php
ERROR - 2023-05-22 07:31:52 --> Could not find the language line "scheduling title scheduling_list"
ERROR - 2023-05-22 07:32:09 --> Language file contains no data: language/english/scheduling_lang.php
ERROR - 2023-05-22 07:32:09 --> Language file contains no data: language/english/scheduling_lang.php
ERROR - 2023-05-22 07:32:09 --> Language file contains no data: language/english/scheduling_lang.php
ERROR - 2023-05-22 07:32:09 --> Language file contains no data: language/english/scheduling_lang.php
ERROR - 2023-05-22 07:32:09 --> Language file contains no data: language/english/scheduling_lang.php
ERROR - 2023-05-22 07:32:09 --> Language file contains no data: language/english/scheduling_lang.php
ERROR - 2023-05-22 07:32:09 --> Language file contains no data: language/english/scheduling_lang.php
ERROR - 2023-05-22 07:32:09 --> Language file contains no data: language/english/scheduling_lang.php
ERROR - 2023-05-22 07:32:09 --> Language file contains no data: language/english/scheduling_lang.php
ERROR - 2023-05-22 07:32:09 --> Language file contains no data: language/english/scheduling_lang.php
ERROR - 2023-05-22 07:32:09 --> Language file contains no data: language/english/scheduling_lang.php
ERROR - 2023-05-22 07:32:09 --> Language file contains no data: language/english/scheduling_lang.php
ERROR - 2023-05-22 07:32:09 --> Language file contains no data: language/english/scheduling_lang.php
ERROR - 2023-05-22 07:32:09 --> Language file contains no data: language/english/scheduling_lang.php
ERROR - 2023-05-22 07:32:10 --> Language file contains no data: language/english/scheduling_lang.php
ERROR - 2023-05-22 07:32:10 --> Language file contains no data: language/english/scheduling_lang.php
ERROR - 2023-05-22 07:32:10 --> Language file contains no data: language/english/scheduling_lang.php
ERROR - 2023-05-22 07:32:10 --> Language file contains no data: language/english/scheduling_lang.php
ERROR - 2023-05-22 07:32:10 --> Language file contains no data: language/english/scheduling_lang.php
ERROR - 2023-05-22 07:32:10 --> Language file contains no data: language/english/scheduling_lang.php
ERROR - 2023-05-22 07:32:10 --> Language file contains no data: language/english/scheduling_lang.php
ERROR - 2023-05-22 07:32:13 --> Language file contains no data: language/english/scheduling_lang.php
ERROR - 2023-05-22 07:32:13 --> Could not find the language line "scheduling title scheduling_list"
ERROR - 2023-05-22 08:02:54 --> Language file contains no data: language/english/scheduling_lang.php
ERROR - 2023-05-22 08:02:54 --> Language file contains no data: language/english/scheduling_lang.php
ERROR - 2023-05-22 08:02:54 --> Language file contains no data: language/english/scheduling_lang.php
ERROR - 2023-05-22 08:02:54 --> Language file contains no data: language/english/scheduling_lang.php
ERROR - 2023-05-22 08:02:54 --> Language file contains no data: language/english/scheduling_lang.php
ERROR - 2023-05-22 08:02:54 --> Language file contains no data: language/english/scheduling_lang.php
ERROR - 2023-05-22 08:02:54 --> Language file contains no data: language/english/scheduling_lang.php
ERROR - 2023-05-22 08:02:54 --> Language file contains no data: language/english/scheduling_lang.php
ERROR - 2023-05-22 08:02:54 --> Language file contains no data: language/english/scheduling_lang.php
ERROR - 2023-05-22 08:02:54 --> Language file contains no data: language/english/scheduling_lang.php
ERROR - 2023-05-22 08:02:54 --> Language file contains no data: language/english/scheduling_lang.php
ERROR - 2023-05-22 08:02:54 --> Language file contains no data: language/english/scheduling_lang.php
ERROR - 2023-05-22 08:02:54 --> Language file contains no data: language/english/scheduling_lang.php
ERROR - 2023-05-22 08:02:54 --> Language file contains no data: language/english/scheduling_lang.php
ERROR - 2023-05-22 08:02:54 --> Language file contains no data: language/english/scheduling_lang.php
ERROR - 2023-05-22 08:02:54 --> Language file contains no data: language/english/scheduling_lang.php
ERROR - 2023-05-22 08:02:54 --> Language file contains no data: language/english/scheduling_lang.php
ERROR - 2023-05-22 08:02:54 --> Language file contains no data: language/english/scheduling_lang.php
ERROR - 2023-05-22 08:02:54 --> Language file contains no data: language/english/scheduling_lang.php
ERROR - 2023-05-22 08:02:54 --> Language file contains no data: language/english/scheduling_lang.php
ERROR - 2023-05-22 08:02:54 --> Language file contains no data: language/english/scheduling_lang.php
ERROR - 2023-05-22 08:02:58 --> Language file contains no data: language/english/scheduling_lang.php
ERROR - 2023-05-22 08:02:58 --> Could not find the language line "scheduling title scheduling_list"
ERROR - 2023-05-22 08:03:08 --> Language file contains no data: language/english/scheduling_lang.php
ERROR - 2023-05-22 08:03:08 --> Could not find the language line "scheduling title scheduling_list"
ERROR - 2023-05-22 09:47:26 --> Language file contains no data: language/english/scheduling_lang.php
ERROR - 2023-05-22 09:47:26 --> Could not find the language line "scheduling title scheduling_list"
ERROR - 2023-05-22 09:48:40 --> Language file contains no data: language/english/scheduling_lang.php
ERROR - 2023-05-22 09:48:40 --> Could not find the language line "scheduling title scheduling_list"
ERROR - 2023-05-22 09:48:40 --> Severity: error --> Exception: Call to undefined method Employee_model::get() /Applications/MAMP/htdocs/Clockinout/application/controllers/admin/Scheduling.php 133
ERROR - 2023-05-22 09:49:50 --> Language file contains no data: language/english/scheduling_lang.php
ERROR - 2023-05-22 09:49:50 --> Could not find the language line "scheduling title scheduling_list"
ERROR - 2023-05-22 09:49:50 --> Severity: error --> Exception: Call to undefined method Employee_model::get() /Applications/MAMP/htdocs/Clockinout/application/controllers/admin/Scheduling.php 133
ERROR - 2023-05-22 09:49:51 --> Language file contains no data: language/english/scheduling_lang.php
ERROR - 2023-05-22 09:49:51 --> Could not find the language line "scheduling title scheduling_list"
ERROR - 2023-05-22 09:49:51 --> Severity: error --> Exception: Call to undefined method Employee_model::get() /Applications/MAMP/htdocs/Clockinout/application/controllers/admin/Scheduling.php 133
ERROR - 2023-05-22 09:51:34 --> Language file contains no data: language/english/scheduling_lang.php
ERROR - 2023-05-22 09:51:34 --> Could not find the language line "scheduling title scheduling_list"
ERROR - 2023-05-22 09:51:46 --> Language file contains no data: language/english/scheduling_lang.php
ERROR - 2023-05-22 09:51:46 --> Language file contains no data: language/english/scheduling_lang.php
ERROR - 2023-05-22 09:51:46 --> Language file contains no data: language/english/scheduling_lang.php
ERROR - 2023-05-22 09:51:46 --> Language file contains no data: language/english/scheduling_lang.php
ERROR - 2023-05-22 09:51:46 --> Language file contains no data: language/english/scheduling_lang.php
ERROR - 2023-05-22 09:51:46 --> Language file contains no data: language/english/scheduling_lang.php
ERROR - 2023-05-22 09:51:46 --> Language file contains no data: language/english/scheduling_lang.php
ERROR - 2023-05-22 09:51:46 --> Language file contains no data: language/english/scheduling_lang.php
ERROR - 2023-05-22 09:51:47 --> Language file contains no data: language/english/scheduling_lang.php
ERROR - 2023-05-22 09:51:47 --> Language file contains no data: language/english/scheduling_lang.php
ERROR - 2023-05-22 09:51:47 --> Language file contains no data: language/english/scheduling_lang.php
ERROR - 2023-05-22 09:51:47 --> Language file contains no data: language/english/scheduling_lang.php
ERROR - 2023-05-22 09:51:47 --> Language file contains no data: language/english/scheduling_lang.php
ERROR - 2023-05-22 09:51:47 --> Language file contains no data: language/english/scheduling_lang.php
ERROR - 2023-05-22 09:51:47 --> Language file contains no data: language/english/scheduling_lang.php
ERROR - 2023-05-22 09:51:47 --> Language file contains no data: language/english/scheduling_lang.php
ERROR - 2023-05-22 09:51:47 --> Language file contains no data: language/english/scheduling_lang.php
ERROR - 2023-05-22 09:51:47 --> Language file contains no data: language/english/scheduling_lang.php
ERROR - 2023-05-22 09:51:47 --> Language file contains no data: language/english/scheduling_lang.php
ERROR - 2023-05-22 09:51:47 --> Language file contains no data: language/english/scheduling_lang.php
ERROR - 2023-05-22 09:51:47 --> Language file contains no data: language/english/scheduling_lang.php
ERROR - 2023-05-22 09:51:50 --> Language file contains no data: language/english/scheduling_lang.php
ERROR - 2023-05-22 09:51:50 --> Could not find the language line "scheduling title scheduling_list"
ERROR - 2023-05-22 09:52:33 --> Language file contains no data: language/english/scheduling_lang.php
ERROR - 2023-05-22 09:52:33 --> Language file contains no data: language/english/scheduling_lang.php
ERROR - 2023-05-22 09:52:33 --> Language file contains no data: language/english/scheduling_lang.php
ERROR - 2023-05-22 09:52:33 --> Language file contains no data: language/english/scheduling_lang.php
ERROR - 2023-05-22 09:52:33 --> Language file contains no data: language/english/scheduling_lang.php
ERROR - 2023-05-22 09:52:33 --> Language file contains no data: language/english/scheduling_lang.php
ERROR - 2023-05-22 09:52:33 --> Language file contains no data: language/english/scheduling_lang.php
ERROR - 2023-05-22 09:52:33 --> Language file contains no data: language/english/scheduling_lang.php
ERROR - 2023-05-22 09:52:33 --> Language file contains no data: language/english/scheduling_lang.php
ERROR - 2023-05-22 09:52:33 --> Language file contains no data: language/english/scheduling_lang.php
ERROR - 2023-05-22 09:52:33 --> Language file contains no data: language/english/scheduling_lang.php
ERROR - 2023-05-22 09:52:33 --> Language file contains no data: language/english/scheduling_lang.php
ERROR - 2023-05-22 09:52:33 --> Language file contains no data: language/english/scheduling_lang.php
ERROR - 2023-05-22 09:52:33 --> Language file contains no data: language/english/scheduling_lang.php
ERROR - 2023-05-22 09:52:33 --> Language file contains no data: language/english/scheduling_lang.php
ERROR - 2023-05-22 09:52:33 --> Language file contains no data: language/english/scheduling_lang.php
ERROR - 2023-05-22 09:52:33 --> Language file contains no data: language/english/scheduling_lang.php
ERROR - 2023-05-22 09:52:33 --> Language file contains no data: language/english/scheduling_lang.php
ERROR - 2023-05-22 09:52:33 --> Language file contains no data: language/english/scheduling_lang.php
ERROR - 2023-05-22 09:52:33 --> Language file contains no data: language/english/scheduling_lang.php
ERROR - 2023-05-22 09:52:33 --> Language file contains no data: language/english/scheduling_lang.php
ERROR - 2023-05-22 09:54:36 --> Language file contains no data: language/english/scheduling_lang.php
ERROR - 2023-05-22 09:54:36 --> Language file contains no data: language/english/scheduling_lang.php
ERROR - 2023-05-22 09:54:36 --> Language file contains no data: language/english/scheduling_lang.php
ERROR - 2023-05-22 09:54:36 --> Language file contains no data: language/english/scheduling_lang.php
ERROR - 2023-05-22 09:54:36 --> Language file contains no data: language/english/scheduling_lang.php
ERROR - 2023-05-22 09:54:36 --> Language file contains no data: language/english/scheduling_lang.php
ERROR - 2023-05-22 09:54:36 --> Language file contains no data: language/english/scheduling_lang.php
ERROR - 2023-05-22 09:54:36 --> Language file contains no data: language/english/scheduling_lang.php
ERROR - 2023-05-22 09:54:36 --> Language file contains no data: language/english/scheduling_lang.php
ERROR - 2023-05-22 09:54:36 --> Language file contains no data: language/english/scheduling_lang.php
ERROR - 2023-05-22 09:54:36 --> Language file contains no data: language/english/scheduling_lang.php
ERROR - 2023-05-22 09:54:36 --> Language file contains no data: language/english/scheduling_lang.php
ERROR - 2023-05-22 09:54:36 --> Language file contains no data: language/english/scheduling_lang.php
ERROR - 2023-05-22 09:54:36 --> Language file contains no data: language/english/scheduling_lang.php
ERROR - 2023-05-22 09:54:36 --> Language file contains no data: language/english/scheduling_lang.php
ERROR - 2023-05-22 09:54:36 --> Language file contains no data: language/english/scheduling_lang.php
ERROR - 2023-05-22 09:54:37 --> Language file contains no data: language/english/scheduling_lang.php
ERROR - 2023-05-22 09:54:37 --> Language file contains no data: language/english/scheduling_lang.php
ERROR - 2023-05-22 09:54:37 --> Language file contains no data: language/english/scheduling_lang.php
ERROR - 2023-05-22 09:54:37 --> Language file contains no data: language/english/scheduling_lang.php
ERROR - 2023-05-22 09:54:37 --> Language file contains no data: language/english/scheduling_lang.php
ERROR - 2023-05-22 09:55:30 --> Language file contains no data: language/english/scheduling_lang.php
ERROR - 2023-05-22 09:55:30 --> Language file contains no data: language/english/scheduling_lang.php
ERROR - 2023-05-22 09:55:30 --> Language file contains no data: language/english/scheduling_lang.php
ERROR - 2023-05-22 09:55:30 --> Language file contains no data: language/english/scheduling_lang.php
ERROR - 2023-05-22 09:55:30 --> Language file contains no data: language/english/scheduling_lang.php
ERROR - 2023-05-22 09:55:31 --> Language file contains no data: language/english/scheduling_lang.php
ERROR - 2023-05-22 09:55:31 --> Language file contains no data: language/english/scheduling_lang.php
ERROR - 2023-05-22 09:55:31 --> Language file contains no data: language/english/scheduling_lang.php
ERROR - 2023-05-22 09:55:31 --> Language file contains no data: language/english/scheduling_lang.php
ERROR - 2023-05-22 09:55:31 --> Language file contains no data: language/english/scheduling_lang.php
ERROR - 2023-05-22 09:55:31 --> Language file contains no data: language/english/scheduling_lang.php
ERROR - 2023-05-22 09:55:31 --> Language file contains no data: language/english/scheduling_lang.php
ERROR - 2023-05-22 09:55:31 --> Language file contains no data: language/english/scheduling_lang.php
ERROR - 2023-05-22 09:55:31 --> Language file contains no data: language/english/scheduling_lang.php
ERROR - 2023-05-22 09:55:31 --> Language file contains no data: language/english/scheduling_lang.php
ERROR - 2023-05-22 09:55:31 --> Language file contains no data: language/english/scheduling_lang.php
ERROR - 2023-05-22 09:55:31 --> Language file contains no data: language/english/scheduling_lang.php
ERROR - 2023-05-22 09:55:31 --> Language file contains no data: language/english/scheduling_lang.php
ERROR - 2023-05-22 09:55:31 --> Language file contains no data: language/english/scheduling_lang.php
ERROR - 2023-05-22 09:55:31 --> Language file contains no data: language/english/scheduling_lang.php
ERROR - 2023-05-22 09:55:31 --> Language file contains no data: language/english/scheduling_lang.php
ERROR - 2023-05-22 09:55:36 --> Language file contains no data: language/english/scheduling_lang.php
ERROR - 2023-05-22 09:55:36 --> Language file contains no data: language/english/scheduling_lang.php
ERROR - 2023-05-22 09:55:36 --> Language file contains no data: language/english/scheduling_lang.php
ERROR - 2023-05-22 09:55:36 --> Language file contains no data: language/english/scheduling_lang.php
ERROR - 2023-05-22 09:55:36 --> Language file contains no data: language/english/scheduling_lang.php
ERROR - 2023-05-22 09:55:36 --> Language file contains no data: language/english/scheduling_lang.php
ERROR - 2023-05-22 09:55:36 --> Language file contains no data: language/english/scheduling_lang.php
ERROR - 2023-05-22 09:55:36 --> Language file contains no data: language/english/scheduling_lang.php
ERROR - 2023-05-22 09:55:36 --> Language file contains no data: language/english/scheduling_lang.php
ERROR - 2023-05-22 09:55:36 --> Language file contains no data: language/english/scheduling_lang.php
ERROR - 2023-05-22 09:55:36 --> Language file contains no data: language/english/scheduling_lang.php
ERROR - 2023-05-22 09:55:36 --> Language file contains no data: language/english/scheduling_lang.php
ERROR - 2023-05-22 09:55:36 --> Language file contains no data: language/english/scheduling_lang.php
ERROR - 2023-05-22 09:55:36 --> Language file contains no data: language/english/scheduling_lang.php
ERROR - 2023-05-22 09:55:36 --> Language file contains no data: language/english/scheduling_lang.php
ERROR - 2023-05-22 09:55:36 --> Language file contains no data: language/english/scheduling_lang.php
ERROR - 2023-05-22 09:55:36 --> Language file contains no data: language/english/scheduling_lang.php
ERROR - 2023-05-22 09:55:36 --> Language file contains no data: language/english/scheduling_lang.php
ERROR - 2023-05-22 09:55:36 --> Language file contains no data: language/english/scheduling_lang.php
ERROR - 2023-05-22 09:55:36 --> Language file contains no data: language/english/scheduling_lang.php
ERROR - 2023-05-22 09:55:36 --> Language file contains no data: language/english/scheduling_lang.php
ERROR - 2023-05-22 09:55:40 --> Language file contains no data: language/english/scheduling_lang.php
ERROR - 2023-05-22 09:55:40 --> Language file contains no data: language/english/scheduling_lang.php
ERROR - 2023-05-22 09:55:40 --> Language file contains no data: language/english/scheduling_lang.php
ERROR - 2023-05-22 09:55:40 --> Language file contains no data: language/english/scheduling_lang.php
ERROR - 2023-05-22 09:55:40 --> Language file contains no data: language/english/scheduling_lang.php
ERROR - 2023-05-22 09:55:40 --> Language file contains no data: language/english/scheduling_lang.php
ERROR - 2023-05-22 09:55:40 --> Language file contains no data: language/english/scheduling_lang.php
ERROR - 2023-05-22 09:55:40 --> Language file contains no data: language/english/scheduling_lang.php
ERROR - 2023-05-22 09:55:40 --> Language file contains no data: language/english/scheduling_lang.php
ERROR - 2023-05-22 09:55:40 --> Language file contains no data: language/english/scheduling_lang.php
ERROR - 2023-05-22 09:55:40 --> Language file contains no data: language/english/scheduling_lang.php
ERROR - 2023-05-22 09:55:40 --> Language file contains no data: language/english/scheduling_lang.php
ERROR - 2023-05-22 09:55:40 --> Language file contains no data: language/english/scheduling_lang.php
ERROR - 2023-05-22 09:55:40 --> Language file contains no data: language/english/scheduling_lang.php
ERROR - 2023-05-22 09:55:40 --> Language file contains no data: language/english/scheduling_lang.php
ERROR - 2023-05-22 09:55:40 --> Language file contains no data: language/english/scheduling_lang.php
ERROR - 2023-05-22 09:55:40 --> Language file contains no data: language/english/scheduling_lang.php
ERROR - 2023-05-22 09:55:40 --> Language file contains no data: language/english/scheduling_lang.php
ERROR - 2023-05-22 09:55:40 --> Language file contains no data: language/english/scheduling_lang.php
ERROR - 2023-05-22 09:55:40 --> Language file contains no data: language/english/scheduling_lang.php
ERROR - 2023-05-22 09:55:40 --> Language file contains no data: language/english/scheduling_lang.php
ERROR - 2023-05-22 09:55:41 --> Language file contains no data: language/english/scheduling_lang.php
ERROR - 2023-05-22 09:55:41 --> Language file contains no data: language/english/scheduling_lang.php
ERROR - 2023-05-22 09:55:41 --> Language file contains no data: language/english/scheduling_lang.php
ERROR - 2023-05-22 09:55:41 --> Language file contains no data: language/english/scheduling_lang.php
ERROR - 2023-05-22 09:55:41 --> Language file contains no data: language/english/scheduling_lang.php
ERROR - 2023-05-22 09:55:41 --> Language file contains no data: language/english/scheduling_lang.php
ERROR - 2023-05-22 09:55:41 --> Language file contains no data: language/english/scheduling_lang.php
ERROR - 2023-05-22 09:55:41 --> Language file contains no data: language/english/scheduling_lang.php
ERROR - 2023-05-22 09:55:41 --> Language file contains no data: language/english/scheduling_lang.php
ERROR - 2023-05-22 09:55:41 --> Language file contains no data: language/english/scheduling_lang.php
ERROR - 2023-05-22 09:55:41 --> Language file contains no data: language/english/scheduling_lang.php
ERROR - 2023-05-22 09:55:41 --> Language file contains no data: language/english/scheduling_lang.php
ERROR - 2023-05-22 09:55:41 --> Language file contains no data: language/english/scheduling_lang.php
ERROR - 2023-05-22 09:55:41 --> Language file contains no data: language/english/scheduling_lang.php
ERROR - 2023-05-22 09:55:41 --> Language file contains no data: language/english/scheduling_lang.php
ERROR - 2023-05-22 09:55:41 --> Language file contains no data: language/english/scheduling_lang.php
ERROR - 2023-05-22 09:55:41 --> Language file contains no data: language/english/scheduling_lang.php
ERROR - 2023-05-22 09:55:41 --> Language file contains no data: language/english/scheduling_lang.php
ERROR - 2023-05-22 09:55:41 --> Language file contains no data: language/english/scheduling_lang.php
ERROR - 2023-05-22 09:55:41 --> Language file contains no data: language/english/scheduling_lang.php
ERROR - 2023-05-22 09:55:41 --> Language file contains no data: language/english/scheduling_lang.php
ERROR - 2023-05-22 09:55:50 --> Could not find the language line "employee title employee_list"
ERROR - 2023-05-22 09:55:50 --> Could not find the language line "users title user_delete"
ERROR - 2023-05-22 09:55:50 --> Could not find the language line "users msg delete_confirm"
ERROR - 2023-05-22 09:56:16 --> Could not find the language line "employee title employee_list"
ERROR - 2023-05-22 09:56:16 --> Could not find the language line "users title user_delete"
ERROR - 2023-05-22 09:56:16 --> Could not find the language line "users msg delete_confirm"
ERROR - 2023-05-22 09:56:18 --> Could not find the language line "employee title employee_list"
ERROR - 2023-05-22 09:56:18 --> Could not find the language line "users title user_delete"
ERROR - 2023-05-22 09:56:18 --> Could not find the language line "users msg delete_confirm"
ERROR - 2023-05-22 09:56:52 --> Could not find the language line "employee title employee_list"
ERROR - 2023-05-22 09:56:52 --> Could not find the language line "users title user_delete"
ERROR - 2023-05-22 09:56:52 --> Could not find the language line "users msg delete_confirm"
ERROR - 2023-05-22 09:56:55 --> Language file contains no data: language/english/scheduling_lang.php
ERROR - 2023-05-22 09:56:55 --> Could not find the language line "scheduling title scheduling_list"
ERROR - 2023-05-22 09:56:58 --> Language file contains no data: language/english/scheduling_lang.php
ERROR - 2023-05-22 09:56:58 --> Language file contains no data: language/english/scheduling_lang.php
ERROR - 2023-05-22 09:56:58 --> Language file contains no data: language/english/scheduling_lang.php
ERROR - 2023-05-22 09:56:58 --> Language file contains no data: language/english/scheduling_lang.php
ERROR - 2023-05-22 09:56:58 --> Language file contains no data: language/english/scheduling_lang.php
ERROR - 2023-05-22 09:56:58 --> Language file contains no data: language/english/scheduling_lang.php
ERROR - 2023-05-22 09:56:58 --> Language file contains no data: language/english/scheduling_lang.php
ERROR - 2023-05-22 09:56:58 --> Language file contains no data: language/english/scheduling_lang.php
ERROR - 2023-05-22 09:56:58 --> Language file contains no data: language/english/scheduling_lang.php
ERROR - 2023-05-22 09:56:58 --> Language file contains no data: language/english/scheduling_lang.php
ERROR - 2023-05-22 09:56:58 --> Language file contains no data: language/english/scheduling_lang.php
ERROR - 2023-05-22 09:56:58 --> Language file contains no data: language/english/scheduling_lang.php
ERROR - 2023-05-22 09:56:58 --> Language file contains no data: language/english/scheduling_lang.php
ERROR - 2023-05-22 09:56:58 --> Language file contains no data: language/english/scheduling_lang.php
ERROR - 2023-05-22 09:56:58 --> Language file contains no data: language/english/scheduling_lang.php
ERROR - 2023-05-22 09:56:58 --> Language file contains no data: language/english/scheduling_lang.php
ERROR - 2023-05-22 09:56:58 --> Language file contains no data: language/english/scheduling_lang.php
ERROR - 2023-05-22 09:56:58 --> Language file contains no data: language/english/scheduling_lang.php
ERROR - 2023-05-22 09:56:59 --> Language file contains no data: language/english/scheduling_lang.php
ERROR - 2023-05-22 09:56:59 --> Language file contains no data: language/english/scheduling_lang.php
ERROR - 2023-05-22 09:56:59 --> Language file contains no data: language/english/scheduling_lang.php
ERROR - 2023-05-22 09:57:02 --> Language file contains no data: language/english/scheduling_lang.php
ERROR - 2023-05-22 09:57:02 --> Could not find the language line "scheduling title scheduling_list"
ERROR - 2023-05-22 10:12:07 --> Could not find the language line "employee title employee_list"
ERROR - 2023-05-22 10:12:07 --> Could not find the language line "users title user_delete"
ERROR - 2023-05-22 10:12:07 --> Could not find the language line "users msg delete_confirm"
ERROR - 2023-05-22 13:30:38 --> Severity: error --> Exception: syntax error, unexpected end of file /Applications/MAMP/htdocs/Clockinout/application/config/routes.php 62
ERROR - 2023-05-22 15:43:40 --> Could not find the language line "employee title employee_list"
ERROR - 2023-05-22 15:43:40 --> Could not find the language line "users title user_delete"
ERROR - 2023-05-22 15:43:40 --> Could not find the language line "users msg delete_confirm"
ERROR - 2023-05-22 15:43:48 --> Could not find the language line "employee title employee_list"
ERROR - 2023-05-22 15:43:48 --> Could not find the language line "users title user_delete"
ERROR - 2023-05-22 15:43:48 --> Could not find the language line "users msg delete_confirm"
ERROR - 2023-05-22 15:44:23 --> Language file contains no data: language/english/scheduling_lang.php
ERROR - 2023-05-22 15:44:23 --> Could not find the language line "scheduling title scheduling_list"
ERROR - 2023-05-22 15:44:27 --> Could not find the language line "employee title employee_list"
ERROR - 2023-05-22 15:44:27 --> Could not find the language line "users title user_delete"
ERROR - 2023-05-22 15:44:27 --> Could not find the language line "users msg delete_confirm"
ERROR - 2023-05-22 15:44:34 --> Language file contains no data: language/english/scheduling_lang.php
ERROR - 2023-05-22 15:44:34 --> Could not find the language line "employee title employee_list"
ERROR - 2023-05-22 15:44:34 --> Could not find the language line "users title user_delete"
ERROR - 2023-05-22 15:44:34 --> Could not find the language line "users msg delete_confirm"
ERROR - 2023-05-22 15:45:57 --> Could not find the language line "employee title employee_list"
ERROR - 2023-05-22 15:45:57 --> Could not find the language line "users title user_delete"
ERROR - 2023-05-22 15:45:57 --> Could not find the language line "users msg delete_confirm"
ERROR - 2023-05-22 15:46:52 --> Could not find the language line "users title user_delete"
ERROR - 2023-05-22 15:46:52 --> Could not find the language line "users msg delete_confirm"
ERROR - 2023-05-22 15:46:53 --> Could not find the language line "employee title employee_list"
ERROR - 2023-05-22 15:46:53 --> Could not find the language line "users title user_delete"
ERROR - 2023-05-22 15:46:53 --> Could not find the language line "users msg delete_confirm"
ERROR - 2023-05-22 15:46:57 --> Could not find the language line "employee title employee_list"
ERROR - 2023-05-22 15:46:57 --> Could not find the language line "users title user_delete"
ERROR - 2023-05-22 15:46:57 --> Could not find the language line "users msg delete_confirm"
ERROR - 2023-05-22 15:47:30 --> Could not find the language line "users title user_delete"
ERROR - 2023-05-22 15:47:30 --> Could not find the language line "users msg delete_confirm"
ERROR - 2023-05-22 15:47:31 --> Could not find the language line "employee title employee_list"
ERROR - 2023-05-22 15:47:31 --> Could not find the language line "users title user_delete"
ERROR - 2023-05-22 15:47:31 --> Could not find the language line "users msg delete_confirm"
ERROR - 2023-05-22 15:47:34 --> Could not find the language line "employee title employee_list"
ERROR - 2023-05-22 15:47:34 --> Could not find the language line "users title user_delete"
ERROR - 2023-05-22 15:47:34 --> Could not find the language line "users msg delete_confirm"
ERROR - 2023-05-22 15:47:36 --> Language file contains no data: language/english/scheduling_lang.php
ERROR - 2023-05-22 15:47:36 --> Could not find the language line "scheduling title scheduling_list"
ERROR - 2023-05-22 15:47:47 --> Language file contains no data: language/english/scheduling_lang.php
ERROR - 2023-05-22 15:47:47 --> Could not find the language line "scheduling title period_add"
ERROR - 2023-05-22 15:49:50 --> Language file contains no data: language/english/scheduling_lang.php
ERROR - 2023-05-22 15:49:50 --> Could not find the language line "scheduling title period_add"
ERROR - 2023-05-22 15:49:51 --> Language file contains no data: language/english/scheduling_lang.php
ERROR - 2023-05-22 15:49:51 --> Could not find the language line "scheduling title period_add"
ERROR - 2023-05-22 15:55:44 --> Language file contains no data: language/english/scheduling_lang.php
ERROR - 2023-05-22 15:55:44 --> Could not find the language line "scheduling title period_add"
ERROR - 2023-05-22 15:55:44 --> Could not find the language line "employee input start_period"
ERROR - 2023-05-22 15:55:44 --> Could not find the language line "employee input end_period"
ERROR - 2023-05-22 18:52:26 --> Could not find the language line "scheduling title period_add"
ERROR - 2023-05-22 18:52:26 --> Could not find the language line "employee input start_period"
ERROR - 2023-05-22 18:52:26 --> Could not find the language line "employee input end_period"
ERROR - 2023-05-22 18:54:05 --> Could not find the language line "scheduling title period_add"
ERROR - 2023-05-22 18:58:49 --> Could not find the language line "scheduling title period_add"
ERROR - 2023-05-22 19:03:26 --> Could not find the language line "scheduling title period_add"
ERROR - 2023-05-22 19:17:45 --> Could not find the language line "scheduling title period_add"
ERROR - 2023-05-22 19:17:47 --> Could not find the language line "scheduling title period_add"
ERROR - 2023-05-22 19:17:49 --> Could not find the language line "scheduling title period_add"
ERROR - 2023-05-22 19:17:52 --> Could not find the language line "employee title employee_list"
ERROR - 2023-05-22 19:17:52 --> Could not find the language line "users title user_delete"
ERROR - 2023-05-22 19:17:52 --> Could not find the language line "users msg delete_confirm"
