ERROR - 2023-05-31 03:10:39 --> Could not find the language line "users title user_delete"
ERROR - 2023-05-31 03:10:39 --> Could not find the language line "users title user_delete"
ERROR - 2023-05-31 03:11:36 --> Could not find the language line "users title user_delete"
ERROR - 2023-05-31 03:11:36 --> Could not find the language line "users title user_delete"
ERROR - 2023-05-31 03:11:41 --> Could not find the language line "users title user_delete"
ERROR - 2023-05-31 03:11:41 --> Could not find the language line "users title user_delete"
ERROR - 2023-05-31 03:11:46 --> Could not find the language line "users title user_delete"
ERROR - 2023-05-31 03:11:46 --> Could not find the language line "users title user_delete"
ERROR - 2023-05-31 03:21:26 --> Could not find the language line "users title user_delete"
ERROR - 2023-05-31 03:21:26 --> Could not find the language line "users title user_delete"
ERROR - 2023-05-31 03:21:41 --> Could not find the language line "users title user_delete"
ERROR - 2023-05-31 03:21:45 --> Could not find the language line "scheduling title period_add"
ERROR - 2023-05-31 03:21:45 --> Could not find the language line "contact input created"
ERROR - 2023-05-31 03:21:45 --> Could not find the language line "contact input created"
ERROR - 2023-05-31 03:21:55 --> Could not find the language line "users title user_delete"
ERROR - 2023-05-31 03:22:07 --> Could not find the language line "users title user_delete"
ERROR - 2023-05-31 03:24:09 --> Could not find the language line "scheduling title period_add"
ERROR - 2023-05-31 03:24:09 --> Could not find the language line "contact input created"
ERROR - 2023-05-31 03:24:09 --> Could not find the language line "contact input created"
ERROR - 2023-05-31 03:24:20 --> Could not find the language line "users title user_delete"
ERROR - 2023-05-31 03:24:33 --> Could not find the language line "users title user_delete"
ERROR - 2023-05-31 03:30:46 --> Could not find the language line "users title user_delete"
ERROR - 2023-05-31 04:09:40 --> Could not find the language line "users title user_delete"
ERROR - 2023-05-31 04:09:43 --> Could not find the language line "users title user_delete"
ERROR - 2023-05-31 04:09:44 --> Could not find the language line "users title user_delete"
ERROR - 2023-05-31 04:09:47 --> Could not find the language line "users title user_delete"
ERROR - 2023-05-31 04:09:48 --> Could not find the language line "users title user_delete"
ERROR - 2023-05-31 04:12:05 --> Could not find the language line "users title user_delete"
ERROR - 2023-05-31 04:18:45 --> Could not find the language line "scheduling title period_add"
ERROR - 2023-05-31 04:18:45 --> Could not find the language line "contact input created"
ERROR - 2023-05-31 04:18:45 --> Could not find the language line "contact input created"
ERROR - 2023-05-31 04:18:53 --> Could not find the language line "users title user_delete"
ERROR - 2023-05-31 04:19:05 --> Could not find the language line "users title user_delete"
ERROR - 2023-05-31 04:28:21 --> Could not find the language line "users title user_delete"
ERROR - 2023-05-31 04:28:21 --> Could not find the language line "users title user_delete"
ERROR - 2023-05-31 04:28:24 --> Could not find the language line "users title user_delete"
ERROR - 2023-05-31 04:28:30 --> Could not find the language line "users title user_delete"
ERROR - 2023-05-31 04:32:34 --> Could not find the language line "restaurants title user_add"
ERROR - 2023-05-31 04:33:33 --> Could not find the language line "restaurants title user_add"
ERROR - 2023-05-31 04:34:22 --> Could not find the language line "restaurants title user_add"
ERROR - 2023-05-31 04:34:39 --> Could not find the language line "employee title user_add"
ERROR - 2023-05-31 04:35:09 --> Could not find the language line "employee title user_add"
ERROR - 2023-05-31 04:35:51 --> Could not find the language line "scheduling title period_add"
ERROR - 2023-05-31 04:35:51 --> Could not find the language line "contact input created"
ERROR - 2023-05-31 04:35:51 --> Could not find the language line "contact input created"
ERROR - 2023-05-31 04:36:10 --> Could not find the language line "users title user_delete"
ERROR - 2023-05-31 04:36:15 --> Could not find the language line "scheduling title period_add"
ERROR - 2023-05-31 04:36:15 --> Could not find the language line "contact input created"
ERROR - 2023-05-31 04:36:15 --> Could not find the language line "contact input created"
ERROR - 2023-05-31 04:36:25 --> Could not find the language line "users title user_delete"
ERROR - 2023-05-31 04:36:25 --> Could not find the language line "users title user_delete"
ERROR - 2023-05-31 04:37:04 --> Could not find the language line "users title user_delete"
ERROR - 2023-05-31 04:37:04 --> Could not find the language line "users title user_delete"
ERROR - 2023-05-31 10:15:14 --> Severity: error --> Exception: Call to a member function get_restaurant() on null /Applications/MAMP/htdocs/Clockinout/application/controllers/admin/Employee.php 188
ERROR - 2023-05-31 10:15:43 --> Severity: error --> Exception: Call to a member function get_restaurant() on null /Applications/MAMP/htdocs/Clockinout/application/controllers/admin/Employee.php 188
ERROR - 2023-05-31 10:15:45 --> Severity: error --> Exception: Call to a member function get_restaurant() on null /Applications/MAMP/htdocs/Clockinout/application/controllers/admin/Employee.php 188
ERROR - 2023-05-31 10:15:47 --> Severity: error --> Exception: Call to a member function get_restaurant() on null /Applications/MAMP/htdocs/Clockinout/application/controllers/admin/Employee.php 188
ERROR - 2023-05-31 10:16:12 --> Severity: error --> Exception: Call to a member function get_restaurant() on null /Applications/MAMP/htdocs/Clockinout/application/controllers/admin/Employee.php 188
ERROR - 2023-05-31 10:16:13 --> Severity: error --> Exception: Call to a member function get_restaurant() on null /Applications/MAMP/htdocs/Clockinout/application/controllers/admin/Employee.php 188
ERROR - 2023-05-31 10:58:04 --> Could not find the language line "scheduling title period_add"
ERROR - 2023-05-31 10:58:04 --> Could not find the language line "contact input created"
ERROR - 2023-05-31 10:58:04 --> Could not find the language line "contact input created"
ERROR - 2023-05-31 10:58:51 --> Could not find the language line "scheduling title period_add"
ERROR - 2023-05-31 10:58:51 --> Could not find the language line "contact input created"
ERROR - 2023-05-31 10:58:51 --> Could not find the language line "contact input created"
ERROR - 2023-05-31 10:58:53 --> Could not find the language line "scheduling title period_add"
ERROR - 2023-05-31 10:58:53 --> Could not find the language line "contact input created"
ERROR - 2023-05-31 10:58:53 --> Could not find the language line "contact input created"
ERROR - 2023-05-31 10:58:55 --> Could not find the language line "scheduling title period_add"
ERROR - 2023-05-31 10:58:55 --> Could not find the language line "contact input created"
ERROR - 2023-05-31 10:58:55 --> Could not find the language line "contact input created"
ERROR - 2023-05-31 10:59:19 --> Could not find the language line "employee title user_add"
ERROR - 2023-05-31 10:59:22 --> Could not find the language line "contact input created"
ERROR - 2023-05-31 10:59:22 --> Could not find the language line "contact input created"
ERROR - 2023-05-31 10:59:41 --> Could not find the language line "users title user_delete"
ERROR - 2023-05-31 10:59:41 --> Could not find the language line "users title user_delete"
ERROR - 2023-05-31 11:01:16 --> Could not find the language line "users title user_delete"
ERROR - 2023-05-31 11:01:16 --> Could not find the language line "users title user_delete"
ERROR - 2023-05-31 11:09:43 --> Could not find the language line "users title user_delete"
ERROR - 2023-05-31 11:09:43 --> Could not find the language line "users title user_delete"
ERROR - 2023-05-31 11:10:31 --> Could not find the language line "users title user_delete"
ERROR - 2023-05-31 11:10:31 --> Could not find the language line "users title user_delete"
ERROR - 2023-05-31 11:10:52 --> Could not find the language line "users title user_delete"
ERROR - 2023-05-31 11:10:52 --> Could not find the language line "users title user_delete"
ERROR - 2023-05-31 11:27:29 --> Could not find the language line "users title user_delete"
ERROR - 2023-05-31 11:27:29 --> Could not find the language line "users title user_delete"
ERROR - 2023-05-31 11:31:20 --> Could not find the language line "users title user_delete"
ERROR - 2023-05-31 11:31:20 --> Could not find the language line "users title user_delete"
ERROR - 2023-05-31 11:32:03 --> Could not find the language line "users title user_delete"
ERROR - 2023-05-31 11:32:03 --> Could not find the language line "users title user_delete"
ERROR - 2023-05-31 11:54:26 --> Could not find the language line "users title user_delete"
ERROR - 2023-05-31 11:54:26 --> Could not find the language line "users title user_delete"
ERROR - 2023-05-31 11:54:32 --> Could not find the language line "users title user_delete"
ERROR - 2023-05-31 11:54:32 --> Could not find the language line "users title user_delete"
ERROR - 2023-05-31 11:59:36 --> Could not find the language line "users title user_delete"
ERROR - 2023-05-31 11:59:36 --> Could not find the language line "users title user_delete"
