ERROR - 2023-05-29 00:39:57 --> Could not find the language line "scheduling title scheduling_list"
ERROR - 2023-05-29 00:40:01 --> Could not find the language line "employee title employee_list"
ERROR - 2023-05-29 00:40:01 --> Could not find the language line "employee title employee_delete"
ERROR - 2023-05-29 00:40:01 --> Could not find the language line "employee title employee_delete"
ERROR - 2023-05-29 00:40:01 --> Could not find the language line "employee title employee_delete"
ERROR - 2023-05-29 00:40:11 --> Could not find the language line "employee msg delete_employee"
ERROR - 2023-05-29 00:40:11 --> Could not find the language line "employee title employee_list"
ERROR - 2023-05-29 00:40:11 --> Could not find the language line "employee title employee_delete"
ERROR - 2023-05-29 00:40:11 --> Could not find the language line "employee title employee_delete"
ERROR - 2023-05-29 03:57:41 --> Could not find the language line "restaurants title user_add"
ERROR - 2023-05-29 03:57:49 --> Could not find the language line "employee title employee_list"
ERROR - 2023-05-29 03:57:49 --> Could not find the language line "employee title employee_delete"
ERROR - 2023-05-29 03:57:49 --> Could not find the language line "employee title employee_delete"
ERROR - 2023-05-29 03:57:49 --> Could not find the language line "employee title employee_delete"
ERROR - 2023-05-29 03:57:49 --> Could not find the language line "employee title employee_delete"
ERROR - 2023-05-29 03:57:49 --> Could not find the language line "employee title employee_delete"
ERROR - 2023-05-29 03:57:54 --> Could not find the language line "employee msg delete_employee"
ERROR - 2023-05-29 03:57:54 --> Could not find the language line "employee title employee_list"
ERROR - 2023-05-29 03:57:54 --> Could not find the language line "employee title employee_delete"
ERROR - 2023-05-29 03:57:54 --> Could not find the language line "employee title employee_delete"
ERROR - 2023-05-29 03:57:54 --> Could not find the language line "employee title employee_delete"
ERROR - 2023-05-29 03:57:54 --> Could not find the language line "employee title employee_delete"
ERROR - 2023-05-29 03:58:23 --> Could not find the language line "employee title employee_list"
ERROR - 2023-05-29 03:58:23 --> Could not find the language line "employee title employee_delete"
ERROR - 2023-05-29 03:58:23 --> Could not find the language line "employee title employee_delete"
ERROR - 2023-05-29 03:58:23 --> Could not find the language line "employee title employee_delete"
ERROR - 2023-05-29 03:58:23 --> Could not find the language line "employee title employee_delete"
ERROR - 2023-05-29 03:58:23 --> Could not find the language line "employee title employee_delete"
ERROR - 2023-05-29 03:58:26 --> Could not find the language line "scheduling title scheduling_list"
ERROR - 2023-05-29 03:58:26 --> Could not find the language line "users title user_delete"
ERROR - 2023-05-29 03:58:32 --> Could not find the language line "employee title employee_list"
ERROR - 2023-05-29 03:58:32 --> Could not find the language line "employee title employee_delete"
ERROR - 2023-05-29 03:58:32 --> Could not find the language line "employee title employee_delete"
ERROR - 2023-05-29 03:58:32 --> Could not find the language line "employee title employee_delete"
ERROR - 2023-05-29 03:58:32 --> Could not find the language line "employee title employee_delete"
ERROR - 2023-05-29 03:58:32 --> Could not find the language line "employee title employee_delete"
ERROR - 2023-05-29 03:58:39 --> Could not find the language line "restaurants title user_add"
ERROR - 2023-05-29 03:59:32 --> Query error: Column count doesn't match value count at row 1 - Invalid query: 
                INSERT INTO restaurants (
                    name,
                    address,
                    phone,
                    email,
                    open_hour,
                    close_hour
                ) VALUES (
                    'To be Deleted agan',
                    'asdas',
                    '432432',
                    'abbise@gmail.com',
                    '11:59',
                    '16:00',
                    '23:00'
                )
            
ERROR - 2023-05-29 04:00:52 --> Could not find the language line "restaurants title user_add"
ERROR - 2023-05-29 04:01:22 --> Could not find the language line "restaurants title user_add"
ERROR - 2023-05-29 04:02:41 --> Could not find the language line "employee title employee_list"
ERROR - 2023-05-29 04:02:41 --> Could not find the language line "employee title employee_delete"
ERROR - 2023-05-29 04:02:41 --> Could not find the language line "employee title employee_delete"
ERROR - 2023-05-29 04:02:41 --> Could not find the language line "employee title employee_delete"
ERROR - 2023-05-29 04:02:41 --> Could not find the language line "employee title employee_delete"
ERROR - 2023-05-29 04:02:41 --> Could not find the language line "employee title employee_delete"
ERROR - 2023-05-29 04:02:44 --> Could not find the language line "employee msg delete_employee"
ERROR - 2023-05-29 04:02:44 --> Could not find the language line "employee title employee_list"
ERROR - 2023-05-29 04:02:44 --> Could not find the language line "employee title employee_delete"
ERROR - 2023-05-29 04:02:44 --> Could not find the language line "employee title employee_delete"
ERROR - 2023-05-29 04:02:44 --> Could not find the language line "employee title employee_delete"
ERROR - 2023-05-29 04:02:44 --> Could not find the language line "employee title employee_delete"
ERROR - 2023-05-29 04:58:42 --> Could not find the language line "employee title employee_list"
ERROR - 2023-05-29 04:58:42 --> Could not find the language line "employee title employee_delete"
ERROR - 2023-05-29 04:58:42 --> Could not find the language line "employee title employee_delete"
ERROR - 2023-05-29 04:58:42 --> Could not find the language line "employee title employee_delete"
ERROR - 2023-05-29 04:58:42 --> Could not find the language line "employee title employee_delete"
ERROR - 2023-05-29 04:59:53 --> Could not find the language line "employee msg delete_employee"
ERROR - 2023-05-29 05:13:05 --> Could not find the language line "scheduling title scheduling_list"
ERROR - 2023-05-29 05:13:14 --> Could not find the language line "scheduling title scheduling_list"
ERROR - 2023-05-29 05:13:14 --> Could not find the language line "users title user_delete"
ERROR - 2023-05-29 05:13:16 --> Could not find the language line "scheduling title period_add"
ERROR - 2023-05-29 05:13:16 --> Could not find the language line "contact input created"
ERROR - 2023-05-29 05:13:16 --> Could not find the language line "contact input created"
ERROR - 2023-05-29 05:13:25 --> Could not find the language line "scheduling msg add_scheduling_success"
ERROR - 2023-05-29 05:13:25 --> Could not find the language line "scheduling title scheduling_list"
ERROR - 2023-05-29 05:13:25 --> Could not find the language line "users title user_delete"
ERROR - 2023-05-29 05:13:25 --> Could not find the language line "users title user_delete"
ERROR - 2023-05-29 05:16:51 --> Could not find the language line "scheduling msg delete_scheduling"
ERROR - 2023-05-29 05:16:53 --> Could not find the language line "scheduling title scheduling_list"
ERROR - 2023-05-29 05:16:53 --> Could not find the language line "users title user_delete"
ERROR - 2023-05-29 05:48:44 --> Could not find the language line "scheduling title scheduling_list"
ERROR - 2023-05-29 11:40:43 --> Could not find the language line "scheduling title scheduling_list"
ERROR - 2023-05-29 11:40:57 --> Could not find the language line "scheduling title scheduling_list"
ERROR - 2023-05-29 11:41:20 --> Could not find the language line "scheduling title scheduling_list"
ERROR - 2023-05-29 11:41:20 --> Could not find the language line "users title user_delete"
ERROR - 2023-05-29 11:43:08 --> Could not find the language line "scheduling title scheduling_list"
ERROR - 2023-05-29 11:43:08 --> Could not find the language line "users title user_delete"
ERROR - 2023-05-29 11:44:37 --> Could not find the language line "users title user_delete"
ERROR - 2023-05-29 11:45:01 --> Could not find the language line "scheduling title scheduling_list"
ERROR - 2023-05-29 11:46:08 --> Could not find the language line "users title user_delete"
ERROR - 2023-05-29 11:48:10 --> Severity: Warning --> sprintf(): Too few arguments /Applications/MAMP/htdocs/Clockinout/application/controllers/admin/Scheduling.php 398
ERROR - 2023-05-29 11:49:46 --> Could not find the language line "users title user_delete"
ERROR - 2023-05-29 11:49:50 --> Severity: Warning --> sprintf(): Too few arguments /Applications/MAMP/htdocs/Clockinout/application/controllers/admin/Scheduling.php 398
ERROR - 2023-05-29 11:50:05 --> Could not find the language line "users title user_delete"
ERROR - 2023-05-29 11:51:04 --> Could not find the language line "users title user_delete"
ERROR - 2023-05-29 11:51:06 --> Severity: Warning --> sprintf(): Too few arguments /Applications/MAMP/htdocs/Clockinout/application/controllers/admin/Scheduling.php 398
ERROR - 2023-05-29 11:51:28 --> Could not find the language line "users title user_delete"
ERROR - 2023-05-29 11:52:47 --> Could not find the language line "users title user_delete"
ERROR - 2023-05-29 11:52:51 --> Severity: Warning --> sprintf(): Too few arguments /Applications/MAMP/htdocs/Clockinout/application/controllers/admin/Scheduling.php 398
ERROR - 2023-05-29 11:53:17 --> Could not find the language line "users title user_delete"
ERROR - 2023-05-29 11:53:20 --> Severity: Warning --> sprintf(): Too few arguments /Applications/MAMP/htdocs/Clockinout/application/controllers/admin/Scheduling.php 398
ERROR - 2023-05-29 11:54:11 --> Could not find the language line "users title user_delete"
ERROR - 2023-05-29 11:54:29 --> Could not find the language line "users title user_delete"
ERROR - 2023-05-29 11:54:32 --> Severity: Warning --> sprintf(): Too few arguments /Applications/MAMP/htdocs/Clockinout/application/controllers/admin/Scheduling.php 398
ERROR - 2023-05-29 11:54:57 --> Could not find the language line "users title user_delete"
ERROR - 2023-05-29 11:57:53 --> Could not find the language line "users title user_delete"
ERROR - 2023-05-29 11:57:57 --> Could not find the language line "users title user_delete"
ERROR - 2023-05-29 11:58:10 --> Severity: Warning --> sprintf(): Too few arguments /Applications/MAMP/htdocs/Clockinout/application/controllers/admin/Scheduling.php 398
ERROR - 2023-05-29 11:58:14 --> Could not find the language line "scheduling title period_add"
ERROR - 2023-05-29 11:58:14 --> Could not find the language line "contact input created"
ERROR - 2023-05-29 11:58:14 --> Could not find the language line "contact input created"
ERROR - 2023-05-29 11:58:23 --> Severity: Warning --> sprintf(): Too few arguments /Applications/MAMP/htdocs/Clockinout/application/controllers/admin/Scheduling.php 180
ERROR - 2023-05-29 11:58:23 --> Could not find the language line "users title user_delete"
ERROR - 2023-05-29 11:59:41 --> Could not find the language line "scheduling title period_add"
ERROR - 2023-05-29 11:59:41 --> Could not find the language line "contact input created"
ERROR - 2023-05-29 11:59:41 --> Could not find the language line "contact input created"
ERROR - 2023-05-29 11:59:50 --> Could not find the language line "users title user_delete"
ERROR - 2023-05-29 12:00:04 --> Severity: Warning --> sprintf(): Too few arguments /Applications/MAMP/htdocs/Clockinout/application/controllers/admin/Scheduling.php 398
ERROR - 2023-05-29 12:00:42 --> Could not find the language line "scheduling title period_add"
ERROR - 2023-05-29 12:00:42 --> Could not find the language line "contact input created"
ERROR - 2023-05-29 12:00:42 --> Could not find the language line "contact input created"
ERROR - 2023-05-29 12:00:50 --> Could not find the language line "users title user_delete"
ERROR - 2023-05-29 12:00:57 --> Severity: Warning --> sprintf(): Too few arguments /Applications/MAMP/htdocs/Clockinout/application/controllers/admin/Scheduling.php 398
ERROR - 2023-05-29 12:01:03 --> Could not find the language line "scheduling title period_add"
ERROR - 2023-05-29 12:01:03 --> Could not find the language line "contact input created"
ERROR - 2023-05-29 12:01:03 --> Could not find the language line "contact input created"
ERROR - 2023-05-29 12:01:13 --> Could not find the language line "users title user_delete"
ERROR - 2023-05-29 12:02:15 --> Could not find the language line "users title user_delete"
ERROR - 2023-05-29 12:02:30 --> Could not find the language line "scheduling title period_add"
ERROR - 2023-05-29 12:02:30 --> Could not find the language line "contact input created"
ERROR - 2023-05-29 12:02:30 --> Could not find the language line "contact input created"
ERROR - 2023-05-29 12:02:39 --> Could not find the language line "users title user_delete"
ERROR - 2023-05-29 15:30:49 --> Could not find the language line "users title user_delete"
ERROR - 2023-05-29 15:30:55 --> Could not find the language line "users title user_delete"
ERROR - 2023-05-29 15:32:20 --> Could not find the language line "scheduling title period_add"
ERROR - 2023-05-29 15:32:20 --> Could not find the language line "contact input created"
ERROR - 2023-05-29 15:32:20 --> Could not find the language line "contact input created"
ERROR - 2023-05-29 15:32:29 --> Could not find the language line "users title user_delete"
ERROR - 2023-05-29 15:33:12 --> Could not find the language line "users title user_delete"
ERROR - 2023-05-29 15:33:16 --> Could not find the language line "users title user_delete"
ERROR - 2023-05-29 15:39:44 --> Could not find the language line "users title user_delete"
ERROR - 2023-05-29 16:07:13 --> Could not find the language line "users title user_delete"
ERROR - 2023-05-29 16:07:17 --> Could not find the language line "users title user_delete"
ERROR - 2023-05-29 16:07:26 --> Could not find the language line "users title user_delete"
ERROR - 2023-05-29 16:07:53 --> Could not find the language line "users title user_delete"
ERROR - 2023-05-29 16:08:37 --> Could not find the language line "users title user_delete"
ERROR - 2023-05-29 16:08:52 --> Could not find the language line "users title user_delete"
ERROR - 2023-05-29 16:14:27 --> Could not find the language line "users title user_delete"
ERROR - 2023-05-29 16:15:48 --> Could not find the language line "users title user_delete"
ERROR - 2023-05-29 16:26:09 --> Could not find the language line "users title user_delete"
ERROR - 2023-05-29 16:43:48 --> Could not find the language line "users title user_delete"
ERROR - 2023-05-29 16:49:42 --> Could not find the language line "users title user_delete"
ERROR - 2023-05-29 17:18:00 --> Could not find the language line "users title user_delete"
ERROR - 2023-05-29 17:18:09 --> Query error: Column 'id_period' cannot be null - Invalid query: 
                INSERT INTO day_off (
                    id_employee,
                    id_period,
                    day,
                    type,
                    duration
                ) VALUES (
                    '5',
                    NULL,
                    NULL,
                    NULL,
                    NULL
                )
            
ERROR - 2023-05-29 17:18:29 --> Could not find the language line "users title user_delete"
ERROR - 2023-05-29 17:24:49 --> Query error: Column 'id_period' cannot be null - Invalid query: 
                INSERT INTO day_off (
                    id_employee,
                    id_period,
                    day,
                    type,
                    duration
                ) VALUES (
                    '5',
                    NULL,
                    NULL,
                    NULL,
                    NULL
                )
            
ERROR - 2023-05-29 17:26:10 --> Could not find the language line "users title user_delete"
ERROR - 2023-05-29 17:26:20 --> Could not find the language line "users title user_delete"
ERROR - 2023-05-29 17:34:18 --> Could not find the language line "users title user_delete"
ERROR - 2023-05-29 17:39:30 --> Could not find the language line "users title user_delete"
ERROR - 2023-05-29 17:40:06 --> Could not find the language line "users title user_delete"
